<?xml version="1.0" encoding="UTF-8"?>
<robot generator="Robot 6.1.1 (Python 3.11.5 on win32)" generated="20250928 19:51:41.284" rpa="false" schemaversion="4">
<suite id="s1" name="Avenga" source="C:\workspace\Avenga">
<suite id="s1-s1" name="Tests" source="C:\workspace\Avenga\tests">
<suite id="s1-s1-s1" name="Books" source="C:\workspace\Avenga\tests\Books.robot">
<kw name="Create Session To API" library="Settings" type="SETUP">
<kw name="Create Session" library="RequestsLibrary">
<arg>fakerestapi</arg>
<arg>${BASE_URL}</arg>
<arg>verify=${False}</arg>
<arg>disable_warnings=${True}</arg>
<doc>Create Session: create a HTTP session to a server</doc>
<msg timestamp="20250928 19:51:41.871" level="INFO">Creating Session using : alias=fakerestapi, url=https://fakerestapi.azurewebsites.net, headers={},                     cookies={}, auth=None, timeout=None, proxies=None, verify=False,                     debug=0 </msg>
<status status="PASS" starttime="20250928 19:51:41.867" endtime="20250928 19:51:41.871"/>
</kw>
<status status="PASS" starttime="20250928 19:51:41.867" endtime="20250928 19:51:41.871"/>
</kw>
<test id="s1-s1-s1-t1" name="TC01 Get All Books" line="15">
<kw name="GET On [/${API}/${VERSION}/Books] Endpoint And Validate That Status Code Is [200]" library="GET" sourcename="GET on [${ENDPOINT}] endpoint and validate that status code is [${EXPECTED_STATUS_CODE}]">
<doc>Send get request and validate status code</doc>
<kw name="GET On Session" library="RequestsLibrary">
<var>${Response}</var>
<arg>fakerestapi</arg>
<arg>url=${ENDPOINT}</arg>
<arg>expected_status=${EXPECTED_STATUS_CODE}</arg>
<doc>Sends a GET request on a previously created HTTP Session.</doc>
<msg timestamp="20250928 19:51:42.389" level="INFO">GET Request : url=https://fakerestapi.azurewebsites.net/api/v1/Books 
 path_url=/api/v1/Books 
 headers={'User-Agent': 'python-requests/2.31.0', 'Accept-Encoding': 'gzip, deflate', 'Accept': '*/*', 'Connection': 'keep-alive'} 
 body=None 
 </msg>
<msg timestamp="20250928 19:51:42.389" level="INFO">GET Response : url=https://fakerestapi.azurewebsites.net/api/v1/Books 
 status=200, reason=OK 
 headers={'Content-Type': 'application/json; charset=utf-8; v=1.0', 'Date': 'Sun, 28 Sep 2025 17:51:40 GMT', 'Server': 'Kestrel', 'Transfer-Encoding': 'chunked', 'api-supported-versions': '1.0'} 
 body=[{"id":1,"title":"Book 1","description":"Lorem lorem lorem. Lorem lorem lorem. Lorem lorem lorem.\n","pageCount":100,"excerpt":"Lorem lorem lorem. Lorem lorem lorem. Lorem lorem lorem.\nLorem lorem lorem. Lorem lorem lorem. Lorem lorem lorem.\nLorem lorem lorem. Lorem lorem lorem. Lorem lorem lorem.\nLorem lorem lorem. Lorem lorem lorem. Lorem lorem lorem.\nLorem lorem lorem. Lorem lorem lorem. Lorem lorem lorem.\n","publishDate":"2025-09-27T17:51:41.0522622+00:00"},{"id":2,"title":"Book 2","description":"Lorem lorem lorem. Lorem lorem lorem. Lorem lorem lorem.\n","pageCount":200,"excerpt":"Lorem lorem lorem. Lorem lorem lorem. Lorem lorem lorem.\nLorem lorem lorem. Lorem lorem lorem. Lorem lorem lorem.\nLorem lorem lorem. Lorem lorem lorem. Lorem lorem lorem.\nLorem lorem lorem. Lorem lorem lorem. Lorem lorem lorem.\nLorem lorem lorem. Lorem lorem lorem. Lorem lorem lorem.\n","publishDate":"2025-09-26T17:51:41.0535738+00:00"},{"id":3,"title":"Book 3","description":"Lorem lorem lorem. Lorem lorem lorem. Lorem lorem lorem.\n","pageCount":300,"excerpt":"Lorem lorem lorem. Lorem lorem lorem. Lorem lorem lorem.\nLorem lorem lorem. Lorem lorem lorem. Lorem lorem lorem.\nLorem lorem lorem. Lorem lorem lorem. Lorem lorem lorem.\nLorem lorem lorem. Lorem lorem lorem. Lorem lorem lorem.\nLorem lorem lorem. Lorem lorem lorem. Lorem lorem lorem.\n","publishDate":"2025-09-25T17:51:41.0543217+00:00"},{"id":4,"title":"Book 4","description":"Lorem lorem lorem. Lorem lorem lorem. Lorem lorem lorem.\n","pageCount":400,"excerpt":"Lorem lorem lorem. Lorem lorem lorem. Lorem lorem lorem.\nLorem lorem lorem. Lorem lorem lorem. Lorem lorem lorem.\nLorem lorem lorem. Lorem lorem lorem. Lorem lorem lorem.\nLorem lorem lorem. Lorem lorem lorem. Lorem lorem lorem.\nLorem lorem lorem. Lorem lorem lorem. Lorem lorem lorem.\n","publishDate":"2025-09-24T17:51:41.0543381+00:00"},{"id":5,"title":"Book 5","description":"Lorem lorem lorem. Lorem lorem lorem. Lorem lorem lorem.\n","pageCount":500,"excerpt":"Lorem lorem lorem. Lorem lorem lorem. Lorem lorem lorem.\nLorem lorem lorem. Lorem lorem lorem. Lorem lorem lorem.\nLorem lorem lorem. Lorem lorem lorem. Lorem lorem lorem.\nLorem lorem lorem. Lorem lorem lorem. Lorem lorem lorem.\nLorem lorem lorem. Lorem lorem lorem. Lorem lorem lorem.\n","publishDate":"2025-09-23T17:51:41.0560939+00:00"},{"id":6,"title":"Book 6","description":"Lorem lorem lorem. Lorem lorem lorem. Lorem lorem lorem.\n","pageCount":600,"excerpt":"Lorem lorem lorem. Lorem lorem lorem. Lorem lorem lorem.\nLorem lorem lorem. Lorem lorem lorem. Lorem lorem lorem.\nLorem lorem lorem. Lorem lorem lorem. Lorem lorem lorem.\nLorem lorem lorem. Lorem lorem lorem. Lorem lorem lorem.\nLorem lorem lorem. Lorem lorem lorem. Lorem lorem lorem.\n","publishDate":"2025-09-22T17:51:41.0564622+00:00"},{"id":7,"title":"Book 7","description":"Lorem lorem lorem. Lorem lorem lorem. Lorem lorem lorem.\n","pageCount":700,"excerpt":"Lorem lorem lorem. Lorem lorem lorem. Lorem lorem lorem.\nLorem lorem lorem. Lorem lorem lorem. Lorem lorem lorem.\nLorem lorem lorem. Lorem lorem lorem. Lorem lorem lorem.\nLorem lorem lorem. Lorem lorem lorem. Lorem lorem lorem.\nLorem lorem lorem. Lorem lorem lorem. Lorem lorem lorem.\n","publishDate":"2025-09-21T17:51:41.0582344+00:00"},{"id":8,"title":"Book 8","description":"Lorem lorem lorem. Lorem lorem lorem. Lorem lorem lorem.\n","pageCount":800,"excerpt":"Lorem lorem lorem. Lorem lorem lorem. Lorem lorem lorem.\nLorem lorem lorem. Lorem lorem lorem. Lorem lorem lorem.\nLorem lorem lorem. Lorem lorem lorem. Lorem lorem lorem.\nLorem lorem lorem. Lorem lorem lorem. Lorem lorem lorem.\nLorem lorem lorem. Lorem lorem lorem. Lorem lorem lorem.\n","publishDate":"2025-09-20T17:51:41.0588946+00:00"},{"id":9,"title":"Book 9","description":"Lorem lorem lorem. Lorem lorem lorem. Lorem lorem lorem.\n","pageCount":900,"excerpt":"Lorem lorem lorem. Lorem lorem lorem. Lorem lorem lorem.\nLorem lorem lorem. Lorem lorem lorem. Lorem lorem lorem.\nLorem lorem lorem. Lorem lorem lorem. Lorem lorem lorem.\nLorem lorem lorem. Lorem lorem lorem. Lorem lorem lorem.\nLorem lorem lorem. Lorem lorem lorem. Lorem lorem lorem.\n","publishDate":"2025-09-19T17:51:41.059866+00:00"},{"id":10,"title":"Book 10","description":"Lorem lorem lorem. Lorem lorem lorem. Lorem lorem lorem.\n","pageCount":1000,"excerpt":"Lorem lorem lorem. Lorem lorem lorem. Lorem lorem lorem.\nLorem lorem lorem. Lorem lorem lorem. Lorem lorem lorem.\nLorem lorem lorem. Lorem lorem lorem. Lorem lorem lorem.\nLorem lorem lorem. Lorem lorem lorem. Lorem lorem lorem.\nLorem lorem lorem. Lorem lorem lorem. Lorem lorem lorem.\n","publishDate":"2025-09-18T17:51:41.0598825+00:00"},{"id":11,"title":"Book 11","description":"Lorem lorem lorem. Lorem lorem lorem. Lorem lorem lorem.\n","pageCount":1100,"excerpt":"Lorem lorem lorem. Lorem lorem lorem. Lorem lorem lorem.\nLorem lorem lorem. Lorem lorem lorem. Lorem lorem lorem.\nLorem lorem lorem. Lorem lorem lorem. Lorem lorem lorem.\nLorem lorem lorem. Lorem lorem lorem. Lorem lorem lorem.\nLorem lorem lorem. Lorem lorem lorem. Lorem lorem lorem.\n","publishDate":"2025-09-17T17:51:41.0606534+00:00"},{"id":12,"title":"Book 12","description":"Lorem lorem lorem. Lorem lorem lorem. Lorem lorem lorem.\n","pageCount":1200,"excerpt":"Lorem lorem lorem. Lorem lorem lorem. Lorem lorem lorem.\nLorem lorem lorem. Lorem lorem lorem. Lorem lorem lorem.\nLorem lorem lorem. Lorem lorem lorem. Lorem lorem lorem.\nLorem lorem lorem. Lorem lorem lorem. Lorem lorem lorem.\nLorem lorem lorem. Lorem lorem lorem. Lorem lorem lorem.\n","publishDate":"2025-09-16T17:51:41.0610972+00:00"},{"id":13,"title":"Book 13","description":"Lorem lorem lorem. Lorem lorem lorem. Lorem lorem lorem.\n","pageCount":1300,"excerpt":"Lorem lorem lorem. Lorem lorem lorem. Lorem lorem lorem.\nLorem lorem lorem. Lorem lorem lorem. Lorem lorem lorem.\nLorem lorem lorem. Lorem lorem lorem. Lorem lorem lorem.\nLorem lorem lorem. Lorem lorem lorem. Lorem lorem lorem.\nLorem lorem lorem. Lorem lorem lorem. Lorem lorem lorem.\n","publishDate":"2025-09-15T17:51:41.0622517+00:00"},{"id":14,"title":"Book 14","description":"Lorem lorem lorem. Lorem lorem lorem. Lorem lorem lorem.\n","pageCount":1400,"excerpt":"Lorem lorem lorem. Lorem lorem lorem. Lorem lorem lorem.\nLorem lorem lorem. Lorem lorem lorem. Lorem lorem lorem.\nLorem lorem lorem. Lorem lorem lorem. Lorem lorem lorem.\nLorem lorem lorem. Lorem lorem lorem. Lorem lorem lorem.\nLorem lorem lorem. Lorem lorem lorem. Lorem lorem lorem.\n","publishDate":"2025-09-14T17:51:41.0629527+00:00"},{"id":15,"title":"Book 15","description":"Lorem lorem lorem. Lorem lorem lorem. Lorem lorem lorem.\n","pageCount":1500,"excerpt":"Lorem lorem lorem. Lorem lorem lorem. Lorem lorem lorem.\nLorem lorem lorem. Lorem lorem lorem. Lorem lorem lorem.\nLorem lorem lorem. Lorem lorem lorem. Lorem lorem lorem.\nLorem lorem lorem. Lorem lorem lorem. Lorem lorem lorem.\nLorem lorem lorem. Lorem lorem lorem. Lorem lorem lorem.\n","publishDate":"2025-09-13T17:51:41.0645629+00:00"},{"id":16,"title":"Book 16","description":"Lorem lorem lorem. Lorem lorem lorem. Lorem lorem lorem.\n","pageCount":1600,"excerpt":"Lorem lorem lorem. Lorem lorem lorem. Lorem lorem lorem.\nLorem lorem lorem. Lorem lorem lorem. Lorem lorem lorem.\nLorem lorem lorem. Lorem lorem lorem. Lorem lorem lorem.\nLorem lorem lorem. Lorem lorem lorem. Lorem lorem lorem.\nLorem lorem lorem. Lorem lorem lorem. Lorem lorem lorem.\n","publishDate":"2025-09-12T17:51:41.0645804+00:00"},{"id":17,"title":"Book 17","description":"Lorem lorem lorem. Lorem lorem lorem. Lorem lorem lorem.\n","pageCount":1700,"excerpt":"Lorem lorem lorem. Lorem lorem lorem. Lorem lorem lorem.\nLorem lorem lorem. Lorem lorem lorem. Lorem lorem lorem.\nLorem lorem lorem. Lorem lorem lorem. Lorem lorem lorem.\nLorem lorem lorem. Lorem lorem lorem. Lorem lorem lorem.\nLorem lorem lorem. Lorem lorem lorem. Lorem lorem lorem.\n","publishDate":"2025-09-11T17:51:41.0645936+00:00"},{"id":18,"title":"Book 18","description":"Lorem lorem lorem. Lorem lorem lorem. Lorem lorem lorem.\n","pageCount":1800,"excerpt":"Lorem lorem lorem. Lorem lorem lorem. Lorem lorem lorem.\nLorem lorem lorem. Lorem lorem lorem. Lorem lorem lorem.\nLorem lorem lorem. Lorem lorem lorem. Lorem lorem lorem.\nLorem lorem lorem. Lorem lorem lorem. Lorem lorem lorem.\nLorem lorem lorem. Lorem lorem lorem. Lorem lorem lorem.\n","publishDate":"2025-09-10T17:51:41.0655272+00:00"},{"id":19,"title":"Book 19","description":"Lorem lorem lorem. Lorem lorem lorem. Lorem lorem lorem.\n","pageCount":1900,"excerpt":"Lorem lorem lorem. Lorem lorem lorem. Lorem lorem lorem.\nLorem lorem lorem. Lorem lorem lorem. Lorem lorem lorem.\nLorem lorem lorem. Lorem lorem lorem. Lorem lorem lorem.\nLorem lorem lorem. Lorem lorem lorem. Lorem lorem lorem.\nLorem lorem lorem. Lorem lorem lorem. Lorem lorem lorem.\n","publishDate":"2025-09-09T17:51:41.0665362+00:00"},{"id":20,"title":"Book 20","description":"Lorem lorem lorem. Lorem lorem lorem. Lorem lorem lorem.\n","pageCount":2000,"excerpt":"Lorem lorem lorem. Lorem lorem lorem. Lorem lorem lorem.\nLorem lorem lorem. Lorem lorem lorem. Lorem lorem lorem.\nLorem lorem lorem. Lorem lorem lorem. Lorem lorem lorem.\nLorem lorem lorem. Lorem lorem lorem. Lorem lorem lorem.\nLorem lorem lorem. Lorem lorem lorem. Lorem lorem lorem.\n","publishDate":"2025-09-08T17:51:41.0673515+00:00"},{"id":21,"title":"Book 21","description":"Lorem lorem lorem. Lorem lorem lorem. Lorem lorem lorem.\n","pageCount":2100,"excerpt":"Lorem lorem lorem. Lorem lorem lorem. Lorem lorem lorem.\nLorem lorem lorem. Lorem lorem lorem. Lorem lorem lorem.\nLorem lorem lorem. Lorem lorem lorem. Lorem lorem lorem.\nLorem lorem lorem. Lorem lorem lorem. Lorem lorem lorem.\nLorem lorem lorem. Lorem lorem lorem. Lorem lorem lorem.\n","publishDate":"2025-09-07T17:51:41.0687504+00:00"},{"id":22,"title":"Book 22","description":"Lorem lorem lorem. Lorem lorem lorem. Lorem lorem lo... (set the log level to DEBUG or TRACE to see the full content) 
 </msg>
<msg timestamp="20250928 19:51:42.389" level="INFO">${Response} = &lt;Response [200]&gt;</msg>
<status status="PASS" starttime="20250928 19:51:41.871" endtime="20250928 19:51:42.389"/>
</kw>
<kw name="Run Keyword And Ignore Error" library="BuiltIn">
<var>${JSON_Response}</var>
<arg>Convert String To Json</arg>
<arg>${Response.content}</arg>
<doc>Runs the given keyword with the given arguments and ignores possible error.</doc>
<kw name="Convert String To Json" library="JSONLibrary">
<arg>${Response.content}</arg>
<doc>Convert String to JSON object</doc>
<status status="PASS" starttime="20250928 19:51:42.389" endtime="20250928 19:51:42.389"/>
</kw>
<msg timestamp="20250928 19:51:42.389" level="INFO">${JSON_Response} = ('PASS', [{'id': 1, 'title': 'Book 1', 'description': 'Lorem lorem lorem. Lorem lorem lorem. Lorem lorem lorem.\n', 'pageCount': 100, 'excerpt': 'Lorem lorem lorem. Lorem lorem lorem. Lorem lorem lore...</msg>
<status status="PASS" starttime="20250928 19:51:42.389" endtime="20250928 19:51:42.389"/>
</kw>
<kw name="Set Global Variable" library="BuiltIn">
<arg>${JSON_Response}</arg>
<doc>Makes a variable available globally in all tests and suites.</doc>
<msg timestamp="20250928 19:51:42.389" level="INFO">${JSON_Response} = ('PASS', [{'id': 1, 'title': 'Book 1', 'description': 'Lorem lorem lorem. Lorem lorem lorem. Lorem lorem lorem.\n', 'pageCount': 100, 'excerpt': 'Lorem lorem lorem. Lorem lorem lorem. Lorem lorem lore...</msg>
<status status="PASS" starttime="20250928 19:51:42.389" endtime="20250928 19:51:42.389"/>
</kw>
<kw name="Convert To String" library="BuiltIn">
<var>${Actual_Response_Body}</var>
<arg>${JSON_Response}</arg>
<doc>Converts the given item to a Unicode string.</doc>
<msg timestamp="20250928 19:51:42.389" level="INFO">${Actual_Response_Body} = ('PASS', [{'id': 1, 'title': 'Book 1', 'description': 'Lorem lorem lorem. Lorem lorem lorem. Lorem lorem lorem.\n', 'pageCount': 100, 'excerpt': 'Lorem lorem lorem. Lorem lorem lorem. Lorem lorem lore...</msg>
<status status="PASS" starttime="20250928 19:51:42.389" endtime="20250928 19:51:42.389"/>
</kw>
<kw name="Set Global Variable" library="BuiltIn">
<arg>${Actual_Response_Body}</arg>
<doc>Makes a variable available globally in all tests and suites.</doc>
<msg timestamp="20250928 19:51:42.389" level="INFO">${Actual_Response_Body} = ('PASS', [{'id': 1, 'title': 'Book 1', 'description': 'Lorem lorem lorem. Lorem lorem lorem. Lorem lorem lorem.\n', 'pageCount': 100, 'excerpt': 'Lorem lorem lorem. Lorem lorem lorem. Lorem lorem lore...</msg>
<status status="PASS" starttime="20250928 19:51:42.389" endtime="20250928 19:51:42.389"/>
</kw>
<status status="PASS" starttime="20250928 19:51:41.871" endtime="20250928 19:51:42.389"/>
</kw>
<kw name="Get From List" library="Collections">
<var>${booklist}</var>
<arg>${JSON_Response}</arg>
<arg>1</arg>
<doc>Returns the value specified with an ``index`` from ``list``.</doc>
<msg timestamp="20250928 19:51:42.389" level="INFO">${booklist} = [{'id': 1, 'title': 'Book 1', 'description': 'Lorem lorem lorem. Lorem lorem lorem. Lorem lorem lorem.\n', 'pageCount': 100, 'excerpt': 'Lorem lorem lorem. Lorem lorem lorem. Lorem lorem lorem.\nLorem...</msg>
<status status="PASS" starttime="20250928 19:51:42.389" endtime="20250928 19:51:42.389"/>
</kw>
<kw name="Get From List" library="Collections">
<var>${first_book}</var>
<arg>${booklist}</arg>
<arg>0</arg>
<doc>Returns the value specified with an ``index`` from ``list``.</doc>
<msg timestamp="20250928 19:51:42.389" level="INFO">${first_book} = {'id': 1, 'title': 'Book 1', 'description': 'Lorem lorem lorem. Lorem lorem lorem. Lorem lorem lorem.\n', 'pageCount': 100, 'excerpt': 'Lorem lorem lorem. Lorem lorem lorem. Lorem lorem lorem.\nLorem ...</msg>
<status status="PASS" starttime="20250928 19:51:42.389" endtime="20250928 19:51:42.389"/>
</kw>
<kw name="Get From Dictionary" library="Collections">
<var>${id}</var>
<arg>${first_book}</arg>
<arg>id</arg>
<doc>Returns a value from the given ``dictionary`` based on the given ``key``.</doc>
<msg timestamp="20250928 19:51:42.389" level="INFO">${id} = 1</msg>
<status status="PASS" starttime="20250928 19:51:42.389" endtime="20250928 19:51:42.389"/>
</kw>
<kw name="Get From Dictionary" library="Collections">
<var>${title}</var>
<arg>${first_book}</arg>
<arg>title</arg>
<doc>Returns a value from the given ``dictionary`` based on the given ``key``.</doc>
<msg timestamp="20250928 19:51:42.389" level="INFO">${title} = Book 1</msg>
<status status="PASS" starttime="20250928 19:51:42.389" endtime="20250928 19:51:42.389"/>
</kw>
<kw name="Get From Dictionary" library="Collections">
<var>${description}</var>
<arg>${first_book}</arg>
<arg>description</arg>
<doc>Returns a value from the given ``dictionary`` based on the given ``key``.</doc>
<msg timestamp="20250928 19:51:42.405" level="INFO">${description} = Lorem lorem lorem. Lorem lorem lorem. Lorem lorem lorem.
</msg>
<status status="PASS" starttime="20250928 19:51:42.405" endtime="20250928 19:51:42.405"/>
</kw>
<kw name="Get From Dictionary" library="Collections">
<var>${pageCount}</var>
<arg>${first_book}</arg>
<arg>pageCount</arg>
<doc>Returns a value from the given ``dictionary`` based on the given ``key``.</doc>
<msg timestamp="20250928 19:51:42.405" level="INFO">${pageCount} = 100</msg>
<status status="PASS" starttime="20250928 19:51:42.405" endtime="20250928 19:51:42.405"/>
</kw>
<kw name="Get From Dictionary" library="Collections">
<var>${excerpt}</var>
<arg>${first_book}</arg>
<arg>excerpt</arg>
<doc>Returns a value from the given ``dictionary`` based on the given ``key``.</doc>
<msg timestamp="20250928 19:51:42.405" level="INFO">${excerpt} = Lorem lorem lorem. Lorem lorem lorem. Lorem lorem lorem.
Lorem lorem lorem. Lorem lorem lorem. Lorem lorem lorem.
Lorem lorem lorem. Lorem lorem lorem. Lorem lorem lorem.
Lorem lorem lorem. Lorem lore...</msg>
<status status="PASS" starttime="20250928 19:51:42.405" endtime="20250928 19:51:42.405"/>
</kw>
<kw name="Get From Dictionary" library="Collections">
<var>${publishDate}</var>
<arg>${first_book}</arg>
<arg>publishDate</arg>
<doc>Returns a value from the given ``dictionary`` based on the given ``key``.</doc>
<msg timestamp="20250928 19:51:42.405" level="INFO">${publishDate} = 2025-09-27T17:51:41.0522622+00:00</msg>
<status status="PASS" starttime="20250928 19:51:42.405" endtime="20250928 19:51:42.405"/>
</kw>
<kw name="Should Be Equal As Integers" library="BuiltIn">
<arg>${id}</arg>
<arg>1</arg>
<doc>Fails if objects are unequal after converting them to integers.</doc>
<msg timestamp="20250928 19:51:42.405" level="INFO">Argument types are:
&lt;class 'int'&gt;
&lt;class 'str'&gt;</msg>
<status status="PASS" starttime="20250928 19:51:42.405" endtime="20250928 19:51:42.405"/>
</kw>
<kw name="Should Be Equal" library="BuiltIn">
<arg>${title}</arg>
<arg>Book 1</arg>
<doc>Fails if the given objects are unequal.</doc>
<status status="PASS" starttime="20250928 19:51:42.405" endtime="20250928 19:51:42.405"/>
</kw>
<kw name="Should Contain" library="BuiltIn">
<arg>${description}</arg>
<arg>Lorem lorem lorem.</arg>
<doc>Fails if ``container`` does not contain ``item`` one or more times.</doc>
<status status="PASS" starttime="20250928 19:51:42.421" endtime="20250928 19:51:42.421"/>
</kw>
<kw name="Should Be Equal As Integers" library="BuiltIn">
<arg>${pageCount}</arg>
<arg>100</arg>
<doc>Fails if objects are unequal after converting them to integers.</doc>
<msg timestamp="20250928 19:51:42.421" level="INFO">Argument types are:
&lt;class 'int'&gt;
&lt;class 'str'&gt;</msg>
<status status="PASS" starttime="20250928 19:51:42.421" endtime="20250928 19:51:42.421"/>
</kw>
<kw name="Should Contain" library="BuiltIn">
<arg>${excerpt}</arg>
<arg>Lorem lorem lorem.</arg>
<doc>Fails if ``container`` does not contain ``item`` one or more times.</doc>
<status status="PASS" starttime="20250928 19:51:42.421" endtime="20250928 19:51:42.421"/>
</kw>
<kw name="Should Match Regexp" library="BuiltIn">
<arg>${publishDate}</arg>
<arg>^\\d{4}-\\d{2}-\\d{2}T\\d{2}:\\d{2}:\\d{2}(\\.\\d+)?([+-]\\d{2}:\\d{2}|Z)$</arg>
<doc>Fails if ``string`` does not match ``pattern`` as a regular expression.</doc>
<status status="PASS" starttime="20250928 19:51:42.421" endtime="20250928 19:51:42.421"/>
</kw>
<doc>Get All Books</doc>
<tag>C001</tag>
<status status="PASS" starttime="20250928 19:51:41.871" endtime="20250928 19:51:42.421"/>
</test>
<test id="s1-s1-s1-t2" name="TC02 Get Book By Valid Id" line="38">
<kw name="GET On [/${API}/${VERSION}/Books/1] Endpoint And Validate That Status Code Is [200]" library="GET" sourcename="GET on [${ENDPOINT}] endpoint and validate that status code is [${EXPECTED_STATUS_CODE}]">
<doc>Send get request and validate status code</doc>
<kw name="GET On Session" library="RequestsLibrary">
<var>${Response}</var>
<arg>fakerestapi</arg>
<arg>url=${ENDPOINT}</arg>
<arg>expected_status=${EXPECTED_STATUS_CODE}</arg>
<doc>Sends a GET request on a previously created HTTP Session.</doc>
<msg timestamp="20250928 19:51:42.532" level="INFO">GET Request : url=https://fakerestapi.azurewebsites.net/api/v1/Books/1 
 path_url=/api/v1/Books/1 
 headers={'User-Agent': 'python-requests/2.31.0', 'Accept-Encoding': 'gzip, deflate', 'Accept': '*/*', 'Connection': 'keep-alive'} 
 body=None 
 </msg>
<msg timestamp="20250928 19:51:42.532" level="INFO">GET Response : url=https://fakerestapi.azurewebsites.net/api/v1/Books/1 
 status=200, reason=OK 
 headers={'Content-Type': 'application/json; charset=utf-8; v=1.0', 'Date': 'Sun, 28 Sep 2025 17:51:41 GMT', 'Server': 'Kestrel', 'Transfer-Encoding': 'chunked', 'api-supported-versions': '1.0'} 
 body={"id":1,"title":"Book 1","description":"Lorem lorem lorem. Lorem lorem lorem. Lorem lorem lorem.\n","pageCount":100,"excerpt":"Lorem lorem lorem. Lorem lorem lorem. Lorem lorem lorem.\nLorem lorem lorem. Lorem lorem lorem. Lorem lorem lorem.\nLorem lorem lorem. Lorem lorem lorem. Lorem lorem lorem.\nLorem lorem lorem. Lorem lorem lorem. Lorem lorem lorem.\nLorem lorem lorem. Lorem lorem lorem. Lorem lorem lorem.\n","publishDate":"2025-09-27T17:51:41.3119755+00:00"} 
 </msg>
<msg timestamp="20250928 19:51:42.532" level="INFO">${Response} = &lt;Response [200]&gt;</msg>
<status status="PASS" starttime="20250928 19:51:42.421" endtime="20250928 19:51:42.532"/>
</kw>
<kw name="Run Keyword And Ignore Error" library="BuiltIn">
<var>${JSON_Response}</var>
<arg>Convert String To Json</arg>
<arg>${Response.content}</arg>
<doc>Runs the given keyword with the given arguments and ignores possible error.</doc>
<kw name="Convert String To Json" library="JSONLibrary">
<arg>${Response.content}</arg>
<doc>Convert String to JSON object</doc>
<status status="PASS" starttime="20250928 19:51:42.532" endtime="20250928 19:51:42.532"/>
</kw>
<msg timestamp="20250928 19:51:42.532" level="INFO">${JSON_Response} = ('PASS', {'id': 1, 'title': 'Book 1', 'description': 'Lorem lorem lorem. Lorem lorem lorem. Lorem lorem lorem.\n', 'pageCount': 100, 'excerpt': 'Lorem lorem lorem. Lorem lorem lorem. Lorem lorem lorem...</msg>
<status status="PASS" starttime="20250928 19:51:42.532" endtime="20250928 19:51:42.532"/>
</kw>
<kw name="Set Global Variable" library="BuiltIn">
<arg>${JSON_Response}</arg>
<doc>Makes a variable available globally in all tests and suites.</doc>
<msg timestamp="20250928 19:51:42.532" level="INFO">${JSON_Response} = ('PASS', {'id': 1, 'title': 'Book 1', 'description': 'Lorem lorem lorem. Lorem lorem lorem. Lorem lorem lorem.\n', 'pageCount': 100, 'excerpt': 'Lorem lorem lorem. Lorem lorem lorem. Lorem lorem lorem...</msg>
<status status="PASS" starttime="20250928 19:51:42.532" endtime="20250928 19:51:42.532"/>
</kw>
<kw name="Convert To String" library="BuiltIn">
<var>${Actual_Response_Body}</var>
<arg>${JSON_Response}</arg>
<doc>Converts the given item to a Unicode string.</doc>
<msg timestamp="20250928 19:51:42.548" level="INFO">${Actual_Response_Body} = ('PASS', {'id': 1, 'title': 'Book 1', 'description': 'Lorem lorem lorem. Lorem lorem lorem. Lorem lorem lorem.\n', 'pageCount': 100, 'excerpt': 'Lorem lorem lorem. Lorem lorem lorem. Lorem lorem lorem...</msg>
<status status="PASS" starttime="20250928 19:51:42.532" endtime="20250928 19:51:42.548"/>
</kw>
<kw name="Set Global Variable" library="BuiltIn">
<arg>${Actual_Response_Body}</arg>
<doc>Makes a variable available globally in all tests and suites.</doc>
<msg timestamp="20250928 19:51:42.548" level="INFO">${Actual_Response_Body} = ('PASS', {'id': 1, 'title': 'Book 1', 'description': 'Lorem lorem lorem. Lorem lorem lorem. Lorem lorem lorem.\n', 'pageCount': 100, 'excerpt': 'Lorem lorem lorem. Lorem lorem lorem. Lorem lorem lorem...</msg>
<status status="PASS" starttime="20250928 19:51:42.548" endtime="20250928 19:51:42.548"/>
</kw>
<status status="PASS" starttime="20250928 19:51:42.421" endtime="20250928 19:51:42.548"/>
</kw>
<kw name="Validate That The Response Contains ['id': 1] Data" library="Validations" sourcename="Validate that the response contains [${EXPECTED_DATA}] data">
<doc>Validation of response</doc>
<kw name="Should Contain" library="BuiltIn">
<arg>${Actual_Response_Body}</arg>
<arg>${EXPECTED_DATA}</arg>
<arg>ignore_case=${False}</arg>
<doc>Fails if ``container`` does not contain ``item`` one or more times.</doc>
<status status="PASS" starttime="20250928 19:51:42.548" endtime="20250928 19:51:42.548"/>
</kw>
<status status="PASS" starttime="20250928 19:51:42.548" endtime="20250928 19:51:42.548"/>
</kw>
<kw name="Validate That The Response Contains ['title': 'Book 1'] Data" library="Validations" sourcename="Validate that the response contains [${EXPECTED_DATA}] data">
<doc>Validation of response</doc>
<kw name="Should Contain" library="BuiltIn">
<arg>${Actual_Response_Body}</arg>
<arg>${EXPECTED_DATA}</arg>
<arg>ignore_case=${False}</arg>
<doc>Fails if ``container`` does not contain ``item`` one or more times.</doc>
<status status="PASS" starttime="20250928 19:51:42.548" endtime="20250928 19:51:42.548"/>
</kw>
<status status="PASS" starttime="20250928 19:51:42.548" endtime="20250928 19:51:42.548"/>
</kw>
<doc>Get Book By Valid Id</doc>
<tag>C002</tag>
<status status="PASS" starttime="20250928 19:51:42.421" endtime="20250928 19:51:42.548"/>
</test>
<test id="s1-s1-s1-t3" name="TC03 Create Book With Valid Payload" line="45">
<kw name="Generate Random String" library="String">
<var>${first_digit}</var>
<arg>1</arg>
<arg>123456789</arg>
<doc>Generates a string with a desired ``length`` from the given ``chars``.</doc>
<msg timestamp="20250928 19:51:42.548" level="INFO">${first_digit} = 7</msg>
<status status="PASS" starttime="20250928 19:51:42.548" endtime="20250928 19:51:42.548"/>
</kw>
<kw name="Generate Random String" library="String">
<var>${rest}</var>
<arg>4</arg>
<arg>[NUMBERS]</arg>
<doc>Generates a string with a desired ``length`` from the given ``chars``.</doc>
<msg timestamp="20250928 19:51:42.564" level="INFO">${rest} = 8799</msg>
<status status="PASS" starttime="20250928 19:51:42.564" endtime="20250928 19:51:42.564"/>
</kw>
<kw name="Set Variable" library="BuiltIn">
<var>${rnd_id}</var>
<arg>${first_digit}${rest}</arg>
<doc>Returns the given values which can then be assigned to a variables.</doc>
<msg timestamp="20250928 19:51:42.564" level="INFO">${rnd_id} = 78799</msg>
<status status="PASS" starttime="20250928 19:51:42.564" endtime="20250928 19:51:42.564"/>
</kw>
<kw name="Generate Random String" library="String">
<var>${rnd_title}</var>
<arg>5</arg>
<arg>[LETTERS]</arg>
<doc>Generates a string with a desired ``length`` from the given ``chars``.</doc>
<msg timestamp="20250928 19:51:42.564" level="INFO">${rnd_title} = CLzcF</msg>
<status status="PASS" starttime="20250928 19:51:42.564" endtime="20250928 19:51:42.564"/>
</kw>
<kw name="Generate Random String" library="String">
<var>${rnd_desc}</var>
<arg>15</arg>
<arg>[LETTERS]</arg>
<doc>Generates a string with a desired ``length`` from the given ``chars``.</doc>
<msg timestamp="20250928 19:51:42.564" level="INFO">${rnd_desc} = YprPENgaBWUTosO</msg>
<status status="PASS" starttime="20250928 19:51:42.564" endtime="20250928 19:51:42.564"/>
</kw>
<kw name="Create Dictionary" library="BuiltIn">
<var>${PAYLOAD}</var>
<arg>id=${rnd_id}</arg>
<arg>title=${rnd_title}</arg>
<arg>description=${rnd_desc}</arg>
<arg>pageCount=200</arg>
<arg>excerpt=Sample excerpt</arg>
<arg>publishDate=2025-01-01T00:00:00</arg>
<doc>Creates and returns a dictionary based on the given ``items``.</doc>
<msg timestamp="20250928 19:51:42.564" level="INFO">${PAYLOAD} = {'id': '78799', 'title': 'CLzcF', 'description': 'YprPENgaBWUTosO', 'pageCount': '200', 'excerpt': 'Sample excerpt', 'publishDate': '2025-01-01T00:00:00'}</msg>
<status status="PASS" starttime="20250928 19:51:42.564" endtime="20250928 19:51:42.564"/>
</kw>
<kw name="POST On [/${API}/${VERSION}/Books] Endpoint With Payload [${PAYLOAD}] And Validate Status Code Is [200]" library="POST" sourcename="POST On [${THE_ENDPOINT}] Endpoint With Payload [${PAYLOAD}] And Validate Status Code Is [${EXPECTED_STATUS_CODE}]">
<doc>Send post request and validate status code</doc>
<kw name="POST On Session" library="RequestsLibrary">
<var>${Response}</var>
<arg>fakerestapi</arg>
<arg>url=${THE_ENDPOINT}</arg>
<arg>json=${PAYLOAD}</arg>
<arg>expected_status=${EXPECTED_STATUS_CODE}</arg>
<doc>Sends a POST request on a previously created HTTP Session.</doc>
<msg timestamp="20250928 19:51:42.611" level="INFO">POST Request : url=https://fakerestapi.azurewebsites.net/api/v1/Books 
 path_url=/api/v1/Books 
 headers={'User-Agent': 'python-requests/2.31.0', 'Accept-Encoding': 'gzip, deflate', 'Accept': '*/*', 'Connection': 'keep-alive', 'Content-Length': '154', 'Content-Type': 'application/json'} 
 body=b'{"id": "78799", "title": "CLzcF", "description": "YprPENgaBWUTosO", "pageCount": "200", "excerpt": "Sample excerpt", "publishDate": "2025-01-01T00:00:00"}' 
 </msg>
<msg timestamp="20250928 19:51:42.611" level="INFO">POST Response : url=https://fakerestapi.azurewebsites.net/api/v1/Books 
 status=200, reason=OK 
 headers={'Content-Type': 'application/json; charset=utf-8; v=1.0', 'Date': 'Sun, 28 Sep 2025 17:51:41 GMT', 'Server': 'Kestrel', 'Transfer-Encoding': 'chunked', 'api-supported-versions': '1.0'} 
 body={"id":78799,"title":"CLzcF","description":"YprPENgaBWUTosO","pageCount":200,"excerpt":"Sample excerpt","publishDate":"2025-01-01T00:00:00"} 
 </msg>
<msg timestamp="20250928 19:51:42.611" level="INFO">${Response} = &lt;Response [200]&gt;</msg>
<status status="PASS" starttime="20250928 19:51:42.564" endtime="20250928 19:51:42.611"/>
</kw>
<kw name="Run Keyword And Ignore Error" library="BuiltIn">
<var>${JSON_Response}</var>
<arg>Convert String To Json</arg>
<arg>${Response.content}</arg>
<doc>Runs the given keyword with the given arguments and ignores possible error.</doc>
<kw name="Convert String To Json" library="JSONLibrary">
<arg>${Response.content}</arg>
<doc>Convert String to JSON object</doc>
<status status="PASS" starttime="20250928 19:51:42.611" endtime="20250928 19:51:42.611"/>
</kw>
<msg timestamp="20250928 19:51:42.611" level="INFO">${JSON_Response} = ('PASS', {'id': 78799, 'title': 'CLzcF', 'description': 'YprPENgaBWUTosO', 'pageCount': 200, 'excerpt': 'Sample excerpt', 'publishDate': '2025-01-01T00:00:00'})</msg>
<status status="PASS" starttime="20250928 19:51:42.611" endtime="20250928 19:51:42.611"/>
</kw>
<kw name="Set Global Variable" library="BuiltIn">
<arg>${JSON_Response}</arg>
<doc>Makes a variable available globally in all tests and suites.</doc>
<msg timestamp="20250928 19:51:42.611" level="INFO">${JSON_Response} = ('PASS', {'id': 78799, 'title': 'CLzcF', 'description': 'YprPENgaBWUTosO', 'pageCount': 200, 'excerpt': 'Sample excerpt', 'publishDate': '2025-01-01T00:00:00'})</msg>
<status status="PASS" starttime="20250928 19:51:42.611" endtime="20250928 19:51:42.611"/>
</kw>
<kw name="Convert To String" library="BuiltIn">
<var>${Actual_Response_Body}</var>
<arg>${JSON_Response}</arg>
<doc>Converts the given item to a Unicode string.</doc>
<msg timestamp="20250928 19:51:42.611" level="INFO">${Actual_Response_Body} = ('PASS', {'id': 78799, 'title': 'CLzcF', 'description': 'YprPENgaBWUTosO', 'pageCount': 200, 'excerpt': 'Sample excerpt', 'publishDate': '2025-01-01T00:00:00'})</msg>
<status status="PASS" starttime="20250928 19:51:42.611" endtime="20250928 19:51:42.611"/>
</kw>
<kw name="Set Global Variable" library="BuiltIn">
<arg>${Actual_Response_Body}</arg>
<doc>Makes a variable available globally in all tests and suites.</doc>
<msg timestamp="20250928 19:51:42.611" level="INFO">${Actual_Response_Body} = ('PASS', {'id': 78799, 'title': 'CLzcF', 'description': 'YprPENgaBWUTosO', 'pageCount': 200, 'excerpt': 'Sample excerpt', 'publishDate': '2025-01-01T00:00:00'})</msg>
<status status="PASS" starttime="20250928 19:51:42.611" endtime="20250928 19:51:42.611"/>
</kw>
<status status="PASS" starttime="20250928 19:51:42.564" endtime="20250928 19:51:42.611"/>
</kw>
<kw name="Validate That The Response Contains ['id': ${rnd_id}] Data" library="Validations" sourcename="Validate that the response contains [${EXPECTED_DATA}] data">
<doc>Validation of response</doc>
<kw name="Should Contain" library="BuiltIn">
<arg>${Actual_Response_Body}</arg>
<arg>${EXPECTED_DATA}</arg>
<arg>ignore_case=${False}</arg>
<doc>Fails if ``container`` does not contain ``item`` one or more times.</doc>
<status status="PASS" starttime="20250928 19:51:42.611" endtime="20250928 19:51:42.611"/>
</kw>
<status status="PASS" starttime="20250928 19:51:42.611" endtime="20250928 19:51:42.611"/>
</kw>
<kw name="Validate That The Response Contains ['title': '${rnd_title}'] Data" library="Validations" sourcename="Validate that the response contains [${EXPECTED_DATA}] data">
<doc>Validation of response</doc>
<kw name="Should Contain" library="BuiltIn">
<arg>${Actual_Response_Body}</arg>
<arg>${EXPECTED_DATA}</arg>
<arg>ignore_case=${False}</arg>
<doc>Fails if ``container`` does not contain ``item`` one or more times.</doc>
<status status="PASS" starttime="20250928 19:51:42.611" endtime="20250928 19:51:42.611"/>
</kw>
<status status="PASS" starttime="20250928 19:51:42.611" endtime="20250928 19:51:42.611"/>
</kw>
<kw name="Validate That The Response Contains ['description': '${rnd_desc}'] Data" library="Validations" sourcename="Validate that the response contains [${EXPECTED_DATA}] data">
<doc>Validation of response</doc>
<kw name="Should Contain" library="BuiltIn">
<arg>${Actual_Response_Body}</arg>
<arg>${EXPECTED_DATA}</arg>
<arg>ignore_case=${False}</arg>
<doc>Fails if ``container`` does not contain ``item`` one or more times.</doc>
<status status="PASS" starttime="20250928 19:51:42.611" endtime="20250928 19:51:42.611"/>
</kw>
<status status="PASS" starttime="20250928 19:51:42.611" endtime="20250928 19:51:42.611"/>
</kw>
<doc>Create Book With Valid Payload</doc>
<tag>C003</tag>
<status status="PASS" starttime="20250928 19:51:42.548" endtime="20250928 19:51:42.611"/>
</test>
<test id="s1-s1-s1-t4" name="TC04 Update Book With Valid Payload" line="59">
<kw name="Create Dictionary" library="BuiltIn">
<var>${PAYLOAD}</var>
<arg>id=1</arg>
<arg>title=Updated Book</arg>
<arg>description=Updated Desc</arg>
<arg>pageCount=150</arg>
<arg>excerpt=Updated excerpt</arg>
<arg>publishDate=2025-01-01T00:00:00</arg>
<doc>Creates and returns a dictionary based on the given ``items``.</doc>
<msg timestamp="20250928 19:51:42.611" level="INFO">${PAYLOAD} = {'id': '1', 'title': 'Updated Book', 'description': 'Updated Desc', 'pageCount': '150', 'excerpt': 'Updated excerpt', 'publishDate': '2025-01-01T00:00:00'}</msg>
<status status="PASS" starttime="20250928 19:51:42.611" endtime="20250928 19:51:42.611"/>
</kw>
<kw name="PUT On [/${API}/${VERSION}/Books/1] Endpoint With Payload [${PAYLOAD}] And Validate Status Code Is [200]" library="PUT" sourcename="PUT On [${THE_ENDPOINT}] Endpoint With Payload [${PAYLOAD}] And Validate Status Code Is [${EXPECTED_STATUS_CODE}]">
<doc>Send put request and validate status code</doc>
<kw name="PUT On Session" library="RequestsLibrary">
<var>${Response}</var>
<arg>fakerestapi</arg>
<arg>url=${THE_ENDPOINT}</arg>
<arg>json=${PAYLOAD}</arg>
<arg>expected_status=${EXPECTED_STATUS_CODE}</arg>
<doc>Sends a PUT request on a previously created HTTP Session.</doc>
<msg timestamp="20250928 19:51:42.659" level="INFO">PUT Request : url=https://fakerestapi.azurewebsites.net/api/v1/Books/1 
 path_url=/api/v1/Books/1 
 headers={'User-Agent': 'python-requests/2.31.0', 'Accept-Encoding': 'gzip, deflate', 'Accept': '*/*', 'Connection': 'keep-alive', 'Content-Length': '155', 'Content-Type': 'application/json'} 
 body=b'{"id": "1", "title": "Updated Book", "description": "Updated Desc", "pageCount": "150", "excerpt": "Updated excerpt", "publishDate": "2025-01-01T00:00:00"}' 
 </msg>
<msg timestamp="20250928 19:51:42.659" level="INFO">PUT Response : url=https://fakerestapi.azurewebsites.net/api/v1/Books/1 
 status=200, reason=OK 
 headers={'Content-Type': 'application/json; charset=utf-8; v=1.0', 'Date': 'Sun, 28 Sep 2025 17:51:41 GMT', 'Server': 'Kestrel', 'Transfer-Encoding': 'chunked', 'api-supported-versions': '1.0'} 
 body={"id":1,"title":"Updated Book","description":"Updated Desc","pageCount":150,"excerpt":"Updated excerpt","publishDate":"2025-01-01T00:00:00"} 
 </msg>
<msg timestamp="20250928 19:51:42.659" level="INFO">${Response} = &lt;Response [200]&gt;</msg>
<status status="PASS" starttime="20250928 19:51:42.611" endtime="20250928 19:51:42.659"/>
</kw>
<kw name="Run Keyword And Ignore Error" library="BuiltIn">
<var>${JSON_Response}</var>
<arg>Convert String To Json</arg>
<arg>${Response.content}</arg>
<doc>Runs the given keyword with the given arguments and ignores possible error.</doc>
<kw name="Convert String To Json" library="JSONLibrary">
<arg>${Response.content}</arg>
<doc>Convert String to JSON object</doc>
<status status="PASS" starttime="20250928 19:51:42.659" endtime="20250928 19:51:42.675"/>
</kw>
<msg timestamp="20250928 19:51:42.675" level="INFO">${JSON_Response} = ('PASS', {'id': 1, 'title': 'Updated Book', 'description': 'Updated Desc', 'pageCount': 150, 'excerpt': 'Updated excerpt', 'publishDate': '2025-01-01T00:00:00'})</msg>
<status status="PASS" starttime="20250928 19:51:42.659" endtime="20250928 19:51:42.675"/>
</kw>
<kw name="Set Global Variable" library="BuiltIn">
<arg>${JSON_Response}</arg>
<doc>Makes a variable available globally in all tests and suites.</doc>
<msg timestamp="20250928 19:51:42.675" level="INFO">${JSON_Response} = ('PASS', {'id': 1, 'title': 'Updated Book', 'description': 'Updated Desc', 'pageCount': 150, 'excerpt': 'Updated excerpt', 'publishDate': '2025-01-01T00:00:00'})</msg>
<status status="PASS" starttime="20250928 19:51:42.675" endtime="20250928 19:51:42.675"/>
</kw>
<kw name="Convert To String" library="BuiltIn">
<var>${Actual_Response_Body}</var>
<arg>${JSON_Response}</arg>
<doc>Converts the given item to a Unicode string.</doc>
<msg timestamp="20250928 19:51:42.675" level="INFO">${Actual_Response_Body} = ('PASS', {'id': 1, 'title': 'Updated Book', 'description': 'Updated Desc', 'pageCount': 150, 'excerpt': 'Updated excerpt', 'publishDate': '2025-01-01T00:00:00'})</msg>
<status status="PASS" starttime="20250928 19:51:42.675" endtime="20250928 19:51:42.675"/>
</kw>
<kw name="Set Global Variable" library="BuiltIn">
<arg>${Actual_Response_Body}</arg>
<doc>Makes a variable available globally in all tests and suites.</doc>
<msg timestamp="20250928 19:51:42.675" level="INFO">${Actual_Response_Body} = ('PASS', {'id': 1, 'title': 'Updated Book', 'description': 'Updated Desc', 'pageCount': 150, 'excerpt': 'Updated excerpt', 'publishDate': '2025-01-01T00:00:00'})</msg>
<status status="PASS" starttime="20250928 19:51:42.675" endtime="20250928 19:51:42.675"/>
</kw>
<status status="PASS" starttime="20250928 19:51:42.611" endtime="20250928 19:51:42.675"/>
</kw>
<kw name="Validate That The Response Contains ['title': 'Updated Book'] Data" library="Validations" sourcename="Validate that the response contains [${EXPECTED_DATA}] data">
<doc>Validation of response</doc>
<kw name="Should Contain" library="BuiltIn">
<arg>${Actual_Response_Body}</arg>
<arg>${EXPECTED_DATA}</arg>
<arg>ignore_case=${False}</arg>
<doc>Fails if ``container`` does not contain ``item`` one or more times.</doc>
<status status="PASS" starttime="20250928 19:51:42.675" endtime="20250928 19:51:42.675"/>
</kw>
<status status="PASS" starttime="20250928 19:51:42.675" endtime="20250928 19:51:42.675"/>
</kw>
<doc>Update Book With Valid Payload</doc>
<tag>C004</tag>
<status status="PASS" starttime="20250928 19:51:42.611" endtime="20250928 19:51:42.675"/>
</test>
<test id="s1-s1-s1-t5" name="TC05 Delete Book With Valid Id" line="66">
<kw name="Generate Random String" library="String">
<var>${first_digit}</var>
<arg>1</arg>
<arg>123456789</arg>
<doc>Generates a string with a desired ``length`` from the given ``chars``.</doc>
<msg timestamp="20250928 19:51:42.675" level="INFO">${first_digit} = 2</msg>
<status status="PASS" starttime="20250928 19:51:42.675" endtime="20250928 19:51:42.675"/>
</kw>
<kw name="Generate Random String" library="String">
<var>${rest}</var>
<arg>4</arg>
<arg>[NUMBERS]</arg>
<doc>Generates a string with a desired ``length`` from the given ``chars``.</doc>
<msg timestamp="20250928 19:51:42.675" level="INFO">${rest} = 5765</msg>
<status status="PASS" starttime="20250928 19:51:42.675" endtime="20250928 19:51:42.675"/>
</kw>
<kw name="Set Variable" library="BuiltIn">
<var>${rnd_id}</var>
<arg>${first_digit}${rest}</arg>
<doc>Returns the given values which can then be assigned to a variables.</doc>
<msg timestamp="20250928 19:51:42.675" level="INFO">${rnd_id} = 25765</msg>
<status status="PASS" starttime="20250928 19:51:42.675" endtime="20250928 19:51:42.675"/>
</kw>
<kw name="Generate Random String" library="String">
<var>${rnd_title}</var>
<arg>5</arg>
<arg>[LETTERS]</arg>
<doc>Generates a string with a desired ``length`` from the given ``chars``.</doc>
<msg timestamp="20250928 19:51:42.675" level="INFO">${rnd_title} = zvuVV</msg>
<status status="PASS" starttime="20250928 19:51:42.675" endtime="20250928 19:51:42.675"/>
</kw>
<kw name="Generate Random String" library="String">
<var>${rnd_desc}</var>
<arg>15</arg>
<arg>[LETTERS]</arg>
<doc>Generates a string with a desired ``length`` from the given ``chars``.</doc>
<msg timestamp="20250928 19:51:42.675" level="INFO">${rnd_desc} = xMjaiPzCtgDAErO</msg>
<status status="PASS" starttime="20250928 19:51:42.675" endtime="20250928 19:51:42.675"/>
</kw>
<kw name="Create Dictionary" library="BuiltIn">
<var>${PAYLOAD}</var>
<arg>id=${rnd_id}</arg>
<arg>title=${rnd_title}</arg>
<arg>description=${rnd_desc}</arg>
<arg>pageCount=200</arg>
<arg>excerpt=Sample excerpt</arg>
<arg>publishDate=2025-01-01T00:00:00</arg>
<doc>Creates and returns a dictionary based on the given ``items``.</doc>
<msg timestamp="20250928 19:51:42.691" level="INFO">${PAYLOAD} = {'id': '25765', 'title': 'zvuVV', 'description': 'xMjaiPzCtgDAErO', 'pageCount': '200', 'excerpt': 'Sample excerpt', 'publishDate': '2025-01-01T00:00:00'}</msg>
<status status="PASS" starttime="20250928 19:51:42.675" endtime="20250928 19:51:42.691"/>
</kw>
<kw name="POST On [/${API}/${VERSION}/Books] Endpoint With Payload [${PAYLOAD}] And Validate Status Code Is [200]" library="POST" sourcename="POST On [${THE_ENDPOINT}] Endpoint With Payload [${PAYLOAD}] And Validate Status Code Is [${EXPECTED_STATUS_CODE}]">
<doc>Send post request and validate status code</doc>
<kw name="POST On Session" library="RequestsLibrary">
<var>${Response}</var>
<arg>fakerestapi</arg>
<arg>url=${THE_ENDPOINT}</arg>
<arg>json=${PAYLOAD}</arg>
<arg>expected_status=${EXPECTED_STATUS_CODE}</arg>
<doc>Sends a POST request on a previously created HTTP Session.</doc>
<msg timestamp="20250928 19:51:42.770" level="INFO">POST Request : url=https://fakerestapi.azurewebsites.net/api/v1/Books 
 path_url=/api/v1/Books 
 headers={'User-Agent': 'python-requests/2.31.0', 'Accept-Encoding': 'gzip, deflate', 'Accept': '*/*', 'Connection': 'keep-alive', 'Content-Length': '154', 'Content-Type': 'application/json'} 
 body=b'{"id": "25765", "title": "zvuVV", "description": "xMjaiPzCtgDAErO", "pageCount": "200", "excerpt": "Sample excerpt", "publishDate": "2025-01-01T00:00:00"}' 
 </msg>
<msg timestamp="20250928 19:51:42.770" level="INFO">POST Response : url=https://fakerestapi.azurewebsites.net/api/v1/Books 
 status=200, reason=OK 
 headers={'Content-Type': 'application/json; charset=utf-8; v=1.0', 'Date': 'Sun, 28 Sep 2025 17:51:41 GMT', 'Server': 'Kestrel', 'Transfer-Encoding': 'chunked', 'api-supported-versions': '1.0'} 
 body={"id":25765,"title":"zvuVV","description":"xMjaiPzCtgDAErO","pageCount":200,"excerpt":"Sample excerpt","publishDate":"2025-01-01T00:00:00"} 
 </msg>
<msg timestamp="20250928 19:51:42.770" level="INFO">${Response} = &lt;Response [200]&gt;</msg>
<status status="PASS" starttime="20250928 19:51:42.691" endtime="20250928 19:51:42.770"/>
</kw>
<kw name="Run Keyword And Ignore Error" library="BuiltIn">
<var>${JSON_Response}</var>
<arg>Convert String To Json</arg>
<arg>${Response.content}</arg>
<doc>Runs the given keyword with the given arguments and ignores possible error.</doc>
<kw name="Convert String To Json" library="JSONLibrary">
<arg>${Response.content}</arg>
<doc>Convert String to JSON object</doc>
<status status="PASS" starttime="20250928 19:51:42.770" endtime="20250928 19:51:42.770"/>
</kw>
<msg timestamp="20250928 19:51:42.770" level="INFO">${JSON_Response} = ('PASS', {'id': 25765, 'title': 'zvuVV', 'description': 'xMjaiPzCtgDAErO', 'pageCount': 200, 'excerpt': 'Sample excerpt', 'publishDate': '2025-01-01T00:00:00'})</msg>
<status status="PASS" starttime="20250928 19:51:42.770" endtime="20250928 19:51:42.770"/>
</kw>
<kw name="Set Global Variable" library="BuiltIn">
<arg>${JSON_Response}</arg>
<doc>Makes a variable available globally in all tests and suites.</doc>
<msg timestamp="20250928 19:51:42.770" level="INFO">${JSON_Response} = ('PASS', {'id': 25765, 'title': 'zvuVV', 'description': 'xMjaiPzCtgDAErO', 'pageCount': 200, 'excerpt': 'Sample excerpt', 'publishDate': '2025-01-01T00:00:00'})</msg>
<status status="PASS" starttime="20250928 19:51:42.770" endtime="20250928 19:51:42.770"/>
</kw>
<kw name="Convert To String" library="BuiltIn">
<var>${Actual_Response_Body}</var>
<arg>${JSON_Response}</arg>
<doc>Converts the given item to a Unicode string.</doc>
<msg timestamp="20250928 19:51:42.770" level="INFO">${Actual_Response_Body} = ('PASS', {'id': 25765, 'title': 'zvuVV', 'description': 'xMjaiPzCtgDAErO', 'pageCount': 200, 'excerpt': 'Sample excerpt', 'publishDate': '2025-01-01T00:00:00'})</msg>
<status status="PASS" starttime="20250928 19:51:42.770" endtime="20250928 19:51:42.770"/>
</kw>
<kw name="Set Global Variable" library="BuiltIn">
<arg>${Actual_Response_Body}</arg>
<doc>Makes a variable available globally in all tests and suites.</doc>
<msg timestamp="20250928 19:51:42.770" level="INFO">${Actual_Response_Body} = ('PASS', {'id': 25765, 'title': 'zvuVV', 'description': 'xMjaiPzCtgDAErO', 'pageCount': 200, 'excerpt': 'Sample excerpt', 'publishDate': '2025-01-01T00:00:00'})</msg>
<status status="PASS" starttime="20250928 19:51:42.770" endtime="20250928 19:51:42.770"/>
</kw>
<status status="PASS" starttime="20250928 19:51:42.691" endtime="20250928 19:51:42.770"/>
</kw>
<kw name="DELETE On [/${API}/${VERSION}/Books/${rnd_id}] Endpoint and Validate Status Code Is [200]" library="DELETE" sourcename="DELETE On [${THE_ENDPOINT}] Endpoint and Validate Status Code Is [${EXPECTED_STATUS_CODE}]">
<doc>Send delete request and validate status code</doc>
<kw name="DELETE On Session" library="RequestsLibrary">
<var>${Response}</var>
<arg>fakerestapi</arg>
<arg>url=${THE_ENDPOINT}</arg>
<arg>expected_status=${EXPECTED_STATUS_CODE}</arg>
<doc>Sends a DELETE request on a previously created HTTP Session.</doc>
<msg timestamp="20250928 19:51:42.818" level="INFO">DELETE Request : url=https://fakerestapi.azurewebsites.net/api/v1/Books/25765 
 path_url=/api/v1/Books/25765 
 headers={'User-Agent': 'python-requests/2.31.0', 'Accept-Encoding': 'gzip, deflate', 'Accept': '*/*', 'Connection': 'keep-alive', 'Content-Length': '0'} 
 body=None 
 </msg>
<msg timestamp="20250928 19:51:42.818" level="INFO">DELETE Response : url=https://fakerestapi.azurewebsites.net/api/v1/Books/25765 
 status=200, reason=OK 
 headers={'Content-Length': '0', 'Date': 'Sun, 28 Sep 2025 17:51:41 GMT', 'Server': 'Kestrel', 'api-supported-versions': '1.0'} 
 body=None 
 </msg>
<msg timestamp="20250928 19:51:42.818" level="INFO">${Response} = &lt;Response [200]&gt;</msg>
<status status="PASS" starttime="20250928 19:51:42.770" endtime="20250928 19:51:42.818"/>
</kw>
<kw name="Run Keyword And Ignore Error" library="BuiltIn">
<var>${JSON_Response}</var>
<arg>Convert String To Json</arg>
<arg>${Response.content}</arg>
<doc>Runs the given keyword with the given arguments and ignores possible error.</doc>
<kw name="Convert String To Json" library="JSONLibrary">
<arg>${Response.content}</arg>
<doc>Convert String to JSON object</doc>
<msg timestamp="20250928 19:51:42.834" level="FAIL">JSONDecodeError: Expecting value: line 1 column 1 (char 0)</msg>
<status status="FAIL" starttime="20250928 19:51:42.818" endtime="20250928 19:51:42.834"/>
</kw>
<msg timestamp="20250928 19:51:42.834" level="INFO">${JSON_Response} = ('FAIL', 'JSONDecodeError: Expecting value: line 1 column 1 (char 0)')</msg>
<status status="PASS" starttime="20250928 19:51:42.818" endtime="20250928 19:51:42.834"/>
</kw>
<kw name="Set Global Variable" library="BuiltIn">
<arg>${JSON_Response}</arg>
<doc>Makes a variable available globally in all tests and suites.</doc>
<msg timestamp="20250928 19:51:42.834" level="INFO">${JSON_Response} = ('FAIL', 'JSONDecodeError: Expecting value: line 1 column 1 (char 0)')</msg>
<status status="PASS" starttime="20250928 19:51:42.834" endtime="20250928 19:51:42.834"/>
</kw>
<kw name="Convert To String" library="BuiltIn">
<var>${Actual_Response_Body}</var>
<arg>${JSON_Response}</arg>
<doc>Converts the given item to a Unicode string.</doc>
<msg timestamp="20250928 19:51:42.834" level="INFO">${Actual_Response_Body} = ('FAIL', 'JSONDecodeError: Expecting value: line 1 column 1 (char 0)')</msg>
<status status="PASS" starttime="20250928 19:51:42.834" endtime="20250928 19:51:42.834"/>
</kw>
<kw name="Set Global Variable" library="BuiltIn">
<arg>${Actual_Response_Body}</arg>
<doc>Makes a variable available globally in all tests and suites.</doc>
<msg timestamp="20250928 19:51:42.834" level="INFO">${Actual_Response_Body} = ('FAIL', 'JSONDecodeError: Expecting value: line 1 column 1 (char 0)')</msg>
<status status="PASS" starttime="20250928 19:51:42.834" endtime="20250928 19:51:42.834"/>
</kw>
<status status="PASS" starttime="20250928 19:51:42.770" endtime="20250928 19:51:42.834"/>
</kw>
<kw name="GET On [/${API}/${VERSION}/Books/${rnd_id}] Endpoint And Validate That Status Code Is [404]" library="GET" sourcename="GET on [${ENDPOINT}] endpoint and validate that status code is [${EXPECTED_STATUS_CODE}]">
<doc>Send get request and validate status code</doc>
<kw name="GET On Session" library="RequestsLibrary">
<var>${Response}</var>
<arg>fakerestapi</arg>
<arg>url=${ENDPOINT}</arg>
<arg>expected_status=${EXPECTED_STATUS_CODE}</arg>
<doc>Sends a GET request on a previously created HTTP Session.</doc>
<msg timestamp="20250928 19:51:43.124" level="INFO">GET Request : url=https://fakerestapi.azurewebsites.net/api/v1/Books/25765 
 path_url=/api/v1/Books/25765 
 headers={'User-Agent': 'python-requests/2.31.0', 'Accept-Encoding': 'gzip, deflate', 'Accept': '*/*', 'Connection': 'keep-alive'} 
 body=None 
 </msg>
<msg timestamp="20250928 19:51:43.124" level="INFO">GET Response : url=https://fakerestapi.azurewebsites.net/api/v1/Books/25765 
 status=404, reason=Not Found 
 headers={'Content-Type': 'application/problem+json; charset=utf-8; v=1.0', 'Date': 'Sun, 28 Sep 2025 17:51:41 GMT', 'Server': 'Kestrel', 'Transfer-Encoding': 'chunked', 'api-supported-versions': '1.0'} 
 body={"type":"https://tools.ietf.org/html/rfc7231#section-6.5.4","title":"Not Found","status":404,"traceId":"00-7389e2cd56d06842ad9f7a148000e501-47e74b3df7cacf43-00"} 
 </msg>
<msg timestamp="20250928 19:51:43.124" level="INFO">${Response} = &lt;Response [404]&gt;</msg>
<status status="PASS" starttime="20250928 19:51:42.834" endtime="20250928 19:51:43.124"/>
</kw>
<kw name="Run Keyword And Ignore Error" library="BuiltIn">
<var>${JSON_Response}</var>
<arg>Convert String To Json</arg>
<arg>${Response.content}</arg>
<doc>Runs the given keyword with the given arguments and ignores possible error.</doc>
<kw name="Convert String To Json" library="JSONLibrary">
<arg>${Response.content}</arg>
<doc>Convert String to JSON object</doc>
<status status="PASS" starttime="20250928 19:51:43.124" endtime="20250928 19:51:43.124"/>
</kw>
<msg timestamp="20250928 19:51:43.124" level="INFO">${JSON_Response} = ('PASS', {'type': 'https://tools.ietf.org/html/rfc7231#section-6.5.4', 'title': 'Not Found', 'status': 404, 'traceId': '00-7389e2cd56d06842ad9f7a148000e501-47e74b3df7cacf43-00'})</msg>
<status status="PASS" starttime="20250928 19:51:43.124" endtime="20250928 19:51:43.124"/>
</kw>
<kw name="Set Global Variable" library="BuiltIn">
<arg>${JSON_Response}</arg>
<doc>Makes a variable available globally in all tests and suites.</doc>
<msg timestamp="20250928 19:51:43.124" level="INFO">${JSON_Response} = ('PASS', {'type': 'https://tools.ietf.org/html/rfc7231#section-6.5.4', 'title': 'Not Found', 'status': 404, 'traceId': '00-7389e2cd56d06842ad9f7a148000e501-47e74b3df7cacf43-00'})</msg>
<status status="PASS" starttime="20250928 19:51:43.124" endtime="20250928 19:51:43.124"/>
</kw>
<kw name="Convert To String" library="BuiltIn">
<var>${Actual_Response_Body}</var>
<arg>${JSON_Response}</arg>
<doc>Converts the given item to a Unicode string.</doc>
<msg timestamp="20250928 19:51:43.124" level="INFO">${Actual_Response_Body} = ('PASS', {'type': 'https://tools.ietf.org/html/rfc7231#section-6.5.4', 'title': 'Not Found', 'status': 404, 'traceId': '00-7389e2cd56d06842ad9f7a148000e501-47e74b3df7cacf43-00'})</msg>
<status status="PASS" starttime="20250928 19:51:43.124" endtime="20250928 19:51:43.124"/>
</kw>
<kw name="Set Global Variable" library="BuiltIn">
<arg>${Actual_Response_Body}</arg>
<doc>Makes a variable available globally in all tests and suites.</doc>
<msg timestamp="20250928 19:51:43.137" level="INFO">${Actual_Response_Body} = ('PASS', {'type': 'https://tools.ietf.org/html/rfc7231#section-6.5.4', 'title': 'Not Found', 'status': 404, 'traceId': '00-7389e2cd56d06842ad9f7a148000e501-47e74b3df7cacf43-00'})</msg>
<status status="PASS" starttime="20250928 19:51:43.124" endtime="20250928 19:51:43.137"/>
</kw>
<status status="PASS" starttime="20250928 19:51:42.834" endtime="20250928 19:51:43.137"/>
</kw>
<doc>Delete Book With Valid Id</doc>
<tag>C005</tag>
<status status="PASS" starttime="20250928 19:51:42.675" endtime="20250928 19:51:43.137"/>
</test>
<test id="s1-s1-s1-t6" name="TC06 Get Book By Invalid Id" line="83">
<kw name="GET On [/${API}/${VERSION}/Books/99999] Endpoint And Validate That Status Code Is [404]" library="GET" sourcename="GET on [${ENDPOINT}] endpoint and validate that status code is [${EXPECTED_STATUS_CODE}]">
<doc>Send get request and validate status code</doc>
<kw name="GET On Session" library="RequestsLibrary">
<var>${Response}</var>
<arg>fakerestapi</arg>
<arg>url=${ENDPOINT}</arg>
<arg>expected_status=${EXPECTED_STATUS_CODE}</arg>
<doc>Sends a GET request on a previously created HTTP Session.</doc>
<msg timestamp="20250928 19:51:43.521" level="INFO">GET Request : url=https://fakerestapi.azurewebsites.net/api/v1/Books/99999 
 path_url=/api/v1/Books/99999 
 headers={'User-Agent': 'python-requests/2.31.0', 'Accept-Encoding': 'gzip, deflate', 'Accept': '*/*', 'Connection': 'keep-alive'} 
 body=None 
 </msg>
<msg timestamp="20250928 19:51:43.521" level="INFO">GET Response : url=https://fakerestapi.azurewebsites.net/api/v1/Books/99999 
 status=404, reason=Not Found 
 headers={'Content-Type': 'application/problem+json; charset=utf-8; v=1.0', 'Date': 'Sun, 28 Sep 2025 17:51:41 GMT', 'Server': 'Kestrel', 'Transfer-Encoding': 'chunked', 'api-supported-versions': '1.0'} 
 body={"type":"https://tools.ietf.org/html/rfc7231#section-6.5.4","title":"Not Found","status":404,"traceId":"00-77df1c72bb40564993cea023b4651a65-b30e9e49b75adb44-00"} 
 </msg>
<msg timestamp="20250928 19:51:43.521" level="INFO">${Response} = &lt;Response [404]&gt;</msg>
<status status="PASS" starttime="20250928 19:51:43.153" endtime="20250928 19:51:43.521"/>
</kw>
<kw name="Run Keyword And Ignore Error" library="BuiltIn">
<var>${JSON_Response}</var>
<arg>Convert String To Json</arg>
<arg>${Response.content}</arg>
<doc>Runs the given keyword with the given arguments and ignores possible error.</doc>
<kw name="Convert String To Json" library="JSONLibrary">
<arg>${Response.content}</arg>
<doc>Convert String to JSON object</doc>
<status status="PASS" starttime="20250928 19:51:43.521" endtime="20250928 19:51:43.521"/>
</kw>
<msg timestamp="20250928 19:51:43.521" level="INFO">${JSON_Response} = ('PASS', {'type': 'https://tools.ietf.org/html/rfc7231#section-6.5.4', 'title': 'Not Found', 'status': 404, 'traceId': '00-77df1c72bb40564993cea023b4651a65-b30e9e49b75adb44-00'})</msg>
<status status="PASS" starttime="20250928 19:51:43.521" endtime="20250928 19:51:43.537"/>
</kw>
<kw name="Set Global Variable" library="BuiltIn">
<arg>${JSON_Response}</arg>
<doc>Makes a variable available globally in all tests and suites.</doc>
<msg timestamp="20250928 19:51:43.537" level="INFO">${JSON_Response} = ('PASS', {'type': 'https://tools.ietf.org/html/rfc7231#section-6.5.4', 'title': 'Not Found', 'status': 404, 'traceId': '00-77df1c72bb40564993cea023b4651a65-b30e9e49b75adb44-00'})</msg>
<status status="PASS" starttime="20250928 19:51:43.537" endtime="20250928 19:51:43.537"/>
</kw>
<kw name="Convert To String" library="BuiltIn">
<var>${Actual_Response_Body}</var>
<arg>${JSON_Response}</arg>
<doc>Converts the given item to a Unicode string.</doc>
<msg timestamp="20250928 19:51:43.537" level="INFO">${Actual_Response_Body} = ('PASS', {'type': 'https://tools.ietf.org/html/rfc7231#section-6.5.4', 'title': 'Not Found', 'status': 404, 'traceId': '00-77df1c72bb40564993cea023b4651a65-b30e9e49b75adb44-00'})</msg>
<status status="PASS" starttime="20250928 19:51:43.537" endtime="20250928 19:51:43.537"/>
</kw>
<kw name="Set Global Variable" library="BuiltIn">
<arg>${Actual_Response_Body}</arg>
<doc>Makes a variable available globally in all tests and suites.</doc>
<msg timestamp="20250928 19:51:43.537" level="INFO">${Actual_Response_Body} = ('PASS', {'type': 'https://tools.ietf.org/html/rfc7231#section-6.5.4', 'title': 'Not Found', 'status': 404, 'traceId': '00-77df1c72bb40564993cea023b4651a65-b30e9e49b75adb44-00'})</msg>
<status status="PASS" starttime="20250928 19:51:43.537" endtime="20250928 19:51:43.537"/>
</kw>
<status status="PASS" starttime="20250928 19:51:43.137" endtime="20250928 19:51:43.537"/>
</kw>
<doc>Get Book By Invalid Id</doc>
<tag>C006</tag>
<status status="PASS" starttime="20250928 19:51:43.137" endtime="20250928 19:51:43.537"/>
</test>
<test id="s1-s1-s1-t7" name="TC07 Get Book With Non-Numeric Id" line="88">
<kw name="GET On [/${API}/${VERSION}/Books/abc] Endpoint And Validate That Status Code Is [400]" library="GET" sourcename="GET on [${ENDPOINT}] endpoint and validate that status code is [${EXPECTED_STATUS_CODE}]">
<doc>Send get request and validate status code</doc>
<kw name="GET On Session" library="RequestsLibrary">
<var>${Response}</var>
<arg>fakerestapi</arg>
<arg>url=${ENDPOINT}</arg>
<arg>expected_status=${EXPECTED_STATUS_CODE}</arg>
<doc>Sends a GET request on a previously created HTTP Session.</doc>
<msg timestamp="20250928 19:51:43.605" level="INFO">GET Request : url=https://fakerestapi.azurewebsites.net/api/v1/Books/abc 
 path_url=/api/v1/Books/abc 
 headers={'User-Agent': 'python-requests/2.31.0', 'Accept-Encoding': 'gzip, deflate', 'Accept': '*/*', 'Connection': 'keep-alive'} 
 body=None 
 </msg>
<msg timestamp="20250928 19:51:43.606" level="INFO">GET Response : url=https://fakerestapi.azurewebsites.net/api/v1/Books/abc 
 status=400, reason=Bad Request 
 headers={'Content-Type': 'application/problem+json; charset=utf-8', 'Date': 'Sun, 28 Sep 2025 17:51:42 GMT', 'Server': 'Kestrel', 'Transfer-Encoding': 'chunked'} 
 body={"type":"https://tools.ietf.org/html/rfc7231#section-6.5.1","title":"One or more validation errors occurred.","status":400,"traceId":"00-1968e041c9ccfc4ca0e139c17d7c5777-6965d09158c74c46-00","errors":{"id":["The value 'abc' is not valid."]}} 
 </msg>
<msg timestamp="20250928 19:51:43.607" level="INFO">${Response} = &lt;Response [400]&gt;</msg>
<status status="PASS" starttime="20250928 19:51:43.553" endtime="20250928 19:51:43.608"/>
</kw>
<kw name="Run Keyword And Ignore Error" library="BuiltIn">
<var>${JSON_Response}</var>
<arg>Convert String To Json</arg>
<arg>${Response.content}</arg>
<doc>Runs the given keyword with the given arguments and ignores possible error.</doc>
<kw name="Convert String To Json" library="JSONLibrary">
<arg>${Response.content}</arg>
<doc>Convert String to JSON object</doc>
<status status="PASS" starttime="20250928 19:51:43.610" endtime="20250928 19:51:43.610"/>
</kw>
<msg timestamp="20250928 19:51:43.611" level="INFO">${JSON_Response} = ('PASS', {'type': 'https://tools.ietf.org/html/rfc7231#section-6.5.1', 'title': 'One or more validation errors occurred.', 'status': 400, 'traceId': '00-1968e041c9ccfc4ca0e139c17d7c5777-6965d09158c74c...</msg>
<status status="PASS" starttime="20250928 19:51:43.609" endtime="20250928 19:51:43.611"/>
</kw>
<kw name="Set Global Variable" library="BuiltIn">
<arg>${JSON_Response}</arg>
<doc>Makes a variable available globally in all tests and suites.</doc>
<msg timestamp="20250928 19:51:43.611" level="INFO">${JSON_Response} = ('PASS', {'type': 'https://tools.ietf.org/html/rfc7231#section-6.5.1', 'title': 'One or more validation errors occurred.', 'status': 400, 'traceId': '00-1968e041c9ccfc4ca0e139c17d7c5777-6965d09158c74c...</msg>
<status status="PASS" starttime="20250928 19:51:43.611" endtime="20250928 19:51:43.611"/>
</kw>
<kw name="Convert To String" library="BuiltIn">
<var>${Actual_Response_Body}</var>
<arg>${JSON_Response}</arg>
<doc>Converts the given item to a Unicode string.</doc>
<msg timestamp="20250928 19:51:43.611" level="INFO">${Actual_Response_Body} = ('PASS', {'type': 'https://tools.ietf.org/html/rfc7231#section-6.5.1', 'title': 'One or more validation errors occurred.', 'status': 400, 'traceId': '00-1968e041c9ccfc4ca0e139c17d7c5777-6965d09158c74c...</msg>
<status status="PASS" starttime="20250928 19:51:43.611" endtime="20250928 19:51:43.611"/>
</kw>
<kw name="Set Global Variable" library="BuiltIn">
<arg>${Actual_Response_Body}</arg>
<doc>Makes a variable available globally in all tests and suites.</doc>
<msg timestamp="20250928 19:51:43.611" level="INFO">${Actual_Response_Body} = ('PASS', {'type': 'https://tools.ietf.org/html/rfc7231#section-6.5.1', 'title': 'One or more validation errors occurred.', 'status': 400, 'traceId': '00-1968e041c9ccfc4ca0e139c17d7c5777-6965d09158c74c...</msg>
<status status="PASS" starttime="20250928 19:51:43.611" endtime="20250928 19:51:43.611"/>
</kw>
<status status="PASS" starttime="20250928 19:51:43.553" endtime="20250928 19:51:43.611"/>
</kw>
<doc>Get Book With Non-Numeric Id</doc>
<tag>C007</tag>
<status status="PASS" starttime="20250928 19:51:43.537" endtime="20250928 19:51:43.611"/>
</test>
<test id="s1-s1-s1-t8" name="TC08 Create Book With Missing Required Field" line="93">
<kw name="Create Dictionary" library="BuiltIn">
<var>${PAYLOAD}</var>
<arg>id=${EMPTY}</arg>
<arg>pageCount=120</arg>
<doc>Creates and returns a dictionary based on the given ``items``.</doc>
<msg timestamp="20250928 19:51:43.616" level="INFO">${PAYLOAD} = {'id': '', 'pageCount': '120'}</msg>
<status status="PASS" starttime="20250928 19:51:43.616" endtime="20250928 19:51:43.616"/>
</kw>
<kw name="POST On [/${API}/${VERSION}/Books] Endpoint With Payload [${PAYLOAD}] And Validate Status Code Is [400]" library="POST" sourcename="POST On [${THE_ENDPOINT}] Endpoint With Payload [${PAYLOAD}] And Validate Status Code Is [${EXPECTED_STATUS_CODE}]">
<doc>Send post request and validate status code</doc>
<kw name="POST On Session" library="RequestsLibrary">
<var>${Response}</var>
<arg>fakerestapi</arg>
<arg>url=${THE_ENDPOINT}</arg>
<arg>json=${PAYLOAD}</arg>
<arg>expected_status=${EXPECTED_STATUS_CODE}</arg>
<doc>Sends a POST request on a previously created HTTP Session.</doc>
<msg timestamp="20250928 19:51:43.673" level="INFO">POST Request : url=https://fakerestapi.azurewebsites.net/api/v1/Books 
 path_url=/api/v1/Books 
 headers={'User-Agent': 'python-requests/2.31.0', 'Accept-Encoding': 'gzip, deflate', 'Accept': '*/*', 'Connection': 'keep-alive', 'Content-Length': '30', 'Content-Type': 'application/json'} 
 body=b'{"id": "", "pageCount": "120"}' 
 </msg>
<msg timestamp="20250928 19:51:43.673" level="INFO">POST Response : url=https://fakerestapi.azurewebsites.net/api/v1/Books 
 status=400, reason=Bad Request 
 headers={'Content-Type': 'application/problem+json; charset=utf-8', 'Date': 'Sun, 28 Sep 2025 17:51:42 GMT', 'Server': 'Kestrel', 'Transfer-Encoding': 'chunked'} 
 body={"type":"https://tools.ietf.org/html/rfc7231#section-6.5.1","title":"One or more validation errors occurred.","status":400,"traceId":"00-104c3eb716fde447a84307d481baac84-d4d140f01bd41742-00","errors":{"$.id":["The JSON value could not be converted to System.Int32. Path: $.id | LineNumber: 0 | BytePositionInLine: 9."]}} 
 </msg>
<msg timestamp="20250928 19:51:43.673" level="INFO">${Response} = &lt;Response [400]&gt;</msg>
<status status="PASS" starttime="20250928 19:51:43.616" endtime="20250928 19:51:43.673"/>
</kw>
<kw name="Run Keyword And Ignore Error" library="BuiltIn">
<var>${JSON_Response}</var>
<arg>Convert String To Json</arg>
<arg>${Response.content}</arg>
<doc>Runs the given keyword with the given arguments and ignores possible error.</doc>
<kw name="Convert String To Json" library="JSONLibrary">
<arg>${Response.content}</arg>
<doc>Convert String to JSON object</doc>
<status status="PASS" starttime="20250928 19:51:43.674" endtime="20250928 19:51:43.675"/>
</kw>
<msg timestamp="20250928 19:51:43.675" level="INFO">${JSON_Response} = ('PASS', {'type': 'https://tools.ietf.org/html/rfc7231#section-6.5.1', 'title': 'One or more validation errors occurred.', 'status': 400, 'traceId': '00-104c3eb716fde447a84307d481baac84-d4d140f01bd417...</msg>
<status status="PASS" starttime="20250928 19:51:43.674" endtime="20250928 19:51:43.675"/>
</kw>
<kw name="Set Global Variable" library="BuiltIn">
<arg>${JSON_Response}</arg>
<doc>Makes a variable available globally in all tests and suites.</doc>
<msg timestamp="20250928 19:51:43.675" level="INFO">${JSON_Response} = ('PASS', {'type': 'https://tools.ietf.org/html/rfc7231#section-6.5.1', 'title': 'One or more validation errors occurred.', 'status': 400, 'traceId': '00-104c3eb716fde447a84307d481baac84-d4d140f01bd417...</msg>
<status status="PASS" starttime="20250928 19:51:43.675" endtime="20250928 19:51:43.675"/>
</kw>
<kw name="Convert To String" library="BuiltIn">
<var>${Actual_Response_Body}</var>
<arg>${JSON_Response}</arg>
<doc>Converts the given item to a Unicode string.</doc>
<msg timestamp="20250928 19:51:43.676" level="INFO">${Actual_Response_Body} = ('PASS', {'type': 'https://tools.ietf.org/html/rfc7231#section-6.5.1', 'title': 'One or more validation errors occurred.', 'status': 400, 'traceId': '00-104c3eb716fde447a84307d481baac84-d4d140f01bd417...</msg>
<status status="PASS" starttime="20250928 19:51:43.676" endtime="20250928 19:51:43.676"/>
</kw>
<kw name="Set Global Variable" library="BuiltIn">
<arg>${Actual_Response_Body}</arg>
<doc>Makes a variable available globally in all tests and suites.</doc>
<msg timestamp="20250928 19:51:43.677" level="INFO">${Actual_Response_Body} = ('PASS', {'type': 'https://tools.ietf.org/html/rfc7231#section-6.5.1', 'title': 'One or more validation errors occurred.', 'status': 400, 'traceId': '00-104c3eb716fde447a84307d481baac84-d4d140f01bd417...</msg>
<status status="PASS" starttime="20250928 19:51:43.676" endtime="20250928 19:51:43.677"/>
</kw>
<status status="PASS" starttime="20250928 19:51:43.616" endtime="20250928 19:51:43.677"/>
</kw>
<doc>Create Book With Missing Required Field</doc>
<tag>C008</tag>
<status status="PASS" starttime="20250928 19:51:43.616" endtime="20250928 19:51:43.677"/>
</test>
<test id="s1-s1-s1-t9" name="TC09 Create Book With Invalid Data Type" line="99">
<kw name="Generate Random String" library="String">
<var>${first_digit}</var>
<arg>1</arg>
<arg>123456789</arg>
<doc>Generates a string with a desired ``length`` from the given ``chars``.</doc>
<msg timestamp="20250928 19:51:43.678" level="INFO">${first_digit} = 1</msg>
<status status="PASS" starttime="20250928 19:51:43.678" endtime="20250928 19:51:43.678"/>
</kw>
<kw name="Generate Random String" library="String">
<var>${rest}</var>
<arg>4</arg>
<arg>0123456789</arg>
<doc>Generates a string with a desired ``length`` from the given ``chars``.</doc>
<msg timestamp="20250928 19:51:43.678" level="INFO">${rest} = 4708</msg>
<status status="PASS" starttime="20250928 19:51:43.678" endtime="20250928 19:51:43.678"/>
</kw>
<kw name="Set Variable" library="BuiltIn">
<var>${rnd_id}</var>
<arg>${first_digit}${rest}</arg>
<doc>Returns the given values which can then be assigned to a variables.</doc>
<msg timestamp="20250928 19:51:43.678" level="INFO">${rnd_id} = 14708</msg>
<status status="PASS" starttime="20250928 19:51:43.678" endtime="20250928 19:51:43.678"/>
</kw>
<kw name="Create Dictionary" library="BuiltIn">
<var>${PAYLOAD}</var>
<arg>id=${rnd_id}</arg>
<arg>title=Invalid Book</arg>
<arg>description=Bad</arg>
<arg>pageCount=one hundred</arg>
<arg>excerpt=Bad excerpt</arg>
<arg>publishDate=2025-01-01T00:00:00</arg>
<doc>Creates and returns a dictionary based on the given ``items``.</doc>
<msg timestamp="20250928 19:51:43.678" level="INFO">${PAYLOAD} = {'id': '14708', 'title': 'Invalid Book', 'description': 'Bad', 'pageCount': 'one hundred', 'excerpt': 'Bad excerpt', 'publishDate': '2025-01-01T00:00:00'}</msg>
<status status="PASS" starttime="20250928 19:51:43.678" endtime="20250928 19:51:43.678"/>
</kw>
<kw name="POST On [/${API}/${VERSION}/Books] Endpoint With Payload [${PAYLOAD}] And Validate Status Code Is [400]" library="POST" sourcename="POST On [${THE_ENDPOINT}] Endpoint With Payload [${PAYLOAD}] And Validate Status Code Is [${EXPECTED_STATUS_CODE}]">
<doc>Send post request and validate status code</doc>
<kw name="POST On Session" library="RequestsLibrary">
<var>${Response}</var>
<arg>fakerestapi</arg>
<arg>url=${THE_ENDPOINT}</arg>
<arg>json=${PAYLOAD}</arg>
<arg>expected_status=${EXPECTED_STATUS_CODE}</arg>
<doc>Sends a POST request on a previously created HTTP Session.</doc>
<msg timestamp="20250928 19:51:43.726" level="INFO">POST Request : url=https://fakerestapi.azurewebsites.net/api/v1/Books 
 path_url=/api/v1/Books 
 headers={'User-Agent': 'python-requests/2.31.0', 'Accept-Encoding': 'gzip, deflate', 'Accept': '*/*', 'Connection': 'keep-alive', 'Content-Length': '154', 'Content-Type': 'application/json'} 
 body=b'{"id": "14708", "title": "Invalid Book", "description": "Bad", "pageCount": "one hundred", "excerpt": "Bad excerpt", "publishDate": "2025-01-01T00:00:00"}' 
 </msg>
<msg timestamp="20250928 19:51:43.726" level="INFO">POST Response : url=https://fakerestapi.azurewebsites.net/api/v1/Books 
 status=400, reason=Bad Request 
 headers={'Content-Type': 'application/problem+json; charset=utf-8', 'Date': 'Sun, 28 Sep 2025 17:51:42 GMT', 'Server': 'Kestrel', 'Transfer-Encoding': 'chunked'} 
 body={"type":"https://tools.ietf.org/html/rfc7231#section-6.5.1","title":"One or more validation errors occurred.","status":400,"traceId":"00-643aa723b09b294898f1a5d0de3d9583-09af5e1ea3679643-00","errors":{"$.pageCount":["The JSON value could not be converted to System.Int32. Path: $.pageCount | LineNumber: 0 | BytePositionInLine: 89."]}} 
 </msg>
<msg timestamp="20250928 19:51:43.726" level="INFO">${Response} = &lt;Response [400]&gt;</msg>
<status status="PASS" starttime="20250928 19:51:43.678" endtime="20250928 19:51:43.726"/>
</kw>
<kw name="Run Keyword And Ignore Error" library="BuiltIn">
<var>${JSON_Response}</var>
<arg>Convert String To Json</arg>
<arg>${Response.content}</arg>
<doc>Runs the given keyword with the given arguments and ignores possible error.</doc>
<kw name="Convert String To Json" library="JSONLibrary">
<arg>${Response.content}</arg>
<doc>Convert String to JSON object</doc>
<status status="PASS" starttime="20250928 19:51:43.726" endtime="20250928 19:51:43.726"/>
</kw>
<msg timestamp="20250928 19:51:43.726" level="INFO">${JSON_Response} = ('PASS', {'type': 'https://tools.ietf.org/html/rfc7231#section-6.5.1', 'title': 'One or more validation errors occurred.', 'status': 400, 'traceId': '00-643aa723b09b294898f1a5d0de3d9583-09af5e1ea36796...</msg>
<status status="PASS" starttime="20250928 19:51:43.726" endtime="20250928 19:51:43.726"/>
</kw>
<kw name="Set Global Variable" library="BuiltIn">
<arg>${JSON_Response}</arg>
<doc>Makes a variable available globally in all tests and suites.</doc>
<msg timestamp="20250928 19:51:43.726" level="INFO">${JSON_Response} = ('PASS', {'type': 'https://tools.ietf.org/html/rfc7231#section-6.5.1', 'title': 'One or more validation errors occurred.', 'status': 400, 'traceId': '00-643aa723b09b294898f1a5d0de3d9583-09af5e1ea36796...</msg>
<status status="PASS" starttime="20250928 19:51:43.726" endtime="20250928 19:51:43.726"/>
</kw>
<kw name="Convert To String" library="BuiltIn">
<var>${Actual_Response_Body}</var>
<arg>${JSON_Response}</arg>
<doc>Converts the given item to a Unicode string.</doc>
<msg timestamp="20250928 19:51:43.726" level="INFO">${Actual_Response_Body} = ('PASS', {'type': 'https://tools.ietf.org/html/rfc7231#section-6.5.1', 'title': 'One or more validation errors occurred.', 'status': 400, 'traceId': '00-643aa723b09b294898f1a5d0de3d9583-09af5e1ea36796...</msg>
<status status="PASS" starttime="20250928 19:51:43.726" endtime="20250928 19:51:43.726"/>
</kw>
<kw name="Set Global Variable" library="BuiltIn">
<arg>${Actual_Response_Body}</arg>
<doc>Makes a variable available globally in all tests and suites.</doc>
<msg timestamp="20250928 19:51:43.726" level="INFO">${Actual_Response_Body} = ('PASS', {'type': 'https://tools.ietf.org/html/rfc7231#section-6.5.1', 'title': 'One or more validation errors occurred.', 'status': 400, 'traceId': '00-643aa723b09b294898f1a5d0de3d9583-09af5e1ea36796...</msg>
<status status="PASS" starttime="20250928 19:51:43.726" endtime="20250928 19:51:43.726"/>
</kw>
<status status="PASS" starttime="20250928 19:51:43.678" endtime="20250928 19:51:43.726"/>
</kw>
<doc>Create Book With Invalid Data Type</doc>
<tag>C009</tag>
<status status="PASS" starttime="20250928 19:51:43.678" endtime="20250928 19:51:43.726"/>
</test>
<test id="s1-s1-s1-t10" name="TC10 Update Book With Non-Existing Id" line="108">
<kw name="Create Dictionary" library="BuiltIn">
<var>${PAYLOAD}</var>
<arg>id=abv123</arg>
<arg>title=Ghost Book</arg>
<arg>description=None</arg>
<arg>pageCount=10</arg>
<arg>excerpt=None</arg>
<arg>publishDate=2025-01-01T00:00:00</arg>
<doc>Creates and returns a dictionary based on the given ``items``.</doc>
<msg timestamp="20250928 19:51:43.726" level="INFO">${PAYLOAD} = {'id': 'abv123', 'title': 'Ghost Book', 'description': 'None', 'pageCount': '10', 'excerpt': 'None', 'publishDate': '2025-01-01T00:00:00'}</msg>
<status status="PASS" starttime="20250928 19:51:43.726" endtime="20250928 19:51:43.726"/>
</kw>
<kw name="PUT On [/${API}/${VERSION}/Books/99999] Endpoint With Payload [${PAYLOAD}] And Validate Status Code Is [400]" library="PUT" sourcename="PUT On [${THE_ENDPOINT}] Endpoint With Payload [${PAYLOAD}] And Validate Status Code Is [${EXPECTED_STATUS_CODE}]">
<doc>Send put request and validate status code</doc>
<kw name="PUT On Session" library="RequestsLibrary">
<var>${Response}</var>
<arg>fakerestapi</arg>
<arg>url=${THE_ENDPOINT}</arg>
<arg>json=${PAYLOAD}</arg>
<arg>expected_status=${EXPECTED_STATUS_CODE}</arg>
<doc>Sends a PUT request on a previously created HTTP Session.</doc>
<msg timestamp="20250928 19:51:43.774" level="INFO">PUT Request : url=https://fakerestapi.azurewebsites.net/api/v1/Books/99999 
 path_url=/api/v1/Books/99999 
 headers={'User-Agent': 'python-requests/2.31.0', 'Accept-Encoding': 'gzip, deflate', 'Accept': '*/*', 'Connection': 'keep-alive', 'Content-Length': '138', 'Content-Type': 'application/json'} 
 body=b'{"id": "abv123", "title": "Ghost Book", "description": "None", "pageCount": "10", "excerpt": "None", "publishDate": "2025-01-01T00:00:00"}' 
 </msg>
<msg timestamp="20250928 19:51:43.774" level="INFO">PUT Response : url=https://fakerestapi.azurewebsites.net/api/v1/Books/99999 
 status=400, reason=Bad Request 
 headers={'Content-Type': 'application/problem+json; charset=utf-8', 'Date': 'Sun, 28 Sep 2025 17:51:42 GMT', 'Server': 'Kestrel', 'Transfer-Encoding': 'chunked'} 
 body={"type":"https://tools.ietf.org/html/rfc7231#section-6.5.1","title":"One or more validation errors occurred.","status":400,"traceId":"00-2d43b6feca0c1a4a975a7e4dc5b541da-12b22ade4dc5d746-00","errors":{"$.id":["The JSON value could not be converted to System.Int32. Path: $.id | LineNumber: 0 | BytePositionInLine: 15."]}} 
 </msg>
<msg timestamp="20250928 19:51:43.774" level="INFO">${Response} = &lt;Response [400]&gt;</msg>
<status status="PASS" starttime="20250928 19:51:43.742" endtime="20250928 19:51:43.774"/>
</kw>
<kw name="Run Keyword And Ignore Error" library="BuiltIn">
<var>${JSON_Response}</var>
<arg>Convert String To Json</arg>
<arg>${Response.content}</arg>
<doc>Runs the given keyword with the given arguments and ignores possible error.</doc>
<kw name="Convert String To Json" library="JSONLibrary">
<arg>${Response.content}</arg>
<doc>Convert String to JSON object</doc>
<status status="PASS" starttime="20250928 19:51:43.774" endtime="20250928 19:51:43.790"/>
</kw>
<msg timestamp="20250928 19:51:43.790" level="INFO">${JSON_Response} = ('PASS', {'type': 'https://tools.ietf.org/html/rfc7231#section-6.5.1', 'title': 'One or more validation errors occurred.', 'status': 400, 'traceId': '00-2d43b6feca0c1a4a975a7e4dc5b541da-12b22ade4dc5d7...</msg>
<status status="PASS" starttime="20250928 19:51:43.774" endtime="20250928 19:51:43.790"/>
</kw>
<kw name="Set Global Variable" library="BuiltIn">
<arg>${JSON_Response}</arg>
<doc>Makes a variable available globally in all tests and suites.</doc>
<msg timestamp="20250928 19:51:43.790" level="INFO">${JSON_Response} = ('PASS', {'type': 'https://tools.ietf.org/html/rfc7231#section-6.5.1', 'title': 'One or more validation errors occurred.', 'status': 400, 'traceId': '00-2d43b6feca0c1a4a975a7e4dc5b541da-12b22ade4dc5d7...</msg>
<status status="PASS" starttime="20250928 19:51:43.790" endtime="20250928 19:51:43.790"/>
</kw>
<kw name="Convert To String" library="BuiltIn">
<var>${Actual_Response_Body}</var>
<arg>${JSON_Response}</arg>
<doc>Converts the given item to a Unicode string.</doc>
<msg timestamp="20250928 19:51:43.790" level="INFO">${Actual_Response_Body} = ('PASS', {'type': 'https://tools.ietf.org/html/rfc7231#section-6.5.1', 'title': 'One or more validation errors occurred.', 'status': 400, 'traceId': '00-2d43b6feca0c1a4a975a7e4dc5b541da-12b22ade4dc5d7...</msg>
<status status="PASS" starttime="20250928 19:51:43.790" endtime="20250928 19:51:43.790"/>
</kw>
<kw name="Set Global Variable" library="BuiltIn">
<arg>${Actual_Response_Body}</arg>
<doc>Makes a variable available globally in all tests and suites.</doc>
<msg timestamp="20250928 19:51:43.790" level="INFO">${Actual_Response_Body} = ('PASS', {'type': 'https://tools.ietf.org/html/rfc7231#section-6.5.1', 'title': 'One or more validation errors occurred.', 'status': 400, 'traceId': '00-2d43b6feca0c1a4a975a7e4dc5b541da-12b22ade4dc5d7...</msg>
<status status="PASS" starttime="20250928 19:51:43.790" endtime="20250928 19:51:43.790"/>
</kw>
<status status="PASS" starttime="20250928 19:51:43.726" endtime="20250928 19:51:43.790"/>
</kw>
<doc>Update Book With Non-Existing Id</doc>
<tag>C010</tag>
<status status="PASS" starttime="20250928 19:51:43.726" endtime="20250928 19:51:43.790"/>
</test>
<test id="s1-s1-s1-t11" name="TC11 Delete Book With Non-Existing Id" line="114">
<kw name="DELETE On [/${API}/${VERSION}/Books/ABC] Endpoint and Validate Status Code Is [400]" library="DELETE" sourcename="DELETE On [${THE_ENDPOINT}] Endpoint and Validate Status Code Is [${EXPECTED_STATUS_CODE}]">
<doc>Send delete request and validate status code</doc>
<kw name="DELETE On Session" library="RequestsLibrary">
<var>${Response}</var>
<arg>fakerestapi</arg>
<arg>url=${THE_ENDPOINT}</arg>
<arg>expected_status=${EXPECTED_STATUS_CODE}</arg>
<doc>Sends a DELETE request on a previously created HTTP Session.</doc>
<msg timestamp="20250928 19:51:43.837" level="INFO">DELETE Request : url=https://fakerestapi.azurewebsites.net/api/v1/Books/ABC 
 path_url=/api/v1/Books/ABC 
 headers={'User-Agent': 'python-requests/2.31.0', 'Accept-Encoding': 'gzip, deflate', 'Accept': '*/*', 'Connection': 'keep-alive', 'Content-Length': '0'} 
 body=None 
 </msg>
<msg timestamp="20250928 19:51:43.837" level="INFO">DELETE Response : url=https://fakerestapi.azurewebsites.net/api/v1/Books/ABC 
 status=400, reason=Bad Request 
 headers={'Content-Type': 'application/problem+json; charset=utf-8', 'Date': 'Sun, 28 Sep 2025 17:51:42 GMT', 'Server': 'Kestrel', 'Transfer-Encoding': 'chunked'} 
 body={"type":"https://tools.ietf.org/html/rfc7231#section-6.5.1","title":"One or more validation errors occurred.","status":400,"traceId":"00-66873c72312fe949b809c29f1c87d3e3-860cb4b34754c94c-00","errors":{"id":["The value 'ABC' is not valid."]}} 
 </msg>
<msg timestamp="20250928 19:51:43.837" level="INFO">${Response} = &lt;Response [400]&gt;</msg>
<status status="PASS" starttime="20250928 19:51:43.790" endtime="20250928 19:51:43.837"/>
</kw>
<kw name="Run Keyword And Ignore Error" library="BuiltIn">
<var>${JSON_Response}</var>
<arg>Convert String To Json</arg>
<arg>${Response.content}</arg>
<doc>Runs the given keyword with the given arguments and ignores possible error.</doc>
<kw name="Convert String To Json" library="JSONLibrary">
<arg>${Response.content}</arg>
<doc>Convert String to JSON object</doc>
<status status="PASS" starttime="20250928 19:51:43.837" endtime="20250928 19:51:43.837"/>
</kw>
<msg timestamp="20250928 19:51:43.837" level="INFO">${JSON_Response} = ('PASS', {'type': 'https://tools.ietf.org/html/rfc7231#section-6.5.1', 'title': 'One or more validation errors occurred.', 'status': 400, 'traceId': '00-66873c72312fe949b809c29f1c87d3e3-860cb4b34754c9...</msg>
<status status="PASS" starttime="20250928 19:51:43.837" endtime="20250928 19:51:43.837"/>
</kw>
<kw name="Set Global Variable" library="BuiltIn">
<arg>${JSON_Response}</arg>
<doc>Makes a variable available globally in all tests and suites.</doc>
<msg timestamp="20250928 19:51:43.837" level="INFO">${JSON_Response} = ('PASS', {'type': 'https://tools.ietf.org/html/rfc7231#section-6.5.1', 'title': 'One or more validation errors occurred.', 'status': 400, 'traceId': '00-66873c72312fe949b809c29f1c87d3e3-860cb4b34754c9...</msg>
<status status="PASS" starttime="20250928 19:51:43.837" endtime="20250928 19:51:43.837"/>
</kw>
<kw name="Convert To String" library="BuiltIn">
<var>${Actual_Response_Body}</var>
<arg>${JSON_Response}</arg>
<doc>Converts the given item to a Unicode string.</doc>
<msg timestamp="20250928 19:51:43.837" level="INFO">${Actual_Response_Body} = ('PASS', {'type': 'https://tools.ietf.org/html/rfc7231#section-6.5.1', 'title': 'One or more validation errors occurred.', 'status': 400, 'traceId': '00-66873c72312fe949b809c29f1c87d3e3-860cb4b34754c9...</msg>
<status status="PASS" starttime="20250928 19:51:43.837" endtime="20250928 19:51:43.837"/>
</kw>
<kw name="Set Global Variable" library="BuiltIn">
<arg>${Actual_Response_Body}</arg>
<doc>Makes a variable available globally in all tests and suites.</doc>
<msg timestamp="20250928 19:51:43.853" level="INFO">${Actual_Response_Body} = ('PASS', {'type': 'https://tools.ietf.org/html/rfc7231#section-6.5.1', 'title': 'One or more validation errors occurred.', 'status': 400, 'traceId': '00-66873c72312fe949b809c29f1c87d3e3-860cb4b34754c9...</msg>
<status status="PASS" starttime="20250928 19:51:43.853" endtime="20250928 19:51:43.853"/>
</kw>
<status status="PASS" starttime="20250928 19:51:43.790" endtime="20250928 19:51:43.853"/>
</kw>
<doc>Delete Book With Non-Existing Id</doc>
<tag>C011</tag>
<status status="PASS" starttime="20250928 19:51:43.790" endtime="20250928 19:51:43.853"/>
</test>
<status status="PASS" starttime="20250928 19:51:41.340" endtime="20250928 19:51:43.853"/>
</suite>
<status status="PASS" starttime="20250928 19:51:41.334" endtime="20250928 19:51:43.853"/>
</suite>
<status status="PASS" starttime="20250928 19:51:41.292" endtime="20250928 19:51:43.853"/>
</suite>
<statistics>
<total>
<stat pass="11" fail="0" skip="0">All Tests</stat>
</total>
<tag>
<stat pass="1" fail="0" skip="0">C001</stat>
<stat pass="1" fail="0" skip="0">C002</stat>
<stat pass="1" fail="0" skip="0">C003</stat>
<stat pass="1" fail="0" skip="0">C004</stat>
<stat pass="1" fail="0" skip="0">C005</stat>
<stat pass="1" fail="0" skip="0">C006</stat>
<stat pass="1" fail="0" skip="0">C007</stat>
<stat pass="1" fail="0" skip="0">C008</stat>
<stat pass="1" fail="0" skip="0">C009</stat>
<stat pass="1" fail="0" skip="0">C010</stat>
<stat pass="1" fail="0" skip="0">C011</stat>
</tag>
<suite>
<stat pass="11" fail="0" skip="0" id="s1" name="Avenga">Avenga</stat>
<stat pass="11" fail="0" skip="0" id="s1-s1" name="Tests">Avenga.Tests</stat>
<stat pass="11" fail="0" skip="0" id="s1-s1-s1" name="Books">Avenga.Tests.Books</stat>
</suite>
</statistics>
<errors>
</errors>
</robot>
