<?xml version="1.0" encoding="UTF-8"?>
<robot generator="Robot 6.1.1 (Python 3.11.5 on win32)" generated="20250928 18:56:49.134" rpa="false" schemaversion="4">
<suite id="s1" name="Tests" source="C:\workspace\Avenga\tests">
<suite id="s1-s1" name="Activities" source="C:\workspace\Avenga\tests\Activities.robot">
<kw name="Create Session To API" library="Settings" type="SETUP">
<kw name="Create Session" library="RequestsLibrary">
<arg>fakerestapi</arg>
<arg>${BASE_URL}</arg>
<arg>verify=${False}</arg>
<arg>disable_warnings=${True}</arg>
<doc>Create Session: create a HTTP session to a server</doc>
<msg timestamp="20250928 18:56:49.511" level="INFO">Creating Session using : alias=fakerestapi, url=https://fakerestapi.azurewebsites.net, headers={},                     cookies={}, auth=None, timeout=None, proxies=None, verify=False,                     debug=0 </msg>
<status status="PASS" starttime="20250928 18:56:49.509" endtime="20250928 18:56:49.511"/>
</kw>
<status status="PASS" starttime="20250928 18:56:49.509" endtime="20250928 18:56:49.511"/>
</kw>
<test id="s1-s1-t1" name="TC01 Get All Activities" line="19">
<kw name="GET On [/${API}/${VERSION}/Activities] Endpoint And Validate That Status Code Is [200]" library="GET" sourcename="GET on [${ENDPOINT}] endpoint and validate that status code is [${EXPECTED_STATUS_CODE}]">
<doc>Send get request and validate status code</doc>
<kw name="GET On Session" library="RequestsLibrary">
<var>${Response}</var>
<arg>fakerestapi</arg>
<arg>url=${ENDPOINT}</arg>
<arg>expected_status=${EXPECTED_STATUS_CODE}</arg>
<doc>Sends a GET request on a previously created HTTP Session.</doc>
<msg timestamp="20250928 18:56:49.724" level="INFO">GET Request : url=https://fakerestapi.azurewebsites.net/api/v1/Activities 
 path_url=/api/v1/Activities 
 headers={'User-Agent': 'python-requests/2.31.0', 'Accept-Encoding': 'gzip, deflate', 'Accept': '*/*', 'Connection': 'keep-alive'} 
 body=None 
 </msg>
<msg timestamp="20250928 18:56:49.724" level="INFO">GET Response : url=https://fakerestapi.azurewebsites.net/api/v1/Activities 
 status=200, reason=OK 
 headers={'Content-Type': 'application/json; charset=utf-8; v=1.0', 'Date': 'Sun, 28 Sep 2025 16:56:47 GMT', 'Server': 'Kestrel', 'Transfer-Encoding': 'chunked', 'api-supported-versions': '1.0'} 
 body=[{"id":1,"title":"Activity 1","dueDate":"2025-09-28T17:56:48.5364264+00:00","completed":false},{"id":2,"title":"Activity 2","dueDate":"2025-09-28T18:56:48.5364286+00:00","completed":true},{"id":3,"title":"Activity 3","dueDate":"2025-09-28T19:56:48.536429+00:00","completed":false},{"id":4,"title":"Activity 4","dueDate":"2025-09-28T20:56:48.5364293+00:00","completed":true},{"id":5,"title":"Activity 5","dueDate":"2025-09-28T21:56:48.5364296+00:00","completed":false},{"id":6,"title":"Activity 6","dueDate":"2025-09-28T22:56:48.5364304+00:00","completed":true},{"id":7,"title":"Activity 7","dueDate":"2025-09-28T23:56:48.5364307+00:00","completed":false},{"id":8,"title":"Activity 8","dueDate":"2025-09-29T00:56:48.536431+00:00","completed":true},{"id":9,"title":"Activity 9","dueDate":"2025-09-29T01:56:48.5364312+00:00","completed":false},{"id":10,"title":"Activity 10","dueDate":"2025-09-29T02:56:48.5364318+00:00","completed":true},{"id":11,"title":"Activity 11","dueDate":"2025-09-29T03:56:48.5364321+00:00","completed":false},{"id":12,"title":"Activity 12","dueDate":"2025-09-29T04:56:48.5364325+00:00","completed":true},{"id":13,"title":"Activity 13","dueDate":"2025-09-29T05:56:48.5364327+00:00","completed":false},{"id":14,"title":"Activity 14","dueDate":"2025-09-29T06:56:48.536433+00:00","completed":true},{"id":15,"title":"Activity 15","dueDate":"2025-09-29T07:56:48.5364334+00:00","completed":false},{"id":16,"title":"Activity 16","dueDate":"2025-09-29T08:56:48.5364337+00:00","completed":true},{"id":17,"title":"Activity 17","dueDate":"2025-09-29T09:56:48.536434+00:00","completed":false},{"id":18,"title":"Activity 18","dueDate":"2025-09-29T10:56:48.5364344+00:00","completed":true},{"id":19,"title":"Activity 19","dueDate":"2025-09-29T11:56:48.5364347+00:00","completed":false},{"id":20,"title":"Activity 20","dueDate":"2025-09-29T12:56:48.536435+00:00","completed":true},{"id":21,"title":"Activity 21","dueDate":"2025-09-29T13:56:48.5364353+00:00","completed":false},{"id":22,"title":"Activity 22","dueDate":"2025-09-29T14:56:48.5364356+00:00","completed":true},{"id":23,"title":"Activity 23","dueDate":"2025-09-29T15:56:48.5364359+00:00","completed":false},{"id":24,"title":"Activity 24","dueDate":"2025-09-29T16:56:48.5364362+00:00","completed":true},{"id":25,"title":"Activity 25","dueDate":"2025-09-29T17:56:48.5364365+00:00","completed":false},{"id":26,"title":"Activity 26","dueDate":"2025-09-29T18:56:48.5364368+00:00","completed":true},{"id":27,"title":"Activity 27","dueDate":"2025-09-29T19:56:48.5364371+00:00","completed":false},{"id":28,"title":"Activity 28","dueDate":"2025-09-29T20:56:48.5364374+00:00","completed":true},{"id":29,"title":"Activity 29","dueDate":"2025-09-29T21:56:48.5364377+00:00","completed":false},{"id":30,"title":"Activity 30","dueDate":"2025-09-29T22:56:48.536438+00:00","completed":true}] 
 </msg>
<msg timestamp="20250928 18:56:49.724" level="INFO">${Response} = &lt;Response [200]&gt;</msg>
<status status="PASS" starttime="20250928 18:56:49.513" endtime="20250928 18:56:49.724"/>
</kw>
<kw name="Run Keyword And Ignore Error" library="BuiltIn">
<var>${JSON_Response}</var>
<arg>Convert String To Json</arg>
<arg>${Response.content}</arg>
<doc>Runs the given keyword with the given arguments and ignores possible error.</doc>
<kw name="Convert String To Json" library="JSONLibrary">
<arg>${Response.content}</arg>
<doc>Convert String to JSON object</doc>
<status status="PASS" starttime="20250928 18:56:49.726" endtime="20250928 18:56:49.726"/>
</kw>
<msg timestamp="20250928 18:56:49.726" level="INFO">${JSON_Response} = ('PASS', [{'id': 1, 'title': 'Activity 1', 'dueDate': '2025-09-28T17:56:48.5364264+00:00', 'completed': False}, {'id': 2, 'title': 'Activity 2', 'dueDate': '2025-09-28T18:56:48.5364286+00:00', 'comple...</msg>
<status status="PASS" starttime="20250928 18:56:49.724" endtime="20250928 18:56:49.726"/>
</kw>
<kw name="Set Global Variable" library="BuiltIn">
<arg>${JSON_Response}</arg>
<doc>Makes a variable available globally in all tests and suites.</doc>
<msg timestamp="20250928 18:56:49.726" level="INFO">${JSON_Response} = ('PASS', [{'id': 1, 'title': 'Activity 1', 'dueDate': '2025-09-28T17:56:48.5364264+00:00', 'completed': False}, {'id': 2, 'title': 'Activity 2', 'dueDate': '2025-09-28T18:56:48.5364286+00:00', 'comple...</msg>
<status status="PASS" starttime="20250928 18:56:49.726" endtime="20250928 18:56:49.726"/>
</kw>
<kw name="Convert To String" library="BuiltIn">
<var>${Actual_Response_Body}</var>
<arg>${JSON_Response}</arg>
<doc>Converts the given item to a Unicode string.</doc>
<msg timestamp="20250928 18:56:49.728" level="INFO">${Actual_Response_Body} = ('PASS', [{'id': 1, 'title': 'Activity 1', 'dueDate': '2025-09-28T17:56:48.5364264+00:00', 'completed': False}, {'id': 2, 'title': 'Activity 2', 'dueDate': '2025-09-28T18:56:48.5364286+00:00', 'comple...</msg>
<status status="PASS" starttime="20250928 18:56:49.726" endtime="20250928 18:56:49.728"/>
</kw>
<kw name="Set Global Variable" library="BuiltIn">
<arg>${Actual_Response_Body}</arg>
<doc>Makes a variable available globally in all tests and suites.</doc>
<msg timestamp="20250928 18:56:49.728" level="INFO">${Actual_Response_Body} = ('PASS', [{'id': 1, 'title': 'Activity 1', 'dueDate': '2025-09-28T17:56:48.5364264+00:00', 'completed': False}, {'id': 2, 'title': 'Activity 2', 'dueDate': '2025-09-28T18:56:48.5364286+00:00', 'comple...</msg>
<status status="PASS" starttime="20250928 18:56:49.728" endtime="20250928 18:56:49.728"/>
</kw>
<status status="PASS" starttime="20250928 18:56:49.511" endtime="20250928 18:56:49.728"/>
</kw>
<kw name="Get From List" library="Collections">
<var>${activitylist}</var>
<arg>${JSON_Response}</arg>
<arg>1</arg>
<doc>Returns the value specified with an ``index`` from ``list``.</doc>
<msg timestamp="20250928 18:56:49.728" level="INFO">${activitylist} = [{'id': 1, 'title': 'Activity 1', 'dueDate': '2025-09-28T17:56:48.5364264+00:00', 'completed': False}, {'id': 2, 'title': 'Activity 2', 'dueDate': '2025-09-28T18:56:48.5364286+00:00', 'completed': Tru...</msg>
<status status="PASS" starttime="20250928 18:56:49.728" endtime="20250928 18:56:49.728"/>
</kw>
<kw name="Get From List" library="Collections">
<var>${first_activity}</var>
<arg>${activitylist}</arg>
<arg>0</arg>
<doc>Returns the value specified with an ``index`` from ``list``.</doc>
<msg timestamp="20250928 18:56:49.728" level="INFO">${first_activity} = {'id': 1, 'title': 'Activity 1', 'dueDate': '2025-09-28T17:56:48.5364264+00:00', 'completed': False}</msg>
<status status="PASS" starttime="20250928 18:56:49.728" endtime="20250928 18:56:49.728"/>
</kw>
<kw name="Get From Dictionary" library="Collections">
<var>${id}</var>
<arg>${first_activity}</arg>
<arg>id</arg>
<doc>Returns a value from the given ``dictionary`` based on the given ``key``.</doc>
<msg timestamp="20250928 18:56:49.730" level="INFO">${id} = 1</msg>
<status status="PASS" starttime="20250928 18:56:49.728" endtime="20250928 18:56:49.730"/>
</kw>
<kw name="Get From Dictionary" library="Collections">
<var>${title}</var>
<arg>${first_activity}</arg>
<arg>title</arg>
<doc>Returns a value from the given ``dictionary`` based on the given ``key``.</doc>
<msg timestamp="20250928 18:56:49.730" level="INFO">${title} = Activity 1</msg>
<status status="PASS" starttime="20250928 18:56:49.730" endtime="20250928 18:56:49.730"/>
</kw>
<kw name="Get From Dictionary" library="Collections">
<var>${dueDate}</var>
<arg>${first_activity}</arg>
<arg>dueDate</arg>
<doc>Returns a value from the given ``dictionary`` based on the given ``key``.</doc>
<msg timestamp="20250928 18:56:49.730" level="INFO">${dueDate} = 2025-09-28T17:56:48.5364264+00:00</msg>
<status status="PASS" starttime="20250928 18:56:49.730" endtime="20250928 18:56:49.730"/>
</kw>
<kw name="Get From Dictionary" library="Collections">
<var>${completed}</var>
<arg>${first_activity}</arg>
<arg>completed</arg>
<doc>Returns a value from the given ``dictionary`` based on the given ``key``.</doc>
<msg timestamp="20250928 18:56:49.730" level="INFO">${completed} = False</msg>
<status status="PASS" starttime="20250928 18:56:49.730" endtime="20250928 18:56:49.730"/>
</kw>
<kw name="Should Be Equal As Integers" library="BuiltIn">
<arg>${id}</arg>
<arg>1</arg>
<doc>Fails if objects are unequal after converting them to integers.</doc>
<msg timestamp="20250928 18:56:49.730" level="INFO">Argument types are:
&lt;class 'int'&gt;
&lt;class 'str'&gt;</msg>
<status status="PASS" starttime="20250928 18:56:49.730" endtime="20250928 18:56:49.732"/>
</kw>
<kw name="Should Be Equal" library="BuiltIn">
<arg>${title}</arg>
<arg>Activity 1</arg>
<doc>Fails if the given objects are unequal.</doc>
<status status="PASS" starttime="20250928 18:56:49.732" endtime="20250928 18:56:49.732"/>
</kw>
<kw name="Should Be Equal" library="BuiltIn">
<arg>${completed}</arg>
<arg>${False}</arg>
<doc>Fails if the given objects are unequal.</doc>
<status status="PASS" starttime="20250928 18:56:49.732" endtime="20250928 18:56:49.732"/>
</kw>
<kw name="Should Match Regexp" library="BuiltIn">
<arg>${dueDate}</arg>
<arg>^\\d{4}-\\d{2}-\\d{2}T\\d{2}:\\d{2}:\\d{2}(\\.\\d+)?([+-]\\d{2}:\\d{2}|Z)$</arg>
<doc>Fails if ``string`` does not match ``pattern`` as a regular expression.</doc>
<status status="PASS" starttime="20250928 18:56:49.732" endtime="20250928 18:56:49.732"/>
</kw>
<status status="PASS" starttime="20250928 18:56:49.511" endtime="20250928 18:56:49.732"/>
</test>
<test id="s1-s1-t2" name="TC02 Get Activity By Valid Id" line="34">
<kw name="GET On [/${API}/${VERSION}/Activities/1] Endpoint And Validate That Status Code Is [200]" library="GET" sourcename="GET on [${ENDPOINT}] endpoint and validate that status code is [${EXPECTED_STATUS_CODE}]">
<doc>Send get request and validate status code</doc>
<kw name="GET On Session" library="RequestsLibrary">
<var>${Response}</var>
<arg>fakerestapi</arg>
<arg>url=${ENDPOINT}</arg>
<arg>expected_status=${EXPECTED_STATUS_CODE}</arg>
<doc>Sends a GET request on a previously created HTTP Session.</doc>
<msg timestamp="20250928 18:56:49.772" level="INFO">GET Request : url=https://fakerestapi.azurewebsites.net/api/v1/Activities/1 
 path_url=/api/v1/Activities/1 
 headers={'User-Agent': 'python-requests/2.31.0', 'Accept-Encoding': 'gzip, deflate', 'Accept': '*/*', 'Connection': 'keep-alive'} 
 body=None 
 </msg>
<msg timestamp="20250928 18:56:49.772" level="INFO">GET Response : url=https://fakerestapi.azurewebsites.net/api/v1/Activities/1 
 status=200, reason=OK 
 headers={'Content-Type': 'application/json; charset=utf-8; v=1.0', 'Date': 'Sun, 28 Sep 2025 16:56:47 GMT', 'Server': 'Kestrel', 'Transfer-Encoding': 'chunked', 'api-supported-versions': '1.0'} 
 body={"id":1,"title":"Activity 1","dueDate":"2025-09-28T17:56:48.5891994+00:00","completed":false} 
 </msg>
<msg timestamp="20250928 18:56:49.772" level="INFO">${Response} = &lt;Response [200]&gt;</msg>
<status status="PASS" starttime="20250928 18:56:49.734" endtime="20250928 18:56:49.772"/>
</kw>
<kw name="Run Keyword And Ignore Error" library="BuiltIn">
<var>${JSON_Response}</var>
<arg>Convert String To Json</arg>
<arg>${Response.content}</arg>
<doc>Runs the given keyword with the given arguments and ignores possible error.</doc>
<kw name="Convert String To Json" library="JSONLibrary">
<arg>${Response.content}</arg>
<doc>Convert String to JSON object</doc>
<status status="PASS" starttime="20250928 18:56:49.772" endtime="20250928 18:56:49.772"/>
</kw>
<msg timestamp="20250928 18:56:49.772" level="INFO">${JSON_Response} = ('PASS', {'id': 1, 'title': 'Activity 1', 'dueDate': '2025-09-28T17:56:48.5891994+00:00', 'completed': False})</msg>
<status status="PASS" starttime="20250928 18:56:49.772" endtime="20250928 18:56:49.772"/>
</kw>
<kw name="Set Global Variable" library="BuiltIn">
<arg>${JSON_Response}</arg>
<doc>Makes a variable available globally in all tests and suites.</doc>
<msg timestamp="20250928 18:56:49.772" level="INFO">${JSON_Response} = ('PASS', {'id': 1, 'title': 'Activity 1', 'dueDate': '2025-09-28T17:56:48.5891994+00:00', 'completed': False})</msg>
<status status="PASS" starttime="20250928 18:56:49.772" endtime="20250928 18:56:49.772"/>
</kw>
<kw name="Convert To String" library="BuiltIn">
<var>${Actual_Response_Body}</var>
<arg>${JSON_Response}</arg>
<doc>Converts the given item to a Unicode string.</doc>
<msg timestamp="20250928 18:56:49.772" level="INFO">${Actual_Response_Body} = ('PASS', {'id': 1, 'title': 'Activity 1', 'dueDate': '2025-09-28T17:56:48.5891994+00:00', 'completed': False})</msg>
<status status="PASS" starttime="20250928 18:56:49.772" endtime="20250928 18:56:49.772"/>
</kw>
<kw name="Set Global Variable" library="BuiltIn">
<arg>${Actual_Response_Body}</arg>
<doc>Makes a variable available globally in all tests and suites.</doc>
<msg timestamp="20250928 18:56:49.772" level="INFO">${Actual_Response_Body} = ('PASS', {'id': 1, 'title': 'Activity 1', 'dueDate': '2025-09-28T17:56:48.5891994+00:00', 'completed': False})</msg>
<status status="PASS" starttime="20250928 18:56:49.772" endtime="20250928 18:56:49.772"/>
</kw>
<status status="PASS" starttime="20250928 18:56:49.734" endtime="20250928 18:56:49.772"/>
</kw>
<kw name="Validate That The Response Contains ['id': 1] Data" library="Validations" sourcename="Validate that the response contains [${EXPECTED_DATA}] data">
<doc>Validation of response</doc>
<kw name="Should Contain" library="BuiltIn">
<arg>${Actual_Response_Body}</arg>
<arg>${EXPECTED_DATA}</arg>
<arg>ignore_case=${False}</arg>
<doc>Fails if ``container`` does not contain ``item`` one or more times.</doc>
<status status="PASS" starttime="20250928 18:56:49.772" endtime="20250928 18:56:49.772"/>
</kw>
<status status="PASS" starttime="20250928 18:56:49.772" endtime="20250928 18:56:49.772"/>
</kw>
<kw name="Validate That The Response Contains ['title': 'Activity 1'] Data" library="Validations" sourcename="Validate that the response contains [${EXPECTED_DATA}] data">
<doc>Validation of response</doc>
<kw name="Should Contain" library="BuiltIn">
<arg>${Actual_Response_Body}</arg>
<arg>${EXPECTED_DATA}</arg>
<arg>ignore_case=${False}</arg>
<doc>Fails if ``container`` does not contain ``item`` one or more times.</doc>
<status status="PASS" starttime="20250928 18:56:49.772" endtime="20250928 18:56:49.772"/>
</kw>
<status status="PASS" starttime="20250928 18:56:49.772" endtime="20250928 18:56:49.772"/>
</kw>
<kw name="Validate That The Response Contains ['completed': ${False}] Data" library="Validations" sourcename="Validate that the response contains [${EXPECTED_DATA}] data">
<doc>Validation of response</doc>
<kw name="Should Contain" library="BuiltIn">
<arg>${Actual_Response_Body}</arg>
<arg>${EXPECTED_DATA}</arg>
<arg>ignore_case=${False}</arg>
<doc>Fails if ``container`` does not contain ``item`` one or more times.</doc>
<status status="PASS" starttime="20250928 18:56:49.772" endtime="20250928 18:56:49.772"/>
</kw>
<status status="PASS" starttime="20250928 18:56:49.772" endtime="20250928 18:56:49.772"/>
</kw>
<status status="PASS" starttime="20250928 18:56:49.732" endtime="20250928 18:56:49.772"/>
</test>
<test id="s1-s1-t3" name="TC03 Create Activity With Valid Payload" line="40">
<kw name="Generate Random String" library="String">
<var>${first_digit}</var>
<arg>1</arg>
<arg>123456789</arg>
<doc>Generates a string with a desired ``length`` from the given ``chars``.</doc>
<msg timestamp="20250928 18:56:49.772" level="INFO">${first_digit} = 8</msg>
<status status="PASS" starttime="20250928 18:56:49.772" endtime="20250928 18:56:49.772"/>
</kw>
<kw name="Generate Random String" library="String">
<var>${rest}</var>
<arg>4</arg>
<arg>0123456789</arg>
<doc>Generates a string with a desired ``length`` from the given ``chars``.</doc>
<msg timestamp="20250928 18:56:49.785" level="INFO">${rest} = 1630</msg>
<status status="PASS" starttime="20250928 18:56:49.772" endtime="20250928 18:56:49.785"/>
</kw>
<kw name="Set Variable" library="BuiltIn">
<var>${rnd_id}</var>
<arg>${first_digit}${rest}</arg>
<doc>Returns the given values which can then be assigned to a variables.</doc>
<msg timestamp="20250928 18:56:49.785" level="INFO">${rnd_id} = 81630</msg>
<status status="PASS" starttime="20250928 18:56:49.785" endtime="20250928 18:56:49.785"/>
</kw>
<kw name="Generate Random String" library="String">
<var>${rnd_title}</var>
<arg>5</arg>
<arg>[LETTERS]</arg>
<doc>Generates a string with a desired ``length`` from the given ``chars``.</doc>
<msg timestamp="20250928 18:56:49.785" level="INFO">${rnd_title} = pjBBx</msg>
<status status="PASS" starttime="20250928 18:56:49.785" endtime="20250928 18:56:49.785"/>
</kw>
<kw name="Create Dictionary" library="BuiltIn">
<var>${PAYLOAD}</var>
<arg>id=${rnd_id}</arg>
<arg>title=${rnd_title}</arg>
<arg>dueDate=2025-01-01T00:00:00</arg>
<arg>completed=${False}</arg>
<doc>Creates and returns a dictionary based on the given ``items``.</doc>
<msg timestamp="20250928 18:56:49.785" level="INFO">${PAYLOAD} = {'id': '81630', 'title': 'pjBBx', 'dueDate': '2025-01-01T00:00:00', 'completed': False}</msg>
<status status="PASS" starttime="20250928 18:56:49.785" endtime="20250928 18:56:49.785"/>
</kw>
<kw name="POST On [/${API}/${VERSION}/Activities] Endpoint With Payload [${PAYLOAD}] And Validate Status Code Is [200]" library="POST" sourcename="POST On [${THE_ENDPOINT}] Endpoint With Payload [${PAYLOAD}] And Validate Status Code Is [${EXPECTED_STATUS_CODE}]">
<doc>Send post request and validate status code</doc>
<kw name="POST On Session" library="RequestsLibrary">
<var>${Response}</var>
<arg>fakerestapi</arg>
<arg>url=${THE_ENDPOINT}</arg>
<arg>json=${PAYLOAD}</arg>
<arg>expected_status=${EXPECTED_STATUS_CODE}</arg>
<doc>Sends a POST request on a previously created HTTP Session.</doc>
<msg timestamp="20250928 18:56:49.820" level="INFO">POST Request : url=https://fakerestapi.azurewebsites.net/api/v1/Activities 
 path_url=/api/v1/Activities 
 headers={'User-Agent': 'python-requests/2.31.0', 'Accept-Encoding': 'gzip, deflate', 'Accept': '*/*', 'Connection': 'keep-alive', 'Content-Length': '87', 'Content-Type': 'application/json'} 
 body=b'{"id": "81630", "title": "pjBBx", "dueDate": "2025-01-01T00:00:00", "completed": false}' 
 </msg>
<msg timestamp="20250928 18:56:49.820" level="INFO">POST Response : url=https://fakerestapi.azurewebsites.net/api/v1/Activities 
 status=200, reason=OK 
 headers={'Content-Type': 'application/json; charset=utf-8; v=1.0', 'Date': 'Sun, 28 Sep 2025 16:56:47 GMT', 'Server': 'Kestrel', 'Transfer-Encoding': 'chunked', 'api-supported-versions': '1.0'} 
 body={"id":81630,"title":"pjBBx","dueDate":"2025-01-01T00:00:00","completed":false} 
 </msg>
<msg timestamp="20250928 18:56:49.820" level="INFO">${Response} = &lt;Response [200]&gt;</msg>
<status status="PASS" starttime="20250928 18:56:49.785" endtime="20250928 18:56:49.820"/>
</kw>
<kw name="Run Keyword And Ignore Error" library="BuiltIn">
<var>${JSON_Response}</var>
<arg>Convert String To Json</arg>
<arg>${Response.content}</arg>
<doc>Runs the given keyword with the given arguments and ignores possible error.</doc>
<kw name="Convert String To Json" library="JSONLibrary">
<arg>${Response.content}</arg>
<doc>Convert String to JSON object</doc>
<status status="PASS" starttime="20250928 18:56:49.820" endtime="20250928 18:56:49.820"/>
</kw>
<msg timestamp="20250928 18:56:49.820" level="INFO">${JSON_Response} = ('PASS', {'id': 81630, 'title': 'pjBBx', 'dueDate': '2025-01-01T00:00:00', 'completed': False})</msg>
<status status="PASS" starttime="20250928 18:56:49.820" endtime="20250928 18:56:49.820"/>
</kw>
<kw name="Set Global Variable" library="BuiltIn">
<arg>${JSON_Response}</arg>
<doc>Makes a variable available globally in all tests and suites.</doc>
<msg timestamp="20250928 18:56:49.820" level="INFO">${JSON_Response} = ('PASS', {'id': 81630, 'title': 'pjBBx', 'dueDate': '2025-01-01T00:00:00', 'completed': False})</msg>
<status status="PASS" starttime="20250928 18:56:49.820" endtime="20250928 18:56:49.820"/>
</kw>
<kw name="Convert To String" library="BuiltIn">
<var>${Actual_Response_Body}</var>
<arg>${JSON_Response}</arg>
<doc>Converts the given item to a Unicode string.</doc>
<msg timestamp="20250928 18:56:49.820" level="INFO">${Actual_Response_Body} = ('PASS', {'id': 81630, 'title': 'pjBBx', 'dueDate': '2025-01-01T00:00:00', 'completed': False})</msg>
<status status="PASS" starttime="20250928 18:56:49.820" endtime="20250928 18:56:49.820"/>
</kw>
<kw name="Set Global Variable" library="BuiltIn">
<arg>${Actual_Response_Body}</arg>
<doc>Makes a variable available globally in all tests and suites.</doc>
<msg timestamp="20250928 18:56:49.820" level="INFO">${Actual_Response_Body} = ('PASS', {'id': 81630, 'title': 'pjBBx', 'dueDate': '2025-01-01T00:00:00', 'completed': False})</msg>
<status status="PASS" starttime="20250928 18:56:49.820" endtime="20250928 18:56:49.820"/>
</kw>
<status status="PASS" starttime="20250928 18:56:49.785" endtime="20250928 18:56:49.820"/>
</kw>
<kw name="Validate That The Response Contains ['id': ${rnd_id}] Data" library="Validations" sourcename="Validate that the response contains [${EXPECTED_DATA}] data">
<doc>Validation of response</doc>
<kw name="Should Contain" library="BuiltIn">
<arg>${Actual_Response_Body}</arg>
<arg>${EXPECTED_DATA}</arg>
<arg>ignore_case=${False}</arg>
<doc>Fails if ``container`` does not contain ``item`` one or more times.</doc>
<status status="PASS" starttime="20250928 18:56:49.820" endtime="20250928 18:56:49.836"/>
</kw>
<status status="PASS" starttime="20250928 18:56:49.820" endtime="20250928 18:56:49.836"/>
</kw>
<kw name="Validate That The Response Contains ['title': '${rnd_title}'] Data" library="Validations" sourcename="Validate that the response contains [${EXPECTED_DATA}] data">
<doc>Validation of response</doc>
<kw name="Should Contain" library="BuiltIn">
<arg>${Actual_Response_Body}</arg>
<arg>${EXPECTED_DATA}</arg>
<arg>ignore_case=${False}</arg>
<doc>Fails if ``container`` does not contain ``item`` one or more times.</doc>
<status status="PASS" starttime="20250928 18:56:49.836" endtime="20250928 18:56:49.836"/>
</kw>
<status status="PASS" starttime="20250928 18:56:49.836" endtime="20250928 18:56:49.836"/>
</kw>
<kw name="Validate That The Response Contains ['completed': ${False}] Data" library="Validations" sourcename="Validate that the response contains [${EXPECTED_DATA}] data">
<doc>Validation of response</doc>
<kw name="Should Contain" library="BuiltIn">
<arg>${Actual_Response_Body}</arg>
<arg>${EXPECTED_DATA}</arg>
<arg>ignore_case=${False}</arg>
<doc>Fails if ``container`` does not contain ``item`` one or more times.</doc>
<status status="PASS" starttime="20250928 18:56:49.836" endtime="20250928 18:56:49.836"/>
</kw>
<status status="PASS" starttime="20250928 18:56:49.836" endtime="20250928 18:56:49.836"/>
</kw>
<status status="PASS" starttime="20250928 18:56:49.772" endtime="20250928 18:56:49.836"/>
</test>
<test id="s1-s1-t4" name="TC04 Update Activity With Valid Payload" line="51">
<kw name="Create Dictionary" library="BuiltIn">
<var>${PAYLOAD}</var>
<arg>id=1</arg>
<arg>title=Updated Activity</arg>
<arg>dueDate=2025-01-01T00:00:00</arg>
<arg>completed=${True}</arg>
<doc>Creates and returns a dictionary based on the given ``items``.</doc>
<msg timestamp="20250928 18:56:49.836" level="INFO">${PAYLOAD} = {'id': '1', 'title': 'Updated Activity', 'dueDate': '2025-01-01T00:00:00', 'completed': True}</msg>
<status status="PASS" starttime="20250928 18:56:49.836" endtime="20250928 18:56:49.836"/>
</kw>
<kw name="PUT On [/${API}/${VERSION}/Activities/1] Endpoint With Payload [${PAYLOAD}] And Validate Status Code Is [200]" library="PUT" sourcename="PUT On [${THE_ENDPOINT}] Endpoint With Payload [${PAYLOAD}] And Validate Status Code Is [${EXPECTED_STATUS_CODE}]">
<doc>Send put request and validate status code</doc>
<kw name="PUT On Session" library="RequestsLibrary">
<var>${Response}</var>
<arg>fakerestapi</arg>
<arg>url=${THE_ENDPOINT}</arg>
<arg>json=${PAYLOAD}</arg>
<arg>expected_status=${EXPECTED_STATUS_CODE}</arg>
<doc>Sends a PUT request on a previously created HTTP Session.</doc>
<msg timestamp="20250928 18:56:49.885" level="INFO">PUT Request : url=https://fakerestapi.azurewebsites.net/api/v1/Activities/1 
 path_url=/api/v1/Activities/1 
 headers={'User-Agent': 'python-requests/2.31.0', 'Accept-Encoding': 'gzip, deflate', 'Accept': '*/*', 'Connection': 'keep-alive', 'Content-Length': '93', 'Content-Type': 'application/json'} 
 body=b'{"id": "1", "title": "Updated Activity", "dueDate": "2025-01-01T00:00:00", "completed": true}' 
 </msg>
<msg timestamp="20250928 18:56:49.885" level="INFO">PUT Response : url=https://fakerestapi.azurewebsites.net/api/v1/Activities/1 
 status=200, reason=OK 
 headers={'Content-Type': 'application/json; charset=utf-8; v=1.0', 'Date': 'Sun, 28 Sep 2025 16:56:48 GMT', 'Server': 'Kestrel', 'Transfer-Encoding': 'chunked', 'api-supported-versions': '1.0'} 
 body={"id":1,"title":"Updated Activity","dueDate":"2025-01-01T00:00:00","completed":true} 
 </msg>
<msg timestamp="20250928 18:56:49.885" level="INFO">${Response} = &lt;Response [200]&gt;</msg>
<status status="PASS" starttime="20250928 18:56:49.836" endtime="20250928 18:56:49.885"/>
</kw>
<kw name="Run Keyword And Ignore Error" library="BuiltIn">
<var>${JSON_Response}</var>
<arg>Convert String To Json</arg>
<arg>${Response.content}</arg>
<doc>Runs the given keyword with the given arguments and ignores possible error.</doc>
<kw name="Convert String To Json" library="JSONLibrary">
<arg>${Response.content}</arg>
<doc>Convert String to JSON object</doc>
<status status="PASS" starttime="20250928 18:56:49.885" endtime="20250928 18:56:49.885"/>
</kw>
<msg timestamp="20250928 18:56:49.885" level="INFO">${JSON_Response} = ('PASS', {'id': 1, 'title': 'Updated Activity', 'dueDate': '2025-01-01T00:00:00', 'completed': True})</msg>
<status status="PASS" starttime="20250928 18:56:49.885" endtime="20250928 18:56:49.885"/>
</kw>
<kw name="Set Global Variable" library="BuiltIn">
<arg>${JSON_Response}</arg>
<doc>Makes a variable available globally in all tests and suites.</doc>
<msg timestamp="20250928 18:56:49.885" level="INFO">${JSON_Response} = ('PASS', {'id': 1, 'title': 'Updated Activity', 'dueDate': '2025-01-01T00:00:00', 'completed': True})</msg>
<status status="PASS" starttime="20250928 18:56:49.885" endtime="20250928 18:56:49.885"/>
</kw>
<kw name="Convert To String" library="BuiltIn">
<var>${Actual_Response_Body}</var>
<arg>${JSON_Response}</arg>
<doc>Converts the given item to a Unicode string.</doc>
<msg timestamp="20250928 18:56:49.885" level="INFO">${Actual_Response_Body} = ('PASS', {'id': 1, 'title': 'Updated Activity', 'dueDate': '2025-01-01T00:00:00', 'completed': True})</msg>
<status status="PASS" starttime="20250928 18:56:49.885" endtime="20250928 18:56:49.885"/>
</kw>
<kw name="Set Global Variable" library="BuiltIn">
<arg>${Actual_Response_Body}</arg>
<doc>Makes a variable available globally in all tests and suites.</doc>
<msg timestamp="20250928 18:56:49.885" level="INFO">${Actual_Response_Body} = ('PASS', {'id': 1, 'title': 'Updated Activity', 'dueDate': '2025-01-01T00:00:00', 'completed': True})</msg>
<status status="PASS" starttime="20250928 18:56:49.885" endtime="20250928 18:56:49.885"/>
</kw>
<status status="PASS" starttime="20250928 18:56:49.836" endtime="20250928 18:56:49.885"/>
</kw>
<kw name="Validate That The Response Contains ['title': 'Updated Activity'] Data" library="Validations" sourcename="Validate that the response contains [${EXPECTED_DATA}] data">
<doc>Validation of response</doc>
<kw name="Should Contain" library="BuiltIn">
<arg>${Actual_Response_Body}</arg>
<arg>${EXPECTED_DATA}</arg>
<arg>ignore_case=${False}</arg>
<doc>Fails if ``container`` does not contain ``item`` one or more times.</doc>
<status status="PASS" starttime="20250928 18:56:49.885" endtime="20250928 18:56:49.885"/>
</kw>
<status status="PASS" starttime="20250928 18:56:49.885" endtime="20250928 18:56:49.885"/>
</kw>
<kw name="Validate That The Response Contains ['completed': ${True}] Data" library="Validations" sourcename="Validate that the response contains [${EXPECTED_DATA}] data">
<doc>Validation of response</doc>
<kw name="Should Contain" library="BuiltIn">
<arg>${Actual_Response_Body}</arg>
<arg>${EXPECTED_DATA}</arg>
<arg>ignore_case=${False}</arg>
<doc>Fails if ``container`` does not contain ``item`` one or more times.</doc>
<status status="PASS" starttime="20250928 18:56:49.899" endtime="20250928 18:56:49.899"/>
</kw>
<status status="PASS" starttime="20250928 18:56:49.885" endtime="20250928 18:56:49.899"/>
</kw>
<status status="PASS" starttime="20250928 18:56:49.836" endtime="20250928 18:56:49.899"/>
</test>
<test id="s1-s1-t5" name="TC05 Delete Activity With Valid Id" line="57">
<kw name="Generate Random String" library="String">
<var>${first_digit}</var>
<arg>1</arg>
<arg>123456789</arg>
<doc>Generates a string with a desired ``length`` from the given ``chars``.</doc>
<msg timestamp="20250928 18:56:49.899" level="INFO">${first_digit} = 5</msg>
<status status="PASS" starttime="20250928 18:56:49.899" endtime="20250928 18:56:49.899"/>
</kw>
<kw name="Generate Random String" library="String">
<var>${rest}</var>
<arg>4</arg>
<arg>0123456789</arg>
<doc>Generates a string with a desired ``length`` from the given ``chars``.</doc>
<msg timestamp="20250928 18:56:49.901" level="INFO">${rest} = 9070</msg>
<status status="PASS" starttime="20250928 18:56:49.901" endtime="20250928 18:56:49.901"/>
</kw>
<kw name="Set Variable" library="BuiltIn">
<var>${rnd_id}</var>
<arg>${first_digit}${rest}</arg>
<doc>Returns the given values which can then be assigned to a variables.</doc>
<msg timestamp="20250928 18:56:49.901" level="INFO">${rnd_id} = 59070</msg>
<status status="PASS" starttime="20250928 18:56:49.901" endtime="20250928 18:56:49.901"/>
</kw>
<kw name="Generate Random String" library="String">
<var>${rnd_title}</var>
<arg>5</arg>
<arg>[LETTERS]</arg>
<doc>Generates a string with a desired ``length`` from the given ``chars``.</doc>
<msg timestamp="20250928 18:56:49.901" level="INFO">${rnd_title} = pJfQb</msg>
<status status="PASS" starttime="20250928 18:56:49.901" endtime="20250928 18:56:49.901"/>
</kw>
<kw name="Create Dictionary" library="BuiltIn">
<var>${PAYLOAD}</var>
<arg>id=${rnd_id}</arg>
<arg>title=${rnd_title}</arg>
<arg>dueDate=2025-01-01T00:00:00</arg>
<arg>completed=${False}</arg>
<doc>Creates and returns a dictionary based on the given ``items``.</doc>
<msg timestamp="20250928 18:56:49.903" level="INFO">${PAYLOAD} = {'id': '59070', 'title': 'pJfQb', 'dueDate': '2025-01-01T00:00:00', 'completed': False}</msg>
<status status="PASS" starttime="20250928 18:56:49.901" endtime="20250928 18:56:49.903"/>
</kw>
<kw name="POST On [/${API}/${VERSION}/Activities] Endpoint With Payload [${PAYLOAD}] And Validate Status Code Is [200]" library="POST" sourcename="POST On [${THE_ENDPOINT}] Endpoint With Payload [${PAYLOAD}] And Validate Status Code Is [${EXPECTED_STATUS_CODE}]">
<doc>Send post request and validate status code</doc>
<kw name="POST On Session" library="RequestsLibrary">
<var>${Response}</var>
<arg>fakerestapi</arg>
<arg>url=${THE_ENDPOINT}</arg>
<arg>json=${PAYLOAD}</arg>
<arg>expected_status=${EXPECTED_STATUS_CODE}</arg>
<doc>Sends a POST request on a previously created HTTP Session.</doc>
<msg timestamp="20250928 18:56:49.943" level="INFO">POST Request : url=https://fakerestapi.azurewebsites.net/api/v1/Activities 
 path_url=/api/v1/Activities 
 headers={'User-Agent': 'python-requests/2.31.0', 'Accept-Encoding': 'gzip, deflate', 'Accept': '*/*', 'Connection': 'keep-alive', 'Content-Length': '87', 'Content-Type': 'application/json'} 
 body=b'{"id": "59070", "title": "pJfQb", "dueDate": "2025-01-01T00:00:00", "completed": false}' 
 </msg>
<msg timestamp="20250928 18:56:49.943" level="INFO">POST Response : url=https://fakerestapi.azurewebsites.net/api/v1/Activities 
 status=200, reason=OK 
 headers={'Content-Type': 'application/json; charset=utf-8; v=1.0', 'Date': 'Sun, 28 Sep 2025 16:56:48 GMT', 'Server': 'Kestrel', 'Transfer-Encoding': 'chunked', 'api-supported-versions': '1.0'} 
 body={"id":59070,"title":"pJfQb","dueDate":"2025-01-01T00:00:00","completed":false} 
 </msg>
<msg timestamp="20250928 18:56:49.943" level="INFO">${Response} = &lt;Response [200]&gt;</msg>
<status status="PASS" starttime="20250928 18:56:49.903" endtime="20250928 18:56:49.943"/>
</kw>
<kw name="Run Keyword And Ignore Error" library="BuiltIn">
<var>${JSON_Response}</var>
<arg>Convert String To Json</arg>
<arg>${Response.content}</arg>
<doc>Runs the given keyword with the given arguments and ignores possible error.</doc>
<kw name="Convert String To Json" library="JSONLibrary">
<arg>${Response.content}</arg>
<doc>Convert String to JSON object</doc>
<status status="PASS" starttime="20250928 18:56:49.943" endtime="20250928 18:56:49.943"/>
</kw>
<msg timestamp="20250928 18:56:49.943" level="INFO">${JSON_Response} = ('PASS', {'id': 59070, 'title': 'pJfQb', 'dueDate': '2025-01-01T00:00:00', 'completed': False})</msg>
<status status="PASS" starttime="20250928 18:56:49.943" endtime="20250928 18:56:49.943"/>
</kw>
<kw name="Set Global Variable" library="BuiltIn">
<arg>${JSON_Response}</arg>
<doc>Makes a variable available globally in all tests and suites.</doc>
<msg timestamp="20250928 18:56:49.943" level="INFO">${JSON_Response} = ('PASS', {'id': 59070, 'title': 'pJfQb', 'dueDate': '2025-01-01T00:00:00', 'completed': False})</msg>
<status status="PASS" starttime="20250928 18:56:49.943" endtime="20250928 18:56:49.943"/>
</kw>
<kw name="Convert To String" library="BuiltIn">
<var>${Actual_Response_Body}</var>
<arg>${JSON_Response}</arg>
<doc>Converts the given item to a Unicode string.</doc>
<msg timestamp="20250928 18:56:49.943" level="INFO">${Actual_Response_Body} = ('PASS', {'id': 59070, 'title': 'pJfQb', 'dueDate': '2025-01-01T00:00:00', 'completed': False})</msg>
<status status="PASS" starttime="20250928 18:56:49.943" endtime="20250928 18:56:49.943"/>
</kw>
<kw name="Set Global Variable" library="BuiltIn">
<arg>${Actual_Response_Body}</arg>
<doc>Makes a variable available globally in all tests and suites.</doc>
<msg timestamp="20250928 18:56:49.943" level="INFO">${Actual_Response_Body} = ('PASS', {'id': 59070, 'title': 'pJfQb', 'dueDate': '2025-01-01T00:00:00', 'completed': False})</msg>
<status status="PASS" starttime="20250928 18:56:49.943" endtime="20250928 18:56:49.950"/>
</kw>
<status status="PASS" starttime="20250928 18:56:49.903" endtime="20250928 18:56:49.950"/>
</kw>
<kw name="DELETE On [/${API}/${VERSION}/Activities/${rnd_id}] Endpoint And Validate Status Code Is [200]" library="DELETE" sourcename="DELETE On [${THE_ENDPOINT}] Endpoint and Validate Status Code Is [${EXPECTED_STATUS_CODE}]">
<doc>Send delete request and validate status code</doc>
<kw name="DELETE On Session" library="RequestsLibrary">
<var>${Response}</var>
<arg>fakerestapi</arg>
<arg>url=${THE_ENDPOINT}</arg>
<arg>expected_status=${EXPECTED_STATUS_CODE}</arg>
<doc>Sends a DELETE request on a previously created HTTP Session.</doc>
<msg timestamp="20250928 18:56:49.998" level="INFO">DELETE Request : url=https://fakerestapi.azurewebsites.net/api/v1/Activities/59070 
 path_url=/api/v1/Activities/59070 
 headers={'User-Agent': 'python-requests/2.31.0', 'Accept-Encoding': 'gzip, deflate', 'Accept': '*/*', 'Connection': 'keep-alive', 'Content-Length': '0'} 
 body=None 
 </msg>
<msg timestamp="20250928 18:56:49.998" level="INFO">DELETE Response : url=https://fakerestapi.azurewebsites.net/api/v1/Activities/59070 
 status=200, reason=OK 
 headers={'Content-Length': '0', 'Date': 'Sun, 28 Sep 2025 16:56:48 GMT', 'Server': 'Kestrel', 'api-supported-versions': '1.0'} 
 body=None 
 </msg>
<msg timestamp="20250928 18:56:49.998" level="INFO">${Response} = &lt;Response [200]&gt;</msg>
<status status="PASS" starttime="20250928 18:56:49.950" endtime="20250928 18:56:49.998"/>
</kw>
<kw name="Run Keyword And Ignore Error" library="BuiltIn">
<var>${JSON_Response}</var>
<arg>Convert String To Json</arg>
<arg>${Response.content}</arg>
<doc>Runs the given keyword with the given arguments and ignores possible error.</doc>
<kw name="Convert String To Json" library="JSONLibrary">
<arg>${Response.content}</arg>
<doc>Convert String to JSON object</doc>
<msg timestamp="20250928 18:56:50.001" level="FAIL">JSONDecodeError: Expecting value: line 1 column 1 (char 0)</msg>
<status status="FAIL" starttime="20250928 18:56:49.998" endtime="20250928 18:56:50.003"/>
</kw>
<msg timestamp="20250928 18:56:50.003" level="INFO">${JSON_Response} = ('FAIL', 'JSONDecodeError: Expecting value: line 1 column 1 (char 0)')</msg>
<status status="PASS" starttime="20250928 18:56:49.998" endtime="20250928 18:56:50.003"/>
</kw>
<kw name="Set Global Variable" library="BuiltIn">
<arg>${JSON_Response}</arg>
<doc>Makes a variable available globally in all tests and suites.</doc>
<msg timestamp="20250928 18:56:50.005" level="INFO">${JSON_Response} = ('FAIL', 'JSONDecodeError: Expecting value: line 1 column 1 (char 0)')</msg>
<status status="PASS" starttime="20250928 18:56:50.003" endtime="20250928 18:56:50.005"/>
</kw>
<kw name="Convert To String" library="BuiltIn">
<var>${Actual_Response_Body}</var>
<arg>${JSON_Response}</arg>
<doc>Converts the given item to a Unicode string.</doc>
<msg timestamp="20250928 18:56:50.005" level="INFO">${Actual_Response_Body} = ('FAIL', 'JSONDecodeError: Expecting value: line 1 column 1 (char 0)')</msg>
<status status="PASS" starttime="20250928 18:56:50.005" endtime="20250928 18:56:50.005"/>
</kw>
<kw name="Set Global Variable" library="BuiltIn">
<arg>${Actual_Response_Body}</arg>
<doc>Makes a variable available globally in all tests and suites.</doc>
<msg timestamp="20250928 18:56:50.005" level="INFO">${Actual_Response_Body} = ('FAIL', 'JSONDecodeError: Expecting value: line 1 column 1 (char 0)')</msg>
<status status="PASS" starttime="20250928 18:56:50.005" endtime="20250928 18:56:50.005"/>
</kw>
<status status="PASS" starttime="20250928 18:56:49.950" endtime="20250928 18:56:50.005"/>
</kw>
<kw name="GET On [/${API}/${VERSION}/Activities/${rnd_id}] Endpoint And Validate That Status Code Is [404]" library="GET" sourcename="GET on [${ENDPOINT}] endpoint and validate that status code is [${EXPECTED_STATUS_CODE}]">
<doc>Send get request and validate status code</doc>
<kw name="GET On Session" library="RequestsLibrary">
<var>${Response}</var>
<arg>fakerestapi</arg>
<arg>url=${ENDPOINT}</arg>
<arg>expected_status=${EXPECTED_STATUS_CODE}</arg>
<doc>Sends a GET request on a previously created HTTP Session.</doc>
<msg timestamp="20250928 18:56:50.372" level="INFO">GET Request : url=https://fakerestapi.azurewebsites.net/api/v1/Activities/59070 
 path_url=/api/v1/Activities/59070 
 headers={'User-Agent': 'python-requests/2.31.0', 'Accept-Encoding': 'gzip, deflate', 'Accept': '*/*', 'Connection': 'keep-alive'} 
 body=None 
 </msg>
<msg timestamp="20250928 18:56:50.372" level="INFO">GET Response : url=https://fakerestapi.azurewebsites.net/api/v1/Activities/59070 
 status=404, reason=Not Found 
 headers={'Content-Type': 'application/problem+json; charset=utf-8; v=1.0', 'Date': 'Sun, 28 Sep 2025 16:56:48 GMT', 'Server': 'Kestrel', 'Transfer-Encoding': 'chunked', 'api-supported-versions': '1.0'} 
 body={"type":"https://tools.ietf.org/html/rfc7231#section-6.5.4","title":"Not Found","status":404,"traceId":"00-6bac49b2f3f9094ea8f422177959679d-6c8a9a239129b145-00"} 
 </msg>
<msg timestamp="20250928 18:56:50.372" level="INFO">${Response} = &lt;Response [404]&gt;</msg>
<status status="PASS" starttime="20250928 18:56:50.007" endtime="20250928 18:56:50.372"/>
</kw>
<kw name="Run Keyword And Ignore Error" library="BuiltIn">
<var>${JSON_Response}</var>
<arg>Convert String To Json</arg>
<arg>${Response.content}</arg>
<doc>Runs the given keyword with the given arguments and ignores possible error.</doc>
<kw name="Convert String To Json" library="JSONLibrary">
<arg>${Response.content}</arg>
<doc>Convert String to JSON object</doc>
<status status="PASS" starttime="20250928 18:56:50.374" endtime="20250928 18:56:50.375"/>
</kw>
<msg timestamp="20250928 18:56:50.375" level="INFO">${JSON_Response} = ('PASS', {'type': 'https://tools.ietf.org/html/rfc7231#section-6.5.4', 'title': 'Not Found', 'status': 404, 'traceId': '00-6bac49b2f3f9094ea8f422177959679d-6c8a9a239129b145-00'})</msg>
<status status="PASS" starttime="20250928 18:56:50.372" endtime="20250928 18:56:50.375"/>
</kw>
<kw name="Set Global Variable" library="BuiltIn">
<arg>${JSON_Response}</arg>
<doc>Makes a variable available globally in all tests and suites.</doc>
<msg timestamp="20250928 18:56:50.375" level="INFO">${JSON_Response} = ('PASS', {'type': 'https://tools.ietf.org/html/rfc7231#section-6.5.4', 'title': 'Not Found', 'status': 404, 'traceId': '00-6bac49b2f3f9094ea8f422177959679d-6c8a9a239129b145-00'})</msg>
<status status="PASS" starttime="20250928 18:56:50.375" endtime="20250928 18:56:50.375"/>
</kw>
<kw name="Convert To String" library="BuiltIn">
<var>${Actual_Response_Body}</var>
<arg>${JSON_Response}</arg>
<doc>Converts the given item to a Unicode string.</doc>
<msg timestamp="20250928 18:56:50.375" level="INFO">${Actual_Response_Body} = ('PASS', {'type': 'https://tools.ietf.org/html/rfc7231#section-6.5.4', 'title': 'Not Found', 'status': 404, 'traceId': '00-6bac49b2f3f9094ea8f422177959679d-6c8a9a239129b145-00'})</msg>
<status status="PASS" starttime="20250928 18:56:50.375" endtime="20250928 18:56:50.375"/>
</kw>
<kw name="Set Global Variable" library="BuiltIn">
<arg>${Actual_Response_Body}</arg>
<doc>Makes a variable available globally in all tests and suites.</doc>
<msg timestamp="20250928 18:56:50.375" level="INFO">${Actual_Response_Body} = ('PASS', {'type': 'https://tools.ietf.org/html/rfc7231#section-6.5.4', 'title': 'Not Found', 'status': 404, 'traceId': '00-6bac49b2f3f9094ea8f422177959679d-6c8a9a239129b145-00'})</msg>
<status status="PASS" starttime="20250928 18:56:50.375" endtime="20250928 18:56:50.375"/>
</kw>
<status status="PASS" starttime="20250928 18:56:50.007" endtime="20250928 18:56:50.375"/>
</kw>
<status status="PASS" starttime="20250928 18:56:49.899" endtime="20250928 18:56:50.375"/>
</test>
<test id="s1-s1-t6" name="TC06 Get Activity By Invalid Id" line="71">
<kw name="GET On [/${API}/${VERSION}/Activities/99999] Endpoint And Validate That Status Code Is [404]" library="GET" sourcename="GET on [${ENDPOINT}] endpoint and validate that status code is [${EXPECTED_STATUS_CODE}]">
<doc>Send get request and validate status code</doc>
<kw name="GET On Session" library="RequestsLibrary">
<var>${Response}</var>
<arg>fakerestapi</arg>
<arg>url=${ENDPOINT}</arg>
<arg>expected_status=${EXPECTED_STATUS_CODE}</arg>
<doc>Sends a GET request on a previously created HTTP Session.</doc>
<msg timestamp="20250928 18:56:50.476" level="INFO">GET Request : url=https://fakerestapi.azurewebsites.net/api/v1/Activities/99999 
 path_url=/api/v1/Activities/99999 
 headers={'User-Agent': 'python-requests/2.31.0', 'Accept-Encoding': 'gzip, deflate', 'Accept': '*/*', 'Connection': 'keep-alive'} 
 body=None 
 </msg>
<msg timestamp="20250928 18:56:50.476" level="INFO">GET Response : url=https://fakerestapi.azurewebsites.net/api/v1/Activities/99999 
 status=404, reason=Not Found 
 headers={'Content-Type': 'application/problem+json; charset=utf-8; v=1.0', 'Date': 'Sun, 28 Sep 2025 16:56:48 GMT', 'Server': 'Kestrel', 'Transfer-Encoding': 'chunked', 'api-supported-versions': '1.0'} 
 body={"type":"https://tools.ietf.org/html/rfc7231#section-6.5.4","title":"Not Found","status":404,"traceId":"00-d0a8b2fe40fc374a94a641c9c348c031-9fdb8f86f3fa204a-00"} 
 </msg>
<msg timestamp="20250928 18:56:50.476" level="INFO">${Response} = &lt;Response [404]&gt;</msg>
<status status="PASS" starttime="20250928 18:56:50.375" endtime="20250928 18:56:50.476"/>
</kw>
<kw name="Run Keyword And Ignore Error" library="BuiltIn">
<var>${JSON_Response}</var>
<arg>Convert String To Json</arg>
<arg>${Response.content}</arg>
<doc>Runs the given keyword with the given arguments and ignores possible error.</doc>
<kw name="Convert String To Json" library="JSONLibrary">
<arg>${Response.content}</arg>
<doc>Convert String to JSON object</doc>
<status status="PASS" starttime="20250928 18:56:50.476" endtime="20250928 18:56:50.476"/>
</kw>
<msg timestamp="20250928 18:56:50.476" level="INFO">${JSON_Response} = ('PASS', {'type': 'https://tools.ietf.org/html/rfc7231#section-6.5.4', 'title': 'Not Found', 'status': 404, 'traceId': '00-d0a8b2fe40fc374a94a641c9c348c031-9fdb8f86f3fa204a-00'})</msg>
<status status="PASS" starttime="20250928 18:56:50.476" endtime="20250928 18:56:50.476"/>
</kw>
<kw name="Set Global Variable" library="BuiltIn">
<arg>${JSON_Response}</arg>
<doc>Makes a variable available globally in all tests and suites.</doc>
<msg timestamp="20250928 18:56:50.476" level="INFO">${JSON_Response} = ('PASS', {'type': 'https://tools.ietf.org/html/rfc7231#section-6.5.4', 'title': 'Not Found', 'status': 404, 'traceId': '00-d0a8b2fe40fc374a94a641c9c348c031-9fdb8f86f3fa204a-00'})</msg>
<status status="PASS" starttime="20250928 18:56:50.476" endtime="20250928 18:56:50.476"/>
</kw>
<kw name="Convert To String" library="BuiltIn">
<var>${Actual_Response_Body}</var>
<arg>${JSON_Response}</arg>
<doc>Converts the given item to a Unicode string.</doc>
<msg timestamp="20250928 18:56:50.476" level="INFO">${Actual_Response_Body} = ('PASS', {'type': 'https://tools.ietf.org/html/rfc7231#section-6.5.4', 'title': 'Not Found', 'status': 404, 'traceId': '00-d0a8b2fe40fc374a94a641c9c348c031-9fdb8f86f3fa204a-00'})</msg>
<status status="PASS" starttime="20250928 18:56:50.476" endtime="20250928 18:56:50.476"/>
</kw>
<kw name="Set Global Variable" library="BuiltIn">
<arg>${Actual_Response_Body}</arg>
<doc>Makes a variable available globally in all tests and suites.</doc>
<msg timestamp="20250928 18:56:50.476" level="INFO">${Actual_Response_Body} = ('PASS', {'type': 'https://tools.ietf.org/html/rfc7231#section-6.5.4', 'title': 'Not Found', 'status': 404, 'traceId': '00-d0a8b2fe40fc374a94a641c9c348c031-9fdb8f86f3fa204a-00'})</msg>
<status status="PASS" starttime="20250928 18:56:50.476" endtime="20250928 18:56:50.476"/>
</kw>
<status status="PASS" starttime="20250928 18:56:50.375" endtime="20250928 18:56:50.476"/>
</kw>
<status status="PASS" starttime="20250928 18:56:50.375" endtime="20250928 18:56:50.476"/>
</test>
<test id="s1-s1-t7" name="TC07 Get Activity With Non-Numeric Id" line="74">
<kw name="GET On [/${API}/${VERSION}/Activities/abc] Endpoint And Validate That Status Code Is [400]" library="GET" sourcename="GET on [${ENDPOINT}] endpoint and validate that status code is [${EXPECTED_STATUS_CODE}]">
<doc>Send get request and validate status code</doc>
<kw name="GET On Session" library="RequestsLibrary">
<var>${Response}</var>
<arg>fakerestapi</arg>
<arg>url=${ENDPOINT}</arg>
<arg>expected_status=${EXPECTED_STATUS_CODE}</arg>
<doc>Sends a GET request on a previously created HTTP Session.</doc>
<msg timestamp="20250928 18:56:50.535" level="INFO">GET Request : url=https://fakerestapi.azurewebsites.net/api/v1/Activities/abc 
 path_url=/api/v1/Activities/abc 
 headers={'User-Agent': 'python-requests/2.31.0', 'Accept-Encoding': 'gzip, deflate', 'Accept': '*/*', 'Connection': 'keep-alive'} 
 body=None 
 </msg>
<msg timestamp="20250928 18:56:50.535" level="INFO">GET Response : url=https://fakerestapi.azurewebsites.net/api/v1/Activities/abc 
 status=400, reason=Bad Request 
 headers={'Content-Type': 'application/problem+json; charset=utf-8', 'Date': 'Sun, 28 Sep 2025 16:56:48 GMT', 'Server': 'Kestrel', 'Transfer-Encoding': 'chunked'} 
 body={"type":"https://tools.ietf.org/html/rfc7231#section-6.5.1","title":"One or more validation errors occurred.","status":400,"traceId":"00-fd4844373708ed4782a6d1ae942d996a-10ee48a4ecd66b4a-00","errors":{"id":["The value 'abc' is not valid."]}} 
 </msg>
<msg timestamp="20250928 18:56:50.535" level="INFO">${Response} = &lt;Response [400]&gt;</msg>
<status status="PASS" starttime="20250928 18:56:50.476" endtime="20250928 18:56:50.535"/>
</kw>
<kw name="Run Keyword And Ignore Error" library="BuiltIn">
<var>${JSON_Response}</var>
<arg>Convert String To Json</arg>
<arg>${Response.content}</arg>
<doc>Runs the given keyword with the given arguments and ignores possible error.</doc>
<kw name="Convert String To Json" library="JSONLibrary">
<arg>${Response.content}</arg>
<doc>Convert String to JSON object</doc>
<status status="PASS" starttime="20250928 18:56:50.535" endtime="20250928 18:56:50.535"/>
</kw>
<msg timestamp="20250928 18:56:50.535" level="INFO">${JSON_Response} = ('PASS', {'type': 'https://tools.ietf.org/html/rfc7231#section-6.5.1', 'title': 'One or more validation errors occurred.', 'status': 400, 'traceId': '00-fd4844373708ed4782a6d1ae942d996a-10ee48a4ecd66b...</msg>
<status status="PASS" starttime="20250928 18:56:50.535" endtime="20250928 18:56:50.535"/>
</kw>
<kw name="Set Global Variable" library="BuiltIn">
<arg>${JSON_Response}</arg>
<doc>Makes a variable available globally in all tests and suites.</doc>
<msg timestamp="20250928 18:56:50.535" level="INFO">${JSON_Response} = ('PASS', {'type': 'https://tools.ietf.org/html/rfc7231#section-6.5.1', 'title': 'One or more validation errors occurred.', 'status': 400, 'traceId': '00-fd4844373708ed4782a6d1ae942d996a-10ee48a4ecd66b...</msg>
<status status="PASS" starttime="20250928 18:56:50.535" endtime="20250928 18:56:50.535"/>
</kw>
<kw name="Convert To String" library="BuiltIn">
<var>${Actual_Response_Body}</var>
<arg>${JSON_Response}</arg>
<doc>Converts the given item to a Unicode string.</doc>
<msg timestamp="20250928 18:56:50.535" level="INFO">${Actual_Response_Body} = ('PASS', {'type': 'https://tools.ietf.org/html/rfc7231#section-6.5.1', 'title': 'One or more validation errors occurred.', 'status': 400, 'traceId': '00-fd4844373708ed4782a6d1ae942d996a-10ee48a4ecd66b...</msg>
<status status="PASS" starttime="20250928 18:56:50.535" endtime="20250928 18:56:50.535"/>
</kw>
<kw name="Set Global Variable" library="BuiltIn">
<arg>${Actual_Response_Body}</arg>
<doc>Makes a variable available globally in all tests and suites.</doc>
<msg timestamp="20250928 18:56:50.535" level="INFO">${Actual_Response_Body} = ('PASS', {'type': 'https://tools.ietf.org/html/rfc7231#section-6.5.1', 'title': 'One or more validation errors occurred.', 'status': 400, 'traceId': '00-fd4844373708ed4782a6d1ae942d996a-10ee48a4ecd66b...</msg>
<status status="PASS" starttime="20250928 18:56:50.535" endtime="20250928 18:56:50.535"/>
</kw>
<status status="PASS" starttime="20250928 18:56:50.476" endtime="20250928 18:56:50.535"/>
</kw>
<status status="PASS" starttime="20250928 18:56:50.476" endtime="20250928 18:56:50.535"/>
</test>
<test id="s1-s1-t8" name="TC08 Create Activity With Missing Required Field" line="77">
<kw name="Generate Random String" library="String">
<var>${first_digit}</var>
<arg>1</arg>
<arg>123456789</arg>
<doc>Generates a string with a desired ``length`` from the given ``chars``.</doc>
<msg timestamp="20250928 18:56:50.535" level="INFO">${first_digit} = 4</msg>
<status status="PASS" starttime="20250928 18:56:50.535" endtime="20250928 18:56:50.535"/>
</kw>
<kw name="Generate Random String" library="String">
<var>${rest}</var>
<arg>4</arg>
<arg>0123456789</arg>
<doc>Generates a string with a desired ``length`` from the given ``chars``.</doc>
<msg timestamp="20250928 18:56:50.535" level="INFO">${rest} = 0318</msg>
<status status="PASS" starttime="20250928 18:56:50.535" endtime="20250928 18:56:50.535"/>
</kw>
<kw name="Set Variable" library="BuiltIn">
<var>${rnd_id}</var>
<arg>${first_digit}${rest}</arg>
<doc>Returns the given values which can then be assigned to a variables.</doc>
<msg timestamp="20250928 18:56:50.535" level="INFO">${rnd_id} = 40318</msg>
<status status="PASS" starttime="20250928 18:56:50.535" endtime="20250928 18:56:50.535"/>
</kw>
<kw name="Create Dictionary" library="BuiltIn">
<var>${PAYLOAD}</var>
<arg>id=${EMPTY}</arg>
<arg>completed=${False}</arg>
<doc>Creates and returns a dictionary based on the given ``items``.</doc>
<msg timestamp="20250928 18:56:50.535" level="INFO">${PAYLOAD} = {'id': '', 'completed': False}</msg>
<status status="PASS" starttime="20250928 18:56:50.535" endtime="20250928 18:56:50.535"/>
</kw>
<kw name="POST On [/${API}/${VERSION}/Activities] Endpoint With Payload [${PAYLOAD}] And Validate Status Code Is [400]" library="POST" sourcename="POST On [${THE_ENDPOINT}] Endpoint With Payload [${PAYLOAD}] And Validate Status Code Is [${EXPECTED_STATUS_CODE}]">
<doc>Send post request and validate status code</doc>
<kw name="POST On Session" library="RequestsLibrary">
<var>${Response}</var>
<arg>fakerestapi</arg>
<arg>url=${THE_ENDPOINT}</arg>
<arg>json=${PAYLOAD}</arg>
<arg>expected_status=${EXPECTED_STATUS_CODE}</arg>
<doc>Sends a POST request on a previously created HTTP Session.</doc>
<msg timestamp="20250928 18:56:50.590" level="INFO">POST Request : url=https://fakerestapi.azurewebsites.net/api/v1/Activities 
 path_url=/api/v1/Activities 
 headers={'User-Agent': 'python-requests/2.31.0', 'Accept-Encoding': 'gzip, deflate', 'Accept': '*/*', 'Connection': 'keep-alive', 'Content-Length': '30', 'Content-Type': 'application/json'} 
 body=b'{"id": "", "completed": false}' 
 </msg>
<msg timestamp="20250928 18:56:50.590" level="INFO">POST Response : url=https://fakerestapi.azurewebsites.net/api/v1/Activities 
 status=400, reason=Bad Request 
 headers={'Content-Type': 'application/problem+json; charset=utf-8', 'Date': 'Sun, 28 Sep 2025 16:56:48 GMT', 'Server': 'Kestrel', 'Transfer-Encoding': 'chunked'} 
 body={"type":"https://tools.ietf.org/html/rfc7231#section-6.5.1","title":"One or more validation errors occurred.","status":400,"traceId":"00-fce834b37c2851469451429ba4b425e4-5cfba830a62d0a46-00","errors":{"$.id":["The JSON value could not be converted to System.Int32. Path: $.id | LineNumber: 0 | BytePositionInLine: 9."]}} 
 </msg>
<msg timestamp="20250928 18:56:50.590" level="INFO">${Response} = &lt;Response [400]&gt;</msg>
<status status="PASS" starttime="20250928 18:56:50.543" endtime="20250928 18:56:50.590"/>
</kw>
<kw name="Run Keyword And Ignore Error" library="BuiltIn">
<var>${JSON_Response}</var>
<arg>Convert String To Json</arg>
<arg>${Response.content}</arg>
<doc>Runs the given keyword with the given arguments and ignores possible error.</doc>
<kw name="Convert String To Json" library="JSONLibrary">
<arg>${Response.content}</arg>
<doc>Convert String to JSON object</doc>
<status status="PASS" starttime="20250928 18:56:50.590" endtime="20250928 18:56:50.590"/>
</kw>
<msg timestamp="20250928 18:56:50.590" level="INFO">${JSON_Response} = ('PASS', {'type': 'https://tools.ietf.org/html/rfc7231#section-6.5.1', 'title': 'One or more validation errors occurred.', 'status': 400, 'traceId': '00-fce834b37c2851469451429ba4b425e4-5cfba830a62d0a...</msg>
<status status="PASS" starttime="20250928 18:56:50.590" endtime="20250928 18:56:50.590"/>
</kw>
<kw name="Set Global Variable" library="BuiltIn">
<arg>${JSON_Response}</arg>
<doc>Makes a variable available globally in all tests and suites.</doc>
<msg timestamp="20250928 18:56:50.594" level="INFO">${JSON_Response} = ('PASS', {'type': 'https://tools.ietf.org/html/rfc7231#section-6.5.1', 'title': 'One or more validation errors occurred.', 'status': 400, 'traceId': '00-fce834b37c2851469451429ba4b425e4-5cfba830a62d0a...</msg>
<status status="PASS" starttime="20250928 18:56:50.590" endtime="20250928 18:56:50.594"/>
</kw>
<kw name="Convert To String" library="BuiltIn">
<var>${Actual_Response_Body}</var>
<arg>${JSON_Response}</arg>
<doc>Converts the given item to a Unicode string.</doc>
<msg timestamp="20250928 18:56:50.594" level="INFO">${Actual_Response_Body} = ('PASS', {'type': 'https://tools.ietf.org/html/rfc7231#section-6.5.1', 'title': 'One or more validation errors occurred.', 'status': 400, 'traceId': '00-fce834b37c2851469451429ba4b425e4-5cfba830a62d0a...</msg>
<status status="PASS" starttime="20250928 18:56:50.594" endtime="20250928 18:56:50.594"/>
</kw>
<kw name="Set Global Variable" library="BuiltIn">
<arg>${Actual_Response_Body}</arg>
<doc>Makes a variable available globally in all tests and suites.</doc>
<msg timestamp="20250928 18:56:50.594" level="INFO">${Actual_Response_Body} = ('PASS', {'type': 'https://tools.ietf.org/html/rfc7231#section-6.5.1', 'title': 'One or more validation errors occurred.', 'status': 400, 'traceId': '00-fce834b37c2851469451429ba4b425e4-5cfba830a62d0a...</msg>
<status status="PASS" starttime="20250928 18:56:50.594" endtime="20250928 18:56:50.594"/>
</kw>
<status status="PASS" starttime="20250928 18:56:50.543" endtime="20250928 18:56:50.594"/>
</kw>
<status status="PASS" starttime="20250928 18:56:50.535" endtime="20250928 18:56:50.594"/>
</test>
<test id="s1-s1-t9" name="TC09 Create Activity With Invalid Data Type" line="84">
<kw name="Generate Random String" library="String">
<var>${first_digit}</var>
<arg>1</arg>
<arg>123456789</arg>
<doc>Generates a string with a desired ``length`` from the given ``chars``.</doc>
<msg timestamp="20250928 18:56:50.596" level="INFO">${first_digit} = 1</msg>
<status status="PASS" starttime="20250928 18:56:50.596" endtime="20250928 18:56:50.596"/>
</kw>
<kw name="Generate Random String" library="String">
<var>${rest}</var>
<arg>4</arg>
<arg>0123456789</arg>
<doc>Generates a string with a desired ``length`` from the given ``chars``.</doc>
<msg timestamp="20250928 18:56:50.596" level="INFO">${rest} = 8924</msg>
<status status="PASS" starttime="20250928 18:56:50.596" endtime="20250928 18:56:50.596"/>
</kw>
<kw name="Set Variable" library="BuiltIn">
<var>${rnd_id}</var>
<arg>${first_digit}${rest}</arg>
<doc>Returns the given values which can then be assigned to a variables.</doc>
<msg timestamp="20250928 18:56:50.596" level="INFO">${rnd_id} = 18924</msg>
<status status="PASS" starttime="20250928 18:56:50.596" endtime="20250928 18:56:50.596"/>
</kw>
<kw name="Create Dictionary" library="BuiltIn">
<var>${PAYLOAD}</var>
<arg>id=${rnd_id}</arg>
<arg>title=Invalid Activity</arg>
<arg>dueDate=InvalidDate</arg>
<arg>completed=maybe</arg>
<doc>Creates and returns a dictionary based on the given ``items``.</doc>
<msg timestamp="20250928 18:56:50.596" level="INFO">${PAYLOAD} = {'id': '18924', 'title': 'Invalid Activity', 'dueDate': 'InvalidDate', 'completed': 'maybe'}</msg>
<status status="PASS" starttime="20250928 18:56:50.596" endtime="20250928 18:56:50.596"/>
</kw>
<kw name="POST On [/${API}/${VERSION}/Activities] Endpoint With Payload [${PAYLOAD}] And Validate Status Code Is [400]" library="POST" sourcename="POST On [${THE_ENDPOINT}] Endpoint With Payload [${PAYLOAD}] And Validate Status Code Is [${EXPECTED_STATUS_CODE}]">
<doc>Send post request and validate status code</doc>
<kw name="POST On Session" library="RequestsLibrary">
<var>${Response}</var>
<arg>fakerestapi</arg>
<arg>url=${THE_ENDPOINT}</arg>
<arg>json=${PAYLOAD}</arg>
<arg>expected_status=${EXPECTED_STATUS_CODE}</arg>
<doc>Sends a POST request on a previously created HTTP Session.</doc>
<msg timestamp="20250928 18:56:50.647" level="INFO">POST Request : url=https://fakerestapi.azurewebsites.net/api/v1/Activities 
 path_url=/api/v1/Activities 
 headers={'User-Agent': 'python-requests/2.31.0', 'Accept-Encoding': 'gzip, deflate', 'Accept': '*/*', 'Connection': 'keep-alive', 'Content-Length': '92', 'Content-Type': 'application/json'} 
 body=b'{"id": "18924", "title": "Invalid Activity", "dueDate": "InvalidDate", "completed": "maybe"}' 
 </msg>
<msg timestamp="20250928 18:56:50.647" level="INFO">POST Response : url=https://fakerestapi.azurewebsites.net/api/v1/Activities 
 status=400, reason=Bad Request 
 headers={'Content-Type': 'application/problem+json; charset=utf-8', 'Date': 'Sun, 28 Sep 2025 16:56:48 GMT', 'Server': 'Kestrel', 'Transfer-Encoding': 'chunked'} 
 body={"type":"https://tools.ietf.org/html/rfc7231#section-6.5.1","title":"One or more validation errors occurred.","status":400,"traceId":"00-31fd1f12cc405e438a70b0f5f7670931-0da84f9cfe25b64d-00","errors":{"$.dueDate":["The JSON value could not be converted to System.DateTime. Path: $.dueDate | LineNumber: 0 | BytePositionInLine: 69."]}} 
 </msg>
<msg timestamp="20250928 18:56:50.647" level="INFO">${Response} = &lt;Response [400]&gt;</msg>
<status status="PASS" starttime="20250928 18:56:50.598" endtime="20250928 18:56:50.647"/>
</kw>
<kw name="Run Keyword And Ignore Error" library="BuiltIn">
<var>${JSON_Response}</var>
<arg>Convert String To Json</arg>
<arg>${Response.content}</arg>
<doc>Runs the given keyword with the given arguments and ignores possible error.</doc>
<kw name="Convert String To Json" library="JSONLibrary">
<arg>${Response.content}</arg>
<doc>Convert String to JSON object</doc>
<status status="PASS" starttime="20250928 18:56:50.647" endtime="20250928 18:56:50.647"/>
</kw>
<msg timestamp="20250928 18:56:50.647" level="INFO">${JSON_Response} = ('PASS', {'type': 'https://tools.ietf.org/html/rfc7231#section-6.5.1', 'title': 'One or more validation errors occurred.', 'status': 400, 'traceId': '00-31fd1f12cc405e438a70b0f5f7670931-0da84f9cfe25b6...</msg>
<status status="PASS" starttime="20250928 18:56:50.647" endtime="20250928 18:56:50.647"/>
</kw>
<kw name="Set Global Variable" library="BuiltIn">
<arg>${JSON_Response}</arg>
<doc>Makes a variable available globally in all tests and suites.</doc>
<msg timestamp="20250928 18:56:50.647" level="INFO">${JSON_Response} = ('PASS', {'type': 'https://tools.ietf.org/html/rfc7231#section-6.5.1', 'title': 'One or more validation errors occurred.', 'status': 400, 'traceId': '00-31fd1f12cc405e438a70b0f5f7670931-0da84f9cfe25b6...</msg>
<status status="PASS" starttime="20250928 18:56:50.647" endtime="20250928 18:56:50.647"/>
</kw>
<kw name="Convert To String" library="BuiltIn">
<var>${Actual_Response_Body}</var>
<arg>${JSON_Response}</arg>
<doc>Converts the given item to a Unicode string.</doc>
<msg timestamp="20250928 18:56:50.647" level="INFO">${Actual_Response_Body} = ('PASS', {'type': 'https://tools.ietf.org/html/rfc7231#section-6.5.1', 'title': 'One or more validation errors occurred.', 'status': 400, 'traceId': '00-31fd1f12cc405e438a70b0f5f7670931-0da84f9cfe25b6...</msg>
<status status="PASS" starttime="20250928 18:56:50.647" endtime="20250928 18:56:50.647"/>
</kw>
<kw name="Set Global Variable" library="BuiltIn">
<arg>${Actual_Response_Body}</arg>
<doc>Makes a variable available globally in all tests and suites.</doc>
<msg timestamp="20250928 18:56:50.647" level="INFO">${Actual_Response_Body} = ('PASS', {'type': 'https://tools.ietf.org/html/rfc7231#section-6.5.1', 'title': 'One or more validation errors occurred.', 'status': 400, 'traceId': '00-31fd1f12cc405e438a70b0f5f7670931-0da84f9cfe25b6...</msg>
<status status="PASS" starttime="20250928 18:56:50.647" endtime="20250928 18:56:50.647"/>
</kw>
<status status="PASS" starttime="20250928 18:56:50.598" endtime="20250928 18:56:50.647"/>
</kw>
<status status="PASS" starttime="20250928 18:56:50.594" endtime="20250928 18:56:50.647"/>
</test>
<test id="s1-s1-t10" name="TC10 Update Activity With Non-Existing Id" line="91">
<kw name="Create Dictionary" library="BuiltIn">
<var>${PAYLOAD}</var>
<arg>id=99999</arg>
<arg>title=Ghost Activity</arg>
<arg>dueDate=2025-01-01T00:00:00</arg>
<arg>completed=${False}</arg>
<doc>Creates and returns a dictionary based on the given ``items``.</doc>
<msg timestamp="20250928 18:56:50.647" level="INFO">${PAYLOAD} = {'id': '99999', 'title': 'Ghost Activity', 'dueDate': '2025-01-01T00:00:00', 'completed': False}</msg>
<status status="PASS" starttime="20250928 18:56:50.647" endtime="20250928 18:56:50.647"/>
</kw>
<kw name="PUT On [/${API}/${VERSION}/Activities/a1] Endpoint With Payload [${PAYLOAD}] And Validate Status Code Is [400]" library="PUT" sourcename="PUT On [${THE_ENDPOINT}] Endpoint With Payload [${PAYLOAD}] And Validate Status Code Is [${EXPECTED_STATUS_CODE}]">
<doc>Send put request and validate status code</doc>
<kw name="PUT On Session" library="RequestsLibrary">
<var>${Response}</var>
<arg>fakerestapi</arg>
<arg>url=${THE_ENDPOINT}</arg>
<arg>json=${PAYLOAD}</arg>
<arg>expected_status=${EXPECTED_STATUS_CODE}</arg>
<doc>Sends a PUT request on a previously created HTTP Session.</doc>
<msg timestamp="20250928 18:56:50.691" level="INFO">PUT Request : url=https://fakerestapi.azurewebsites.net/api/v1/Activities/a1 
 path_url=/api/v1/Activities/a1 
 headers={'User-Agent': 'python-requests/2.31.0', 'Accept-Encoding': 'gzip, deflate', 'Accept': '*/*', 'Connection': 'keep-alive', 'Content-Length': '96', 'Content-Type': 'application/json'} 
 body=b'{"id": "99999", "title": "Ghost Activity", "dueDate": "2025-01-01T00:00:00", "completed": false}' 
 </msg>
<msg timestamp="20250928 18:56:50.691" level="INFO">PUT Response : url=https://fakerestapi.azurewebsites.net/api/v1/Activities/a1 
 status=400, reason=Bad Request 
 headers={'Content-Type': 'application/problem+json; charset=utf-8', 'Date': 'Sun, 28 Sep 2025 16:56:48 GMT', 'Server': 'Kestrel', 'Transfer-Encoding': 'chunked'} 
 body={"type":"https://tools.ietf.org/html/rfc7231#section-6.5.1","title":"One or more validation errors occurred.","status":400,"traceId":"00-14fe92344471ad4388747c79934720e1-392a9b85e0ceef40-00","errors":{"id":["The value 'a1' is not valid."]}} 
 </msg>
<msg timestamp="20250928 18:56:50.691" level="INFO">${Response} = &lt;Response [400]&gt;</msg>
<status status="PASS" starttime="20250928 18:56:50.647" endtime="20250928 18:56:50.691"/>
</kw>
<kw name="Run Keyword And Ignore Error" library="BuiltIn">
<var>${JSON_Response}</var>
<arg>Convert String To Json</arg>
<arg>${Response.content}</arg>
<doc>Runs the given keyword with the given arguments and ignores possible error.</doc>
<kw name="Convert String To Json" library="JSONLibrary">
<arg>${Response.content}</arg>
<doc>Convert String to JSON object</doc>
<status status="PASS" starttime="20250928 18:56:50.691" endtime="20250928 18:56:50.691"/>
</kw>
<msg timestamp="20250928 18:56:50.691" level="INFO">${JSON_Response} = ('PASS', {'type': 'https://tools.ietf.org/html/rfc7231#section-6.5.1', 'title': 'One or more validation errors occurred.', 'status': 400, 'traceId': '00-14fe92344471ad4388747c79934720e1-392a9b85e0ceef...</msg>
<status status="PASS" starttime="20250928 18:56:50.691" endtime="20250928 18:56:50.691"/>
</kw>
<kw name="Set Global Variable" library="BuiltIn">
<arg>${JSON_Response}</arg>
<doc>Makes a variable available globally in all tests and suites.</doc>
<msg timestamp="20250928 18:56:50.695" level="INFO">${JSON_Response} = ('PASS', {'type': 'https://tools.ietf.org/html/rfc7231#section-6.5.1', 'title': 'One or more validation errors occurred.', 'status': 400, 'traceId': '00-14fe92344471ad4388747c79934720e1-392a9b85e0ceef...</msg>
<status status="PASS" starttime="20250928 18:56:50.691" endtime="20250928 18:56:50.695"/>
</kw>
<kw name="Convert To String" library="BuiltIn">
<var>${Actual_Response_Body}</var>
<arg>${JSON_Response}</arg>
<doc>Converts the given item to a Unicode string.</doc>
<msg timestamp="20250928 18:56:50.695" level="INFO">${Actual_Response_Body} = ('PASS', {'type': 'https://tools.ietf.org/html/rfc7231#section-6.5.1', 'title': 'One or more validation errors occurred.', 'status': 400, 'traceId': '00-14fe92344471ad4388747c79934720e1-392a9b85e0ceef...</msg>
<status status="PASS" starttime="20250928 18:56:50.695" endtime="20250928 18:56:50.695"/>
</kw>
<kw name="Set Global Variable" library="BuiltIn">
<arg>${Actual_Response_Body}</arg>
<doc>Makes a variable available globally in all tests and suites.</doc>
<msg timestamp="20250928 18:56:50.695" level="INFO">${Actual_Response_Body} = ('PASS', {'type': 'https://tools.ietf.org/html/rfc7231#section-6.5.1', 'title': 'One or more validation errors occurred.', 'status': 400, 'traceId': '00-14fe92344471ad4388747c79934720e1-392a9b85e0ceef...</msg>
<status status="PASS" starttime="20250928 18:56:50.695" endtime="20250928 18:56:50.695"/>
</kw>
<status status="PASS" starttime="20250928 18:56:50.647" endtime="20250928 18:56:50.695"/>
</kw>
<status status="PASS" starttime="20250928 18:56:50.647" endtime="20250928 18:56:50.695"/>
</test>
<test id="s1-s1-t11" name="TC11 Delete Activity With Non-Existing Id" line="95">
<kw name="DELETE On [/${API}/${VERSION}/Activities/ABC] Endpoint and Validate Status Code Is [400]" library="DELETE" sourcename="DELETE On [${THE_ENDPOINT}] Endpoint and Validate Status Code Is [${EXPECTED_STATUS_CODE}]">
<doc>Send delete request and validate status code</doc>
<kw name="DELETE On Session" library="RequestsLibrary">
<var>${Response}</var>
<arg>fakerestapi</arg>
<arg>url=${THE_ENDPOINT}</arg>
<arg>expected_status=${EXPECTED_STATUS_CODE}</arg>
<doc>Sends a DELETE request on a previously created HTTP Session.</doc>
<msg timestamp="20250928 18:56:50.728" level="INFO">DELETE Request : url=https://fakerestapi.azurewebsites.net/api/v1/Activities/ABC 
 path_url=/api/v1/Activities/ABC 
 headers={'User-Agent': 'python-requests/2.31.0', 'Accept-Encoding': 'gzip, deflate', 'Accept': '*/*', 'Connection': 'keep-alive', 'Content-Length': '0'} 
 body=None 
 </msg>
<msg timestamp="20250928 18:56:50.728" level="INFO">DELETE Response : url=https://fakerestapi.azurewebsites.net/api/v1/Activities/ABC 
 status=400, reason=Bad Request 
 headers={'Content-Type': 'application/problem+json; charset=utf-8', 'Date': 'Sun, 28 Sep 2025 16:56:48 GMT', 'Server': 'Kestrel', 'Transfer-Encoding': 'chunked'} 
 body={"type":"https://tools.ietf.org/html/rfc7231#section-6.5.1","title":"One or more validation errors occurred.","status":400,"traceId":"00-1ca2637bf409bd4cbabfe20dcf027fed-611c19474d02ee47-00","errors":{"id":["The value 'ABC' is not valid."]}} 
 </msg>
<msg timestamp="20250928 18:56:50.728" level="INFO">${Response} = &lt;Response [400]&gt;</msg>
<status status="PASS" starttime="20250928 18:56:50.695" endtime="20250928 18:56:50.728"/>
</kw>
<kw name="Run Keyword And Ignore Error" library="BuiltIn">
<var>${JSON_Response}</var>
<arg>Convert String To Json</arg>
<arg>${Response.content}</arg>
<doc>Runs the given keyword with the given arguments and ignores possible error.</doc>
<kw name="Convert String To Json" library="JSONLibrary">
<arg>${Response.content}</arg>
<doc>Convert String to JSON object</doc>
<status status="PASS" starttime="20250928 18:56:50.728" endtime="20250928 18:56:50.728"/>
</kw>
<msg timestamp="20250928 18:56:50.728" level="INFO">${JSON_Response} = ('PASS', {'type': 'https://tools.ietf.org/html/rfc7231#section-6.5.1', 'title': 'One or more validation errors occurred.', 'status': 400, 'traceId': '00-1ca2637bf409bd4cbabfe20dcf027fed-611c19474d02ee...</msg>
<status status="PASS" starttime="20250928 18:56:50.728" endtime="20250928 18:56:50.728"/>
</kw>
<kw name="Set Global Variable" library="BuiltIn">
<arg>${JSON_Response}</arg>
<doc>Makes a variable available globally in all tests and suites.</doc>
<msg timestamp="20250928 18:56:50.728" level="INFO">${JSON_Response} = ('PASS', {'type': 'https://tools.ietf.org/html/rfc7231#section-6.5.1', 'title': 'One or more validation errors occurred.', 'status': 400, 'traceId': '00-1ca2637bf409bd4cbabfe20dcf027fed-611c19474d02ee...</msg>
<status status="PASS" starttime="20250928 18:56:50.728" endtime="20250928 18:56:50.728"/>
</kw>
<kw name="Convert To String" library="BuiltIn">
<var>${Actual_Response_Body}</var>
<arg>${JSON_Response}</arg>
<doc>Converts the given item to a Unicode string.</doc>
<msg timestamp="20250928 18:56:50.728" level="INFO">${Actual_Response_Body} = ('PASS', {'type': 'https://tools.ietf.org/html/rfc7231#section-6.5.1', 'title': 'One or more validation errors occurred.', 'status': 400, 'traceId': '00-1ca2637bf409bd4cbabfe20dcf027fed-611c19474d02ee...</msg>
<status status="PASS" starttime="20250928 18:56:50.728" endtime="20250928 18:56:50.728"/>
</kw>
<kw name="Set Global Variable" library="BuiltIn">
<arg>${Actual_Response_Body}</arg>
<doc>Makes a variable available globally in all tests and suites.</doc>
<msg timestamp="20250928 18:56:50.728" level="INFO">${Actual_Response_Body} = ('PASS', {'type': 'https://tools.ietf.org/html/rfc7231#section-6.5.1', 'title': 'One or more validation errors occurred.', 'status': 400, 'traceId': '00-1ca2637bf409bd4cbabfe20dcf027fed-611c19474d02ee...</msg>
<status status="PASS" starttime="20250928 18:56:50.728" endtime="20250928 18:56:50.728"/>
</kw>
<status status="PASS" starttime="20250928 18:56:50.695" endtime="20250928 18:56:50.728"/>
</kw>
<status status="PASS" starttime="20250928 18:56:50.695" endtime="20250928 18:56:50.728"/>
</test>
<status status="PASS" starttime="20250928 18:56:49.184" endtime="20250928 18:56:50.744"/>
</suite>
<status status="PASS" starttime="20250928 18:56:49.151" endtime="20250928 18:56:50.748"/>
</suite>
<statistics>
<total>
<stat pass="11" fail="0" skip="0">All Tests</stat>
</total>
<tag>
</tag>
<suite>
<stat pass="11" fail="0" skip="0" id="s1" name="Tests">Tests</stat>
<stat pass="11" fail="0" skip="0" id="s1-s1" name="Activities">Tests.Activities</stat>
</suite>
</statistics>
<errors>
</errors>
</robot>
