<?xml version="1.0" encoding="UTF-8"?>
<robot generator="Robot 6.1.1 (Python 3.11.5 on win32)" generated="20250928 18:56:49.174" rpa="false" schemaversion="4">
<suite id="s1" name="Tests" source="C:\workspace\Avenga\tests">
<suite id="s1-s1" name="Authors" source="C:\workspace\Avenga\tests\Authors.robot">
<kw name="Create Session To API" library="Settings" type="SETUP">
<kw name="Create Session" library="RequestsLibrary">
<arg>fakerestapi</arg>
<arg>${BASE_URL}</arg>
<arg>verify=${False}</arg>
<arg>disable_warnings=${True}</arg>
<doc>Create Session: create a HTTP session to a server</doc>
<msg timestamp="20250928 18:56:49.533" level="INFO">Creating Session using : alias=fakerestapi, url=https://fakerestapi.azurewebsites.net, headers={},                     cookies={}, auth=None, timeout=None, proxies=None, verify=False,                     debug=0 </msg>
<status status="PASS" starttime="20250928 18:56:49.533" endtime="20250928 18:56:49.533"/>
</kw>
<status status="PASS" starttime="20250928 18:56:49.533" endtime="20250928 18:56:49.533"/>
</kw>
<test id="s1-s1-t1" name="TC01 Get All Authors" line="19">
<kw name="GET On [/${API}/${VERSION}/Authors] Endpoint And Validate That Status Code Is [200]" library="GET" sourcename="GET on [${ENDPOINT}] endpoint and validate that status code is [${EXPECTED_STATUS_CODE}]">
<doc>Send get request and validate status code</doc>
<kw name="GET On Session" library="RequestsLibrary">
<var>${Response}</var>
<arg>fakerestapi</arg>
<arg>url=${ENDPOINT}</arg>
<arg>expected_status=${EXPECTED_STATUS_CODE}</arg>
<doc>Sends a GET request on a previously created HTTP Session.</doc>
<msg timestamp="20250928 18:56:49.788" level="INFO">GET Request : url=https://fakerestapi.azurewebsites.net/api/v1/Authors 
 path_url=/api/v1/Authors 
 headers={'User-Agent': 'python-requests/2.31.0', 'Accept-Encoding': 'gzip, deflate', 'Accept': '*/*', 'Connection': 'keep-alive'} 
 body=None 
 </msg>
<msg timestamp="20250928 18:56:49.788" level="INFO">GET Response : url=https://fakerestapi.azurewebsites.net/api/v1/Authors 
 status=200, reason=OK 
 headers={'Content-Type': 'application/json; charset=utf-8; v=1.0', 'Date': 'Sun, 28 Sep 2025 16:56:47 GMT', 'Server': 'Kestrel', 'Transfer-Encoding': 'chunked', 'api-supported-versions': '1.0'} 
 body=[{"id":1,"idBook":1,"firstName":"First Name 1","lastName":"Last Name 1"},{"id":2,"idBook":1,"firstName":"First Name 2","lastName":"Last Name 2"},{"id":3,"idBook":2,"firstName":"First Name 3","lastName":"Last Name 3"},{"id":4,"idBook":2,"firstName":"First Name 4","lastName":"Last Name 4"},{"id":5,"idBook":3,"firstName":"First Name 5","lastName":"Last Name 5"},{"id":6,"idBook":3,"firstName":"First Name 6","lastName":"Last Name 6"},{"id":7,"idBook":3,"firstName":"First Name 7","lastName":"Last Name 7"},{"id":8,"idBook":3,"firstName":"First Name 8","lastName":"Last Name 8"},{"id":9,"idBook":4,"firstName":"First Name 9","lastName":"Last Name 9"},{"id":10,"idBook":4,"firstName":"First Name 10","lastName":"Last Name 10"},{"id":11,"idBook":4,"firstName":"First Name 11","lastName":"Last Name 11"},{"id":12,"idBook":4,"firstName":"First Name 12","lastName":"Last Name 12"},{"id":13,"idBook":5,"firstName":"First Name 13","lastName":"Last Name 13"},{"id":14,"idBook":5,"firstName":"First Name 14","lastName":"Last Name 14"},{"id":15,"idBook":6,"firstName":"First Name 15","lastName":"Last Name 15"},{"id":16,"idBook":6,"firstName":"First Name 16","lastName":"Last Name 16"},{"id":17,"idBook":6,"firstName":"First Name 17","lastName":"Last Name 17"},{"id":18,"idBook":6,"firstName":"First Name 18","lastName":"Last Name 18"},{"id":19,"idBook":7,"firstName":"First Name 19","lastName":"Last Name 19"},{"id":20,"idBook":7,"firstName":"First Name 20","lastName":"Last Name 20"},{"id":21,"idBook":8,"firstName":"First Name 21","lastName":"Last Name 21"},{"id":22,"idBook":8,"firstName":"First Name 22","lastName":"Last Name 22"},{"id":23,"idBook":8,"firstName":"First Name 23","lastName":"Last Name 23"},{"id":24,"idBook":9,"firstName":"First Name 24","lastName":"Last Name 24"},{"id":25,"idBook":9,"firstName":"First Name 25","lastName":"Last Name 25"},{"id":26,"idBook":9,"firstName":"First Name 26","lastName":"Last Name 26"},{"id":27,"idBook":10,"firstName":"First Name 27","lastName":"Last Name 27"},{"id":28,"idBook":10,"firstName":"First Name 28","lastName":"Last Name 28"},{"id":29,"idBook":11,"firstName":"First Name 29","lastName":"Last Name 29"},{"id":30,"idBook":11,"firstName":"First Name 30","lastName":"Last Name 30"},{"id":31,"idBook":12,"firstName":"First Name 31","lastName":"Last Name 31"},{"id":32,"idBook":12,"firstName":"First Name 32","lastName":"Last Name 32"},{"id":33,"idBook":12,"firstName":"First Name 33","lastName":"Last Name 33"},{"id":34,"idBook":12,"firstName":"First Name 34","lastName":"Last Name 34"},{"id":35,"idBook":13,"firstName":"First Name 35","lastName":"Last Name 35"},{"id":36,"idBook":13,"firstName":"First Name 36","lastName":"Last Name 36"},{"id":37,"idBook":14,"firstName":"First Name 37","lastName":"Last Name 37"},{"id":38,"idBook":14,"firstName":"First Name 38","lastName":"Last Name 38"},{"id":39,"idBook":15,"firstName":"First Name 39","lastName":"Last Name 39"},{"id":40,"idBook":15,"firstName":"First Name 40","lastName":"Last Name 40"},{"id":41,"idBook":15,"firstName":"First Name 41","lastName":"Last Name 41"},{"id":42,"idBook":16,"firstName":"First Name 42","lastName":"Last Name 42"},{"id":43,"idBook":16,"firstName":"First Name 43","lastName":"Last Name 43"},{"id":44,"idBook":16,"firstName":"First Name 44","lastName":"Last Name 44"},{"id":45,"idBook":17,"firstName":"First Name 45","lastName":"Last Name 45"},{"id":46,"idBook":17,"firstName":"First Name 46","lastName":"Last Name 46"},{"id":47,"idBook":17,"firstName":"First Name 47","lastName":"Last Name 47"},{"id":48,"idBook":17,"firstName":"First Name 48","lastName":"Last Name 48"},{"id":49,"idBook":18,"firstName":"First Name 49","lastName":"Last Name 49"},{"id":50,"idBook":18,"firstName":"First Name 50","lastName":"Last Name 50"},{"id":51,"idBook":19,"firstName":"First Name 51","lastName":"Last Name 51"},{"id":52,"idBook":19,"firstName":"First Name 52","lastName":"Last Name 52"},{"id":53,"idBook":20,"firstName":"First Name 53","lastName":"Last Name 53"},{"id":54,"idBook":20,"firstName":"First Name 54","lastName":"Last Name 54"},{"id":55,"idBook":21,"firstName":"First Name 55","lastName":"Last Name 55"},{"id":56,"idBook":21,"firstName":"First Name 56","lastName":"Last Name 56"},{"id":57,"idBook":21,"firstName":"First Name 57","lastName":"Last Name 57"},{"id":58,"idBook":22,"firstName":"First Name 58","lastName":"Last Name 58"},{"id":59,"idBook":22,"firstName":"First Name 59","lastName":"Last Name 59"},{"id":60,"idBook":23,"firstName":"First Name 60","lastName":"Last Name 60"},{"id":61,"idBook":23,"firstName":"First Name 61","lastName":"Last Name 61"},{"id":62,"idBook":24,"firstName":"First Name 62","lastName":"Last Name 62"},{"id":63,"idBook":24,"firstName":"First Name 63","lastName":"Last Name 63"},{"id":64,"idBook":25,"firstName":"First Name 64","lastName":"Last Name 64"},{"id":65,"idBook":25,"firstName":"First Name 65","lastName":"Last Name 65"},{"id":66,"idBook":25,"firstName":"First Name 66","lastName":"Last Name 66"},{"id":67,"idBook":26,"firstName":"First Name 67","lastName":"Last Name 67"},{"id":68,"idBook":26,"firstName":"First Name 68","lastName":"Last Name 68"},{"id":69,"idBook":26,"firstName":"First Name 69","lastName":"Last Name 69"},{"id":70,"idBook":27,"firstName":"First Name 70","lastName":"Last Name 70"},{"id":71,"idBook":27,"firstName":"First Name 71","lastName":"Last Name 71"},{"id":72,"idBook":28,"firstName":"First Name 72","lastName":"Last Name 72"},{"id":73,"idBook":28,"firstName":"First Name 73","lastName":"Last Name 73"},{"id":74,"idBook":28,"firstName":"First Name 74","lastName":"Last Name 74"},{"id":75,"idBook":28,"firstName":"First Name 75","lastName":"Last Name 75"},{"id":76,"idBook":29,"firstName":"First Name 76","lastName":"Last Name 76"},{"id":77,"idBook":29,"firstName":"First Name 77","lastName":"Last Name 77"},{"id":78,"idBook":29,"firstName":"First Name 78","lastName":"Last Name 78"},{"id":79,"idBook":29,"firstName":"First Name 79","lastName":"Last Name 79"},{"id":80,"idBook":30,"firstName":"First Name 80","lastName":"Last Name 80"},{"id":81,"idBook":30,"firstName":"First Name 81","lastName":"Last Name 81"},{"id":82,"idBook":30,"firstName":"First Name 82","lastName":"Last Name 82"},{"id":83,"idBook":31,"firstName":"First Name 83","lastName":"Last Name 83"},{"id":84,"idBook":31,"firstName":"First Name 84","lastName":"Last Name 84"},{"id":85,"idBook":31,"firstName":"First Name 85","lastName":"Last Name 85"},{"id":86,"idBook":32,"firstName":"First Name 86","lastName":"Last Name 86"},{"id":87,"idBook":32,"firstName":"First Name 87","lastName":"Last Name 87"},{"id":88,"idBook":32,"firstName":"First Name 88","lastName":"Last Name 88"},{"id":89,"idBook":33,"firstName":"First Name 89","lastName":"Last Name 89"},{"id":90,"idBook":33,"firstName":"First Name 90","lastName":"Last Name 90"},{"id":91,"idBook":34,"firstName":"First Name 91","lastName":"Last Name 91"},{"id":92,"idBook":34,"firstName":"First Name 92","lastName":"Last Name 92"},{"id":93,"idBook":34,"firstName":"First Name 93","lastName":"Last Name 93"},{"id":94,"idBook":34,"firstName":"First Name 94","lastName":"Last Name 94"},{"id":95,"idBook":35,"firstName":"First Name 95","lastName":"Last Name 95"},{"id":96,"idBook":35,"firstName":"First Name 96","lastName":"Last Name 96"},{"id":97,"idBook":35,"firstName":"First Name 97","lastName":"Last Name 97"},{"id":98,"idBook":36,"firstName":"First Name 98","lastName":"Last Name 98"},{"id":99,"idBook":36,"firstName":"First Name 99","lastName":"Last Name 99"},{"id":100,"idBook":37,"firstName":"First Name 100","lastName":"Last Name 100"},{"id":101,"idBook":37,"firstName":"First Name 101","lastName":"Last Name 101"},{"id":102,"idBook":38,"firstName":"First Name 102","lastName":"Last Name 102"},{"id":103,"idBook":38,"firstName":"First Name 103","lastName":"Last Name 103"},{"id":104,"idBook":38,"firstName":"First Name 104","lastName":"Last Name 104"},{"id":105,"idBook":39,"firstName":"First Name 105","lastName":"Last Name 105"},{"id":106,"idBook":39,"firstName":"First Name 106","lastName":"Last Name 106"},{"id":107,"idBook":39,"firstName":"First Name 107","lastName":"Last Name 107"},{"id":108,"idBook":39,"firstName":"First Name 108","lastName":"Last Name 108"},{"id":109,"idBook":40,"firstName":"First Name 109","lastName":"Last Name 109"},{"id":110,"idBook":40,"firstName":"First Name 110","lastName":"Last Name 110"},{"id":111,"idBook":40,"firstName":"First Name 111","lastName":"Last Name 111"},{"id":112,"idBook":40,"firstName":"First Name 112","lastName":"Last Name 112"},{"id":113,"idBook":41,"firstName":"First Name 113","lastName":"Last Name 113"},{"id":114,"idBook":41,"firstName":"First Name 114","lastName":"Last Name 114"},{"id":115,"idBook":42,"firstName":"First Name 115","lastName":"Last Name 115"},{"id":116,"idBook":42,"firstName":"First Name 116","lastName":"Last Name 116"},{"id":117,"idBook":42,"firstName":"First Name 117","lastName":"Last Name 117"},{"id":118,"idBook":43,"firstName":"First Name 118","lastName":"Last Name 118"},{"id":119,"idBook":43,"firstName":"First Name 119","lastName":"Last Name 119"},{"id":120,"idBook":43,"firstName":"First Name 120","lastName":"Last Name 120"},{"id":121,"idBook":43,"firstName":"First Name 121","lastName":"Last Name 121"},{"id":122,"idBook":44,"firstName":"First Name 122","lastName":"Last Name 122"},{"id":123,"idBook":44,"firstName":"First Name 123","lastName":"Last Name 123"},{"id":124,"idBook":44,"firstName":"First Name 124","lastName":"Last Name 124"},{"id":125,"idBook":44,"firstName":"First Name 125","lastName":"Last Name 125"},{"id":126,"idBook":45,"firstName":"First Name 126","lastName":"Last Name 126"},{"id":127,"idBook":45,"firstName":"First Name 127","lastName":"Last Name 127"},{"id":128,"idBook":45,"firstName":"First Name 128","lastName":"Last Name 128"},{"id":129,"idBook":45,"firstName":"First Name 129","lastName":"Last Name 129"},{"id":130,"idBook":46,"firstName":"First Name 130","lastName":"Last Name 130"},{"id":131,"idBook":46,"firstName":"First Name 131","lastName":"Last Name 131"},... (set the log level to DEBUG or TRACE to see the full content) 
 </msg>
<msg timestamp="20250928 18:56:49.788" level="INFO">${Response} = &lt;Response [200]&gt;</msg>
<status status="PASS" starttime="20250928 18:56:49.533" endtime="20250928 18:56:49.788"/>
</kw>
<kw name="Run Keyword And Ignore Error" library="BuiltIn">
<var>${JSON_Response}</var>
<arg>Convert String To Json</arg>
<arg>${Response.content}</arg>
<doc>Runs the given keyword with the given arguments and ignores possible error.</doc>
<kw name="Convert String To Json" library="JSONLibrary">
<arg>${Response.content}</arg>
<doc>Convert String to JSON object</doc>
<status status="PASS" starttime="20250928 18:56:49.788" endtime="20250928 18:56:49.788"/>
</kw>
<msg timestamp="20250928 18:56:49.788" level="INFO">${JSON_Response} = ('PASS', [{'id': 1, 'idBook': 1, 'firstName': 'First Name 1', 'lastName': 'Last Name 1'}, {'id': 2, 'idBook': 1, 'firstName': 'First Name 2', 'lastName': 'Last Name 2'}, {'id': 3, 'idBook': 2, 'firstN...</msg>
<status status="PASS" starttime="20250928 18:56:49.788" endtime="20250928 18:56:49.788"/>
</kw>
<kw name="Set Global Variable" library="BuiltIn">
<arg>${JSON_Response}</arg>
<doc>Makes a variable available globally in all tests and suites.</doc>
<msg timestamp="20250928 18:56:49.788" level="INFO">${JSON_Response} = ('PASS', [{'id': 1, 'idBook': 1, 'firstName': 'First Name 1', 'lastName': 'Last Name 1'}, {'id': 2, 'idBook': 1, 'firstName': 'First Name 2', 'lastName': 'Last Name 2'}, {'id': 3, 'idBook': 2, 'firstN...</msg>
<status status="PASS" starttime="20250928 18:56:49.788" endtime="20250928 18:56:49.788"/>
</kw>
<kw name="Convert To String" library="BuiltIn">
<var>${Actual_Response_Body}</var>
<arg>${JSON_Response}</arg>
<doc>Converts the given item to a Unicode string.</doc>
<msg timestamp="20250928 18:56:49.788" level="INFO">${Actual_Response_Body} = ('PASS', [{'id': 1, 'idBook': 1, 'firstName': 'First Name 1', 'lastName': 'Last Name 1'}, {'id': 2, 'idBook': 1, 'firstName': 'First Name 2', 'lastName': 'Last Name 2'}, {'id': 3, 'idBook': 2, 'firstN...</msg>
<status status="PASS" starttime="20250928 18:56:49.788" endtime="20250928 18:56:49.788"/>
</kw>
<kw name="Set Global Variable" library="BuiltIn">
<arg>${Actual_Response_Body}</arg>
<doc>Makes a variable available globally in all tests and suites.</doc>
<msg timestamp="20250928 18:56:49.788" level="INFO">${Actual_Response_Body} = ('PASS', [{'id': 1, 'idBook': 1, 'firstName': 'First Name 1', 'lastName': 'Last Name 1'}, {'id': 2, 'idBook': 1, 'firstName': 'First Name 2', 'lastName': 'Last Name 2'}, {'id': 3, 'idBook': 2, 'firstN...</msg>
<status status="PASS" starttime="20250928 18:56:49.788" endtime="20250928 18:56:49.788"/>
</kw>
<status status="PASS" starttime="20250928 18:56:49.533" endtime="20250928 18:56:49.804"/>
</kw>
<kw name="Get From List" library="Collections">
<var>${authorlist}</var>
<arg>${JSON_Response}</arg>
<arg>1</arg>
<doc>Returns the value specified with an ``index`` from ``list``.</doc>
<msg timestamp="20250928 18:56:49.804" level="INFO">${authorlist} = [{'id': 1, 'idBook': 1, 'firstName': 'First Name 1', 'lastName': 'Last Name 1'}, {'id': 2, 'idBook': 1, 'firstName': 'First Name 2', 'lastName': 'Last Name 2'}, {'id': 3, 'idBook': 2, 'firstName': 'Fi...</msg>
<status status="PASS" starttime="20250928 18:56:49.804" endtime="20250928 18:56:49.804"/>
</kw>
<kw name="Get From List" library="Collections">
<var>${first_author}</var>
<arg>${authorlist}</arg>
<arg>0</arg>
<doc>Returns the value specified with an ``index`` from ``list``.</doc>
<msg timestamp="20250928 18:56:49.804" level="INFO">${first_author} = {'id': 1, 'idBook': 1, 'firstName': 'First Name 1', 'lastName': 'Last Name 1'}</msg>
<status status="PASS" starttime="20250928 18:56:49.804" endtime="20250928 18:56:49.804"/>
</kw>
<kw name="Get From Dictionary" library="Collections">
<var>${id}</var>
<arg>${first_author}</arg>
<arg>id</arg>
<doc>Returns a value from the given ``dictionary`` based on the given ``key``.</doc>
<msg timestamp="20250928 18:56:49.804" level="INFO">${id} = 1</msg>
<status status="PASS" starttime="20250928 18:56:49.804" endtime="20250928 18:56:49.804"/>
</kw>
<kw name="Get From Dictionary" library="Collections">
<var>${idBook}</var>
<arg>${first_author}</arg>
<arg>idBook</arg>
<doc>Returns a value from the given ``dictionary`` based on the given ``key``.</doc>
<msg timestamp="20250928 18:56:49.804" level="INFO">${idBook} = 1</msg>
<status status="PASS" starttime="20250928 18:56:49.804" endtime="20250928 18:56:49.804"/>
</kw>
<kw name="Get From Dictionary" library="Collections">
<var>${firstName}</var>
<arg>${first_author}</arg>
<arg>firstName</arg>
<doc>Returns a value from the given ``dictionary`` based on the given ``key``.</doc>
<msg timestamp="20250928 18:56:49.804" level="INFO">${firstName} = First Name 1</msg>
<status status="PASS" starttime="20250928 18:56:49.804" endtime="20250928 18:56:49.804"/>
</kw>
<kw name="Get From Dictionary" library="Collections">
<var>${lastName}</var>
<arg>${first_author}</arg>
<arg>lastName</arg>
<doc>Returns a value from the given ``dictionary`` based on the given ``key``.</doc>
<msg timestamp="20250928 18:56:49.804" level="INFO">${lastName} = Last Name 1</msg>
<status status="PASS" starttime="20250928 18:56:49.804" endtime="20250928 18:56:49.804"/>
</kw>
<kw name="Should Be Equal As Integers" library="BuiltIn">
<arg>${id}</arg>
<arg>1</arg>
<doc>Fails if objects are unequal after converting them to integers.</doc>
<msg timestamp="20250928 18:56:49.804" level="INFO">Argument types are:
&lt;class 'int'&gt;
&lt;class 'str'&gt;</msg>
<status status="PASS" starttime="20250928 18:56:49.804" endtime="20250928 18:56:49.804"/>
</kw>
<kw name="Should Be Equal As Integers" library="BuiltIn">
<arg>${idBook}</arg>
<arg>1</arg>
<doc>Fails if objects are unequal after converting them to integers.</doc>
<msg timestamp="20250928 18:56:49.804" level="INFO">Argument types are:
&lt;class 'int'&gt;
&lt;class 'str'&gt;</msg>
<status status="PASS" starttime="20250928 18:56:49.804" endtime="20250928 18:56:49.804"/>
</kw>
<kw name="Should Be Equal As Strings" library="BuiltIn">
<arg>${firstName}</arg>
<arg>First Name 1</arg>
<doc>Fails if objects are unequal after converting them to strings.</doc>
<status status="PASS" starttime="20250928 18:56:49.804" endtime="20250928 18:56:49.804"/>
</kw>
<kw name="Should Be Equal As Strings" library="BuiltIn">
<arg>${lastName}</arg>
<arg>Last Name 1</arg>
<doc>Fails if objects are unequal after converting them to strings.</doc>
<status status="PASS" starttime="20250928 18:56:49.804" endtime="20250928 18:56:49.804"/>
</kw>
<status status="PASS" starttime="20250928 18:56:49.533" endtime="20250928 18:56:49.804"/>
</test>
<test id="s1-s1-t2" name="TC02 Get Author By Valid Id" line="34">
<kw name="GET On [/${API}/${VERSION}/Authors/1] Endpoint And Validate That Status Code Is [200]" library="GET" sourcename="GET on [${ENDPOINT}] endpoint and validate that status code is [${EXPECTED_STATUS_CODE}]">
<doc>Send get request and validate status code</doc>
<kw name="GET On Session" library="RequestsLibrary">
<var>${Response}</var>
<arg>fakerestapi</arg>
<arg>url=${ENDPOINT}</arg>
<arg>expected_status=${EXPECTED_STATUS_CODE}</arg>
<doc>Sends a GET request on a previously created HTTP Session.</doc>
<msg timestamp="20250928 18:56:49.885" level="INFO">GET Request : url=https://fakerestapi.azurewebsites.net/api/v1/Authors/1 
 path_url=/api/v1/Authors/1 
 headers={'User-Agent': 'python-requests/2.31.0', 'Accept-Encoding': 'gzip, deflate', 'Accept': '*/*', 'Connection': 'keep-alive'} 
 body=None 
 </msg>
<msg timestamp="20250928 18:56:49.885" level="INFO">GET Response : url=https://fakerestapi.azurewebsites.net/api/v1/Authors/1 
 status=200, reason=OK 
 headers={'Content-Type': 'application/json; charset=utf-8; v=1.0', 'Date': 'Sun, 28 Sep 2025 16:56:48 GMT', 'Server': 'Kestrel', 'Transfer-Encoding': 'chunked', 'api-supported-versions': '1.0'} 
 body={"id":1,"idBook":1,"firstName":"First Name 1","lastName":"Last Name 1"} 
 </msg>
<msg timestamp="20250928 18:56:49.885" level="INFO">${Response} = &lt;Response [200]&gt;</msg>
<status status="PASS" starttime="20250928 18:56:49.804" endtime="20250928 18:56:49.885"/>
</kw>
<kw name="Run Keyword And Ignore Error" library="BuiltIn">
<var>${JSON_Response}</var>
<arg>Convert String To Json</arg>
<arg>${Response.content}</arg>
<doc>Runs the given keyword with the given arguments and ignores possible error.</doc>
<kw name="Convert String To Json" library="JSONLibrary">
<arg>${Response.content}</arg>
<doc>Convert String to JSON object</doc>
<status status="PASS" starttime="20250928 18:56:49.885" endtime="20250928 18:56:49.885"/>
</kw>
<msg timestamp="20250928 18:56:49.885" level="INFO">${JSON_Response} = ('PASS', {'id': 1, 'idBook': 1, 'firstName': 'First Name 1', 'lastName': 'Last Name 1'})</msg>
<status status="PASS" starttime="20250928 18:56:49.885" endtime="20250928 18:56:49.885"/>
</kw>
<kw name="Set Global Variable" library="BuiltIn">
<arg>${JSON_Response}</arg>
<doc>Makes a variable available globally in all tests and suites.</doc>
<msg timestamp="20250928 18:56:49.885" level="INFO">${JSON_Response} = ('PASS', {'id': 1, 'idBook': 1, 'firstName': 'First Name 1', 'lastName': 'Last Name 1'})</msg>
<status status="PASS" starttime="20250928 18:56:49.885" endtime="20250928 18:56:49.885"/>
</kw>
<kw name="Convert To String" library="BuiltIn">
<var>${Actual_Response_Body}</var>
<arg>${JSON_Response}</arg>
<doc>Converts the given item to a Unicode string.</doc>
<msg timestamp="20250928 18:56:49.885" level="INFO">${Actual_Response_Body} = ('PASS', {'id': 1, 'idBook': 1, 'firstName': 'First Name 1', 'lastName': 'Last Name 1'})</msg>
<status status="PASS" starttime="20250928 18:56:49.885" endtime="20250928 18:56:49.885"/>
</kw>
<kw name="Set Global Variable" library="BuiltIn">
<arg>${Actual_Response_Body}</arg>
<doc>Makes a variable available globally in all tests and suites.</doc>
<msg timestamp="20250928 18:56:49.885" level="INFO">${Actual_Response_Body} = ('PASS', {'id': 1, 'idBook': 1, 'firstName': 'First Name 1', 'lastName': 'Last Name 1'})</msg>
<status status="PASS" starttime="20250928 18:56:49.885" endtime="20250928 18:56:49.885"/>
</kw>
<status status="PASS" starttime="20250928 18:56:49.804" endtime="20250928 18:56:49.885"/>
</kw>
<kw name="Validate That The Response Contains ['id': 1] Data" library="Validations" sourcename="Validate that the response contains [${EXPECTED_DATA}] data">
<doc>Validation of response</doc>
<kw name="Should Contain" library="BuiltIn">
<arg>${Actual_Response_Body}</arg>
<arg>${EXPECTED_DATA}</arg>
<arg>ignore_case=${False}</arg>
<doc>Fails if ``container`` does not contain ``item`` one or more times.</doc>
<status status="PASS" starttime="20250928 18:56:49.885" endtime="20250928 18:56:49.885"/>
</kw>
<status status="PASS" starttime="20250928 18:56:49.885" endtime="20250928 18:56:49.885"/>
</kw>
<kw name="Validate That The Response Contains ['idBook': 1] Data" library="Validations" sourcename="Validate that the response contains [${EXPECTED_DATA}] data">
<doc>Validation of response</doc>
<kw name="Should Contain" library="BuiltIn">
<arg>${Actual_Response_Body}</arg>
<arg>${EXPECTED_DATA}</arg>
<arg>ignore_case=${False}</arg>
<doc>Fails if ``container`` does not contain ``item`` one or more times.</doc>
<status status="PASS" starttime="20250928 18:56:49.885" endtime="20250928 18:56:49.885"/>
</kw>
<status status="PASS" starttime="20250928 18:56:49.885" endtime="20250928 18:56:49.885"/>
</kw>
<kw name="Validate That The Response Contains ['firstName': 'First Name 1'] Data" library="Validations" sourcename="Validate that the response contains [${EXPECTED_DATA}] data">
<doc>Validation of response</doc>
<kw name="Should Contain" library="BuiltIn">
<arg>${Actual_Response_Body}</arg>
<arg>${EXPECTED_DATA}</arg>
<arg>ignore_case=${False}</arg>
<doc>Fails if ``container`` does not contain ``item`` one or more times.</doc>
<status status="PASS" starttime="20250928 18:56:49.885" endtime="20250928 18:56:49.885"/>
</kw>
<status status="PASS" starttime="20250928 18:56:49.885" endtime="20250928 18:56:49.885"/>
</kw>
<kw name="Validate That The Response Contains ['lastName': 'Last Name 1'] Data" library="Validations" sourcename="Validate that the response contains [${EXPECTED_DATA}] data">
<doc>Validation of response</doc>
<kw name="Should Contain" library="BuiltIn">
<arg>${Actual_Response_Body}</arg>
<arg>${EXPECTED_DATA}</arg>
<arg>ignore_case=${False}</arg>
<doc>Fails if ``container`` does not contain ``item`` one or more times.</doc>
<status status="PASS" starttime="20250928 18:56:49.885" endtime="20250928 18:56:49.885"/>
</kw>
<status status="PASS" starttime="20250928 18:56:49.885" endtime="20250928 18:56:49.885"/>
</kw>
<status status="PASS" starttime="20250928 18:56:49.804" endtime="20250928 18:56:49.885"/>
</test>
<test id="s1-s1-t3" name="TC03 Create Author With Valid Payload" line="41">
<kw name="Generate Random String" library="String">
<var>${first_digit}</var>
<arg>1</arg>
<arg>123456789</arg>
<doc>Generates a string with a desired ``length`` from the given ``chars``.</doc>
<msg timestamp="20250928 18:56:49.899" level="INFO">${first_digit} = 4</msg>
<status status="PASS" starttime="20250928 18:56:49.885" endtime="20250928 18:56:49.899"/>
</kw>
<kw name="Generate Random String" library="String">
<var>${rest}</var>
<arg>4</arg>
<arg>0123456789</arg>
<doc>Generates a string with a desired ``length`` from the given ``chars``.</doc>
<msg timestamp="20250928 18:56:49.899" level="INFO">${rest} = 5691</msg>
<status status="PASS" starttime="20250928 18:56:49.899" endtime="20250928 18:56:49.899"/>
</kw>
<kw name="Set Variable" library="BuiltIn">
<var>${rnd_id}</var>
<arg>${first_digit}${rest}</arg>
<doc>Returns the given values which can then be assigned to a variables.</doc>
<msg timestamp="20250928 18:56:49.899" level="INFO">${rnd_id} = 45691</msg>
<status status="PASS" starttime="20250928 18:56:49.899" endtime="20250928 18:56:49.899"/>
</kw>
<kw name="Generate Random String" library="String">
<var>${rnd_idBook}</var>
<arg>1</arg>
<arg>123</arg>
<doc>Generates a string with a desired ``length`` from the given ``chars``.</doc>
<msg timestamp="20250928 18:56:49.901" level="INFO">${rnd_idBook} = 3</msg>
<status status="PASS" starttime="20250928 18:56:49.899" endtime="20250928 18:56:49.901"/>
</kw>
<kw name="Generate Random String" library="String">
<var>${rnd_firstName}</var>
<arg>5</arg>
<arg>[LETTERS]</arg>
<doc>Generates a string with a desired ``length`` from the given ``chars``.</doc>
<msg timestamp="20250928 18:56:49.901" level="INFO">${rnd_firstName} = cDRRC</msg>
<status status="PASS" starttime="20250928 18:56:49.901" endtime="20250928 18:56:49.901"/>
</kw>
<kw name="Generate Random String" library="String">
<var>${rnd_lastName}</var>
<arg>5</arg>
<arg>[LETTERS]</arg>
<doc>Generates a string with a desired ``length`` from the given ``chars``.</doc>
<msg timestamp="20250928 18:56:49.903" level="INFO">${rnd_lastName} = RSKqh</msg>
<status status="PASS" starttime="20250928 18:56:49.901" endtime="20250928 18:56:49.903"/>
</kw>
<kw name="Create Dictionary" library="BuiltIn">
<var>${PAYLOAD}</var>
<arg>id=${rnd_id}</arg>
<arg>idBook=${rnd_idBook}</arg>
<arg>firstName=${rnd_firstName}</arg>
<arg>lastName=${rnd_lastName}</arg>
<doc>Creates and returns a dictionary based on the given ``items``.</doc>
<msg timestamp="20250928 18:56:49.903" level="INFO">${PAYLOAD} = {'id': '45691', 'idBook': '3', 'firstName': 'cDRRC', 'lastName': 'RSKqh'}</msg>
<status status="PASS" starttime="20250928 18:56:49.903" endtime="20250928 18:56:49.903"/>
</kw>
<kw name="POST On [/${API}/${VERSION}/Authors] Endpoint With Payload [${PAYLOAD}] And Validate Status Code Is [200]" library="POST" sourcename="POST On [${THE_ENDPOINT}] Endpoint With Payload [${PAYLOAD}] And Validate Status Code Is [${EXPECTED_STATUS_CODE}]">
<doc>Send post request and validate status code</doc>
<kw name="POST On Session" library="RequestsLibrary">
<var>${Response}</var>
<arg>fakerestapi</arg>
<arg>url=${THE_ENDPOINT}</arg>
<arg>json=${PAYLOAD}</arg>
<arg>expected_status=${EXPECTED_STATUS_CODE}</arg>
<doc>Sends a POST request on a previously created HTTP Session.</doc>
<msg timestamp="20250928 18:56:49.943" level="INFO">POST Request : url=https://fakerestapi.azurewebsites.net/api/v1/Authors 
 path_url=/api/v1/Authors 
 headers={'User-Agent': 'python-requests/2.31.0', 'Accept-Encoding': 'gzip, deflate', 'Accept': '*/*', 'Connection': 'keep-alive', 'Content-Length': '73', 'Content-Type': 'application/json'} 
 body=b'{"id": "45691", "idBook": "3", "firstName": "cDRRC", "lastName": "RSKqh"}' 
 </msg>
<msg timestamp="20250928 18:56:49.943" level="INFO">POST Response : url=https://fakerestapi.azurewebsites.net/api/v1/Authors 
 status=200, reason=OK 
 headers={'Content-Type': 'application/json; charset=utf-8; v=1.0', 'Date': 'Sun, 28 Sep 2025 16:56:48 GMT', 'Server': 'Kestrel', 'Transfer-Encoding': 'chunked', 'api-supported-versions': '1.0'} 
 body={"id":45691,"idBook":3,"firstName":"cDRRC","lastName":"RSKqh"} 
 </msg>
<msg timestamp="20250928 18:56:49.943" level="INFO">${Response} = &lt;Response [200]&gt;</msg>
<status status="PASS" starttime="20250928 18:56:49.905" endtime="20250928 18:56:49.943"/>
</kw>
<kw name="Run Keyword And Ignore Error" library="BuiltIn">
<var>${JSON_Response}</var>
<arg>Convert String To Json</arg>
<arg>${Response.content}</arg>
<doc>Runs the given keyword with the given arguments and ignores possible error.</doc>
<kw name="Convert String To Json" library="JSONLibrary">
<arg>${Response.content}</arg>
<doc>Convert String to JSON object</doc>
<status status="PASS" starttime="20250928 18:56:49.950" endtime="20250928 18:56:49.950"/>
</kw>
<msg timestamp="20250928 18:56:49.951" level="INFO">${JSON_Response} = ('PASS', {'id': 45691, 'idBook': 3, 'firstName': 'cDRRC', 'lastName': 'RSKqh'})</msg>
<status status="PASS" starttime="20250928 18:56:49.943" endtime="20250928 18:56:49.951"/>
</kw>
<kw name="Set Global Variable" library="BuiltIn">
<arg>${JSON_Response}</arg>
<doc>Makes a variable available globally in all tests and suites.</doc>
<msg timestamp="20250928 18:56:49.951" level="INFO">${JSON_Response} = ('PASS', {'id': 45691, 'idBook': 3, 'firstName': 'cDRRC', 'lastName': 'RSKqh'})</msg>
<status status="PASS" starttime="20250928 18:56:49.951" endtime="20250928 18:56:49.951"/>
</kw>
<kw name="Convert To String" library="BuiltIn">
<var>${Actual_Response_Body}</var>
<arg>${JSON_Response}</arg>
<doc>Converts the given item to a Unicode string.</doc>
<msg timestamp="20250928 18:56:49.951" level="INFO">${Actual_Response_Body} = ('PASS', {'id': 45691, 'idBook': 3, 'firstName': 'cDRRC', 'lastName': 'RSKqh'})</msg>
<status status="PASS" starttime="20250928 18:56:49.951" endtime="20250928 18:56:49.951"/>
</kw>
<kw name="Set Global Variable" library="BuiltIn">
<arg>${Actual_Response_Body}</arg>
<doc>Makes a variable available globally in all tests and suites.</doc>
<msg timestamp="20250928 18:56:49.951" level="INFO">${Actual_Response_Body} = ('PASS', {'id': 45691, 'idBook': 3, 'firstName': 'cDRRC', 'lastName': 'RSKqh'})</msg>
<status status="PASS" starttime="20250928 18:56:49.951" endtime="20250928 18:56:49.951"/>
</kw>
<status status="PASS" starttime="20250928 18:56:49.903" endtime="20250928 18:56:49.951"/>
</kw>
<kw name="Validate That The Response Contains ['id': ${rnd_id}] Data" library="Validations" sourcename="Validate that the response contains [${EXPECTED_DATA}] data">
<doc>Validation of response</doc>
<kw name="Should Contain" library="BuiltIn">
<arg>${Actual_Response_Body}</arg>
<arg>${EXPECTED_DATA}</arg>
<arg>ignore_case=${False}</arg>
<doc>Fails if ``container`` does not contain ``item`` one or more times.</doc>
<status status="PASS" starttime="20250928 18:56:49.951" endtime="20250928 18:56:49.951"/>
</kw>
<status status="PASS" starttime="20250928 18:56:49.951" endtime="20250928 18:56:49.951"/>
</kw>
<kw name="Validate That The Response Contains ['firstName': '${rnd_firstName}'] Data" library="Validations" sourcename="Validate that the response contains [${EXPECTED_DATA}] data">
<doc>Validation of response</doc>
<kw name="Should Contain" library="BuiltIn">
<arg>${Actual_Response_Body}</arg>
<arg>${EXPECTED_DATA}</arg>
<arg>ignore_case=${False}</arg>
<doc>Fails if ``container`` does not contain ``item`` one or more times.</doc>
<status status="PASS" starttime="20250928 18:56:49.951" endtime="20250928 18:56:49.951"/>
</kw>
<status status="PASS" starttime="20250928 18:56:49.951" endtime="20250928 18:56:49.951"/>
</kw>
<kw name="Validate That The Response Contains ['lastName': '${rnd_lastName}'] Data" library="Validations" sourcename="Validate that the response contains [${EXPECTED_DATA}] data">
<doc>Validation of response</doc>
<kw name="Should Contain" library="BuiltIn">
<arg>${Actual_Response_Body}</arg>
<arg>${EXPECTED_DATA}</arg>
<arg>ignore_case=${False}</arg>
<doc>Fails if ``container`` does not contain ``item`` one or more times.</doc>
<status status="PASS" starttime="20250928 18:56:49.951" endtime="20250928 18:56:49.951"/>
</kw>
<status status="PASS" starttime="20250928 18:56:49.951" endtime="20250928 18:56:49.951"/>
</kw>
<status status="PASS" starttime="20250928 18:56:49.885" endtime="20250928 18:56:49.951"/>
</test>
<test id="s1-s1-t4" name="TC04 Update Author With Valid Payload" line="54">
<kw name="Create Dictionary" library="BuiltIn">
<var>${PAYLOAD}</var>
<arg>id=1</arg>
<arg>idBook=1</arg>
<arg>firstName=UpdatedFirstName</arg>
<arg>lastName=UpdatedLastName</arg>
<doc>Creates and returns a dictionary based on the given ``items``.</doc>
<msg timestamp="20250928 18:56:49.951" level="INFO">${PAYLOAD} = {'id': '1', 'idBook': '1', 'firstName': 'UpdatedFirstName', 'lastName': 'UpdatedLastName'}</msg>
<status status="PASS" starttime="20250928 18:56:49.951" endtime="20250928 18:56:49.951"/>
</kw>
<kw name="PUT On [/${API}/${VERSION}/Authors/1] Endpoint With Payload [${PAYLOAD}] And Validate Status Code Is [200]" library="PUT" sourcename="PUT On [${THE_ENDPOINT}] Endpoint With Payload [${PAYLOAD}] And Validate Status Code Is [${EXPECTED_STATUS_CODE}]">
<doc>Send put request and validate status code</doc>
<kw name="PUT On Session" library="RequestsLibrary">
<var>${Response}</var>
<arg>fakerestapi</arg>
<arg>url=${THE_ENDPOINT}</arg>
<arg>json=${PAYLOAD}</arg>
<arg>expected_status=${EXPECTED_STATUS_CODE}</arg>
<doc>Sends a PUT request on a previously created HTTP Session.</doc>
<msg timestamp="20250928 18:56:49.998" level="INFO">PUT Request : url=https://fakerestapi.azurewebsites.net/api/v1/Authors/1 
 path_url=/api/v1/Authors/1 
 headers={'User-Agent': 'python-requests/2.31.0', 'Accept-Encoding': 'gzip, deflate', 'Accept': '*/*', 'Connection': 'keep-alive', 'Content-Length': '90', 'Content-Type': 'application/json'} 
 body=b'{"id": "1", "idBook": "1", "firstName": "UpdatedFirstName", "lastName": "UpdatedLastName"}' 
 </msg>
<msg timestamp="20250928 18:56:49.998" level="INFO">PUT Response : url=https://fakerestapi.azurewebsites.net/api/v1/Authors/1 
 status=200, reason=OK 
 headers={'Content-Type': 'application/json; charset=utf-8; v=1.0', 'Date': 'Sun, 28 Sep 2025 16:56:48 GMT', 'Server': 'Kestrel', 'Transfer-Encoding': 'chunked', 'api-supported-versions': '1.0'} 
 body={"id":1,"idBook":1,"firstName":"UpdatedFirstName","lastName":"UpdatedLastName"} 
 </msg>
<msg timestamp="20250928 18:56:49.998" level="INFO">${Response} = &lt;Response [200]&gt;</msg>
<status status="PASS" starttime="20250928 18:56:49.951" endtime="20250928 18:56:49.998"/>
</kw>
<kw name="Run Keyword And Ignore Error" library="BuiltIn">
<var>${JSON_Response}</var>
<arg>Convert String To Json</arg>
<arg>${Response.content}</arg>
<doc>Runs the given keyword with the given arguments and ignores possible error.</doc>
<kw name="Convert String To Json" library="JSONLibrary">
<arg>${Response.content}</arg>
<doc>Convert String to JSON object</doc>
<status status="PASS" starttime="20250928 18:56:49.998" endtime="20250928 18:56:49.998"/>
</kw>
<msg timestamp="20250928 18:56:49.998" level="INFO">${JSON_Response} = ('PASS', {'id': 1, 'idBook': 1, 'firstName': 'UpdatedFirstName', 'lastName': 'UpdatedLastName'})</msg>
<status status="PASS" starttime="20250928 18:56:49.998" endtime="20250928 18:56:49.998"/>
</kw>
<kw name="Set Global Variable" library="BuiltIn">
<arg>${JSON_Response}</arg>
<doc>Makes a variable available globally in all tests and suites.</doc>
<msg timestamp="20250928 18:56:50.001" level="INFO">${JSON_Response} = ('PASS', {'id': 1, 'idBook': 1, 'firstName': 'UpdatedFirstName', 'lastName': 'UpdatedLastName'})</msg>
<status status="PASS" starttime="20250928 18:56:50.001" endtime="20250928 18:56:50.001"/>
</kw>
<kw name="Convert To String" library="BuiltIn">
<var>${Actual_Response_Body}</var>
<arg>${JSON_Response}</arg>
<doc>Converts the given item to a Unicode string.</doc>
<msg timestamp="20250928 18:56:50.001" level="INFO">${Actual_Response_Body} = ('PASS', {'id': 1, 'idBook': 1, 'firstName': 'UpdatedFirstName', 'lastName': 'UpdatedLastName'})</msg>
<status status="PASS" starttime="20250928 18:56:50.001" endtime="20250928 18:56:50.001"/>
</kw>
<kw name="Set Global Variable" library="BuiltIn">
<arg>${Actual_Response_Body}</arg>
<doc>Makes a variable available globally in all tests and suites.</doc>
<msg timestamp="20250928 18:56:50.003" level="INFO">${Actual_Response_Body} = ('PASS', {'id': 1, 'idBook': 1, 'firstName': 'UpdatedFirstName', 'lastName': 'UpdatedLastName'})</msg>
<status status="PASS" starttime="20250928 18:56:50.001" endtime="20250928 18:56:50.003"/>
</kw>
<status status="PASS" starttime="20250928 18:56:49.951" endtime="20250928 18:56:50.003"/>
</kw>
<kw name="Validate That The Response Contains ['firstName': 'UpdatedFirstName'] Data" library="Validations" sourcename="Validate that the response contains [${EXPECTED_DATA}] data">
<doc>Validation of response</doc>
<kw name="Should Contain" library="BuiltIn">
<arg>${Actual_Response_Body}</arg>
<arg>${EXPECTED_DATA}</arg>
<arg>ignore_case=${False}</arg>
<doc>Fails if ``container`` does not contain ``item`` one or more times.</doc>
<status status="PASS" starttime="20250928 18:56:50.003" endtime="20250928 18:56:50.005"/>
</kw>
<status status="PASS" starttime="20250928 18:56:50.003" endtime="20250928 18:56:50.005"/>
</kw>
<kw name="Validate That The Response Contains ['lastName': 'UpdatedLastName'] Data" library="Validations" sourcename="Validate that the response contains [${EXPECTED_DATA}] data">
<doc>Validation of response</doc>
<kw name="Should Contain" library="BuiltIn">
<arg>${Actual_Response_Body}</arg>
<arg>${EXPECTED_DATA}</arg>
<arg>ignore_case=${False}</arg>
<doc>Fails if ``container`` does not contain ``item`` one or more times.</doc>
<status status="PASS" starttime="20250928 18:56:50.005" endtime="20250928 18:56:50.005"/>
</kw>
<status status="PASS" starttime="20250928 18:56:50.005" endtime="20250928 18:56:50.005"/>
</kw>
<status status="PASS" starttime="20250928 18:56:49.951" endtime="20250928 18:56:50.005"/>
</test>
<test id="s1-s1-t5" name="TC05 Delete Author With Valid Id" line="60">
<kw name="Generate Random String" library="String">
<var>${first_digit}</var>
<arg>1</arg>
<arg>123456789</arg>
<doc>Generates a string with a desired ``length`` from the given ``chars``.</doc>
<msg timestamp="20250928 18:56:50.007" level="INFO">${first_digit} = 2</msg>
<status status="PASS" starttime="20250928 18:56:50.007" endtime="20250928 18:56:50.007"/>
</kw>
<kw name="Generate Random String" library="String">
<var>${rest}</var>
<arg>4</arg>
<arg>0123456789</arg>
<doc>Generates a string with a desired ``length`` from the given ``chars``.</doc>
<msg timestamp="20250928 18:56:50.007" level="INFO">${rest} = 0266</msg>
<status status="PASS" starttime="20250928 18:56:50.007" endtime="20250928 18:56:50.007"/>
</kw>
<kw name="Set Variable" library="BuiltIn">
<var>${rnd_id}</var>
<arg>${first_digit}${rest}</arg>
<doc>Returns the given values which can then be assigned to a variables.</doc>
<msg timestamp="20250928 18:56:50.009" level="INFO">${rnd_id} = 20266</msg>
<status status="PASS" starttime="20250928 18:56:50.009" endtime="20250928 18:56:50.009"/>
</kw>
<kw name="Generate Random String" library="String">
<var>${rnd_idBook}</var>
<arg>1</arg>
<arg>123</arg>
<doc>Generates a string with a desired ``length`` from the given ``chars``.</doc>
<msg timestamp="20250928 18:56:50.009" level="INFO">${rnd_idBook} = 3</msg>
<status status="PASS" starttime="20250928 18:56:50.009" endtime="20250928 18:56:50.009"/>
</kw>
<kw name="Generate Random String" library="String">
<var>${rnd_firstName}</var>
<arg>5</arg>
<arg>[LETTERS]</arg>
<doc>Generates a string with a desired ``length`` from the given ``chars``.</doc>
<msg timestamp="20250928 18:56:50.009" level="INFO">${rnd_firstName} = dmGyZ</msg>
<status status="PASS" starttime="20250928 18:56:50.009" endtime="20250928 18:56:50.009"/>
</kw>
<kw name="Generate Random String" library="String">
<var>${rnd_lastName}</var>
<arg>5</arg>
<arg>[LETTERS]</arg>
<doc>Generates a string with a desired ``length`` from the given ``chars``.</doc>
<msg timestamp="20250928 18:56:50.009" level="INFO">${rnd_lastName} = YkxbX</msg>
<status status="PASS" starttime="20250928 18:56:50.009" endtime="20250928 18:56:50.009"/>
</kw>
<kw name="Create Dictionary" library="BuiltIn">
<var>${PAYLOAD}</var>
<arg>id=${rnd_id}</arg>
<arg>idBook=${rnd_idBook}</arg>
<arg>firstName=${rnd_firstName}</arg>
<arg>lastName=${rnd_lastName}</arg>
<doc>Creates and returns a dictionary based on the given ``items``.</doc>
<msg timestamp="20250928 18:56:50.009" level="INFO">${PAYLOAD} = {'id': '20266', 'idBook': '3', 'firstName': 'dmGyZ', 'lastName': 'YkxbX'}</msg>
<status status="PASS" starttime="20250928 18:56:50.009" endtime="20250928 18:56:50.009"/>
</kw>
<kw name="POST On [/${API}/${VERSION}/Authors] Endpoint With Payload [${PAYLOAD}] And Validate Status Code Is [200]" library="POST" sourcename="POST On [${THE_ENDPOINT}] Endpoint With Payload [${PAYLOAD}] And Validate Status Code Is [${EXPECTED_STATUS_CODE}]">
<doc>Send post request and validate status code</doc>
<kw name="POST On Session" library="RequestsLibrary">
<var>${Response}</var>
<arg>fakerestapi</arg>
<arg>url=${THE_ENDPOINT}</arg>
<arg>json=${PAYLOAD}</arg>
<arg>expected_status=${EXPECTED_STATUS_CODE}</arg>
<doc>Sends a POST request on a previously created HTTP Session.</doc>
<msg timestamp="20250928 18:56:50.324" level="INFO">POST Request : url=https://fakerestapi.azurewebsites.net/api/v1/Authors 
 path_url=/api/v1/Authors 
 headers={'User-Agent': 'python-requests/2.31.0', 'Accept-Encoding': 'gzip, deflate', 'Accept': '*/*', 'Connection': 'keep-alive', 'Content-Length': '73', 'Content-Type': 'application/json'} 
 body=b'{"id": "20266", "idBook": "3", "firstName": "dmGyZ", "lastName": "YkxbX"}' 
 </msg>
<msg timestamp="20250928 18:56:50.324" level="INFO">POST Response : url=https://fakerestapi.azurewebsites.net/api/v1/Authors 
 status=200, reason=OK 
 headers={'Content-Type': 'application/json; charset=utf-8; v=1.0', 'Date': 'Sun, 28 Sep 2025 16:56:48 GMT', 'Server': 'Kestrel', 'Transfer-Encoding': 'chunked', 'api-supported-versions': '1.0'} 
 body={"id":20266,"idBook":3,"firstName":"dmGyZ","lastName":"YkxbX"} 
 </msg>
<msg timestamp="20250928 18:56:50.324" level="INFO">${Response} = &lt;Response [200]&gt;</msg>
<status status="PASS" starttime="20250928 18:56:50.009" endtime="20250928 18:56:50.324"/>
</kw>
<kw name="Run Keyword And Ignore Error" library="BuiltIn">
<var>${JSON_Response}</var>
<arg>Convert String To Json</arg>
<arg>${Response.content}</arg>
<doc>Runs the given keyword with the given arguments and ignores possible error.</doc>
<kw name="Convert String To Json" library="JSONLibrary">
<arg>${Response.content}</arg>
<doc>Convert String to JSON object</doc>
<status status="PASS" starttime="20250928 18:56:50.324" endtime="20250928 18:56:50.324"/>
</kw>
<msg timestamp="20250928 18:56:50.324" level="INFO">${JSON_Response} = ('PASS', {'id': 20266, 'idBook': 3, 'firstName': 'dmGyZ', 'lastName': 'YkxbX'})</msg>
<status status="PASS" starttime="20250928 18:56:50.324" endtime="20250928 18:56:50.324"/>
</kw>
<kw name="Set Global Variable" library="BuiltIn">
<arg>${JSON_Response}</arg>
<doc>Makes a variable available globally in all tests and suites.</doc>
<msg timestamp="20250928 18:56:50.324" level="INFO">${JSON_Response} = ('PASS', {'id': 20266, 'idBook': 3, 'firstName': 'dmGyZ', 'lastName': 'YkxbX'})</msg>
<status status="PASS" starttime="20250928 18:56:50.324" endtime="20250928 18:56:50.324"/>
</kw>
<kw name="Convert To String" library="BuiltIn">
<var>${Actual_Response_Body}</var>
<arg>${JSON_Response}</arg>
<doc>Converts the given item to a Unicode string.</doc>
<msg timestamp="20250928 18:56:50.324" level="INFO">${Actual_Response_Body} = ('PASS', {'id': 20266, 'idBook': 3, 'firstName': 'dmGyZ', 'lastName': 'YkxbX'})</msg>
<status status="PASS" starttime="20250928 18:56:50.324" endtime="20250928 18:56:50.324"/>
</kw>
<kw name="Set Global Variable" library="BuiltIn">
<arg>${Actual_Response_Body}</arg>
<doc>Makes a variable available globally in all tests and suites.</doc>
<msg timestamp="20250928 18:56:50.324" level="INFO">${Actual_Response_Body} = ('PASS', {'id': 20266, 'idBook': 3, 'firstName': 'dmGyZ', 'lastName': 'YkxbX'})</msg>
<status status="PASS" starttime="20250928 18:56:50.324" endtime="20250928 18:56:50.324"/>
</kw>
<status status="PASS" starttime="20250928 18:56:50.009" endtime="20250928 18:56:50.324"/>
</kw>
<kw name="DELETE On [/${API}/${VERSION}/Authors/${rnd_id}] Endpoint And Validate Status Code Is [200]" library="DELETE" sourcename="DELETE On [${THE_ENDPOINT}] Endpoint and Validate Status Code Is [${EXPECTED_STATUS_CODE}]">
<doc>Send delete request and validate status code</doc>
<kw name="DELETE On Session" library="RequestsLibrary">
<var>${Response}</var>
<arg>fakerestapi</arg>
<arg>url=${THE_ENDPOINT}</arg>
<arg>expected_status=${EXPECTED_STATUS_CODE}</arg>
<doc>Sends a DELETE request on a previously created HTTP Session.</doc>
<msg timestamp="20250928 18:56:50.476" level="INFO">DELETE Request : url=https://fakerestapi.azurewebsites.net/api/v1/Authors/20266 
 path_url=/api/v1/Authors/20266 
 headers={'User-Agent': 'python-requests/2.31.0', 'Accept-Encoding': 'gzip, deflate', 'Accept': '*/*', 'Connection': 'keep-alive', 'Content-Length': '0'} 
 body=None 
 </msg>
<msg timestamp="20250928 18:56:50.476" level="INFO">DELETE Response : url=https://fakerestapi.azurewebsites.net/api/v1/Authors/20266 
 status=200, reason=OK 
 headers={'Content-Length': '0', 'Date': 'Sun, 28 Sep 2025 16:56:48 GMT', 'Server': 'Kestrel', 'api-supported-versions': '1.0'} 
 body=None 
 </msg>
<msg timestamp="20250928 18:56:50.476" level="INFO">${Response} = &lt;Response [200]&gt;</msg>
<status status="PASS" starttime="20250928 18:56:50.324" endtime="20250928 18:56:50.476"/>
</kw>
<kw name="Run Keyword And Ignore Error" library="BuiltIn">
<var>${JSON_Response}</var>
<arg>Convert String To Json</arg>
<arg>${Response.content}</arg>
<doc>Runs the given keyword with the given arguments and ignores possible error.</doc>
<kw name="Convert String To Json" library="JSONLibrary">
<arg>${Response.content}</arg>
<doc>Convert String to JSON object</doc>
<msg timestamp="20250928 18:56:50.476" level="FAIL">JSONDecodeError: Expecting value: line 1 column 1 (char 0)</msg>
<status status="FAIL" starttime="20250928 18:56:50.476" endtime="20250928 18:56:50.476"/>
</kw>
<msg timestamp="20250928 18:56:50.476" level="INFO">${JSON_Response} = ('FAIL', 'JSONDecodeError: Expecting value: line 1 column 1 (char 0)')</msg>
<status status="PASS" starttime="20250928 18:56:50.476" endtime="20250928 18:56:50.476"/>
</kw>
<kw name="Set Global Variable" library="BuiltIn">
<arg>${JSON_Response}</arg>
<doc>Makes a variable available globally in all tests and suites.</doc>
<msg timestamp="20250928 18:56:50.476" level="INFO">${JSON_Response} = ('FAIL', 'JSONDecodeError: Expecting value: line 1 column 1 (char 0)')</msg>
<status status="PASS" starttime="20250928 18:56:50.476" endtime="20250928 18:56:50.476"/>
</kw>
<kw name="Convert To String" library="BuiltIn">
<var>${Actual_Response_Body}</var>
<arg>${JSON_Response}</arg>
<doc>Converts the given item to a Unicode string.</doc>
<msg timestamp="20250928 18:56:50.476" level="INFO">${Actual_Response_Body} = ('FAIL', 'JSONDecodeError: Expecting value: line 1 column 1 (char 0)')</msg>
<status status="PASS" starttime="20250928 18:56:50.476" endtime="20250928 18:56:50.476"/>
</kw>
<kw name="Set Global Variable" library="BuiltIn">
<arg>${Actual_Response_Body}</arg>
<doc>Makes a variable available globally in all tests and suites.</doc>
<msg timestamp="20250928 18:56:50.476" level="INFO">${Actual_Response_Body} = ('FAIL', 'JSONDecodeError: Expecting value: line 1 column 1 (char 0)')</msg>
<status status="PASS" starttime="20250928 18:56:50.476" endtime="20250928 18:56:50.476"/>
</kw>
<status status="PASS" starttime="20250928 18:56:50.324" endtime="20250928 18:56:50.476"/>
</kw>
<kw name="GET On [/${API}/${VERSION}/Authors/${rnd_id}] Endpoint And Validate That Status Code Is [404]" library="GET" sourcename="GET on [${ENDPOINT}] endpoint and validate that status code is [${EXPECTED_STATUS_CODE}]">
<doc>Send get request and validate status code</doc>
<kw name="GET On Session" library="RequestsLibrary">
<var>${Response}</var>
<arg>fakerestapi</arg>
<arg>url=${ENDPOINT}</arg>
<arg>expected_status=${EXPECTED_STATUS_CODE}</arg>
<doc>Sends a GET request on a previously created HTTP Session.</doc>
<msg timestamp="20250928 18:56:50.630" level="INFO">GET Request : url=https://fakerestapi.azurewebsites.net/api/v1/Authors/20266 
 path_url=/api/v1/Authors/20266 
 headers={'User-Agent': 'python-requests/2.31.0', 'Accept-Encoding': 'gzip, deflate', 'Accept': '*/*', 'Connection': 'keep-alive'} 
 body=None 
 </msg>
<msg timestamp="20250928 18:56:50.630" level="INFO">GET Response : url=https://fakerestapi.azurewebsites.net/api/v1/Authors/20266 
 status=404, reason=Not Found 
 headers={'Content-Type': 'application/problem+json; charset=utf-8; v=1.0', 'Date': 'Sun, 28 Sep 2025 16:56:48 GMT', 'Server': 'Kestrel', 'Transfer-Encoding': 'chunked', 'api-supported-versions': '1.0'} 
 body={"type":"https://tools.ietf.org/html/rfc7231#section-6.5.4","title":"Not Found","status":404,"traceId":"00-2da0185e62c0d04f99ec3d6cdbdc2c70-c0e950627e5a044f-00"} 
 </msg>
<msg timestamp="20250928 18:56:50.630" level="INFO">${Response} = &lt;Response [404]&gt;</msg>
<status status="PASS" starttime="20250928 18:56:50.476" endtime="20250928 18:56:50.630"/>
</kw>
<kw name="Run Keyword And Ignore Error" library="BuiltIn">
<var>${JSON_Response}</var>
<arg>Convert String To Json</arg>
<arg>${Response.content}</arg>
<doc>Runs the given keyword with the given arguments and ignores possible error.</doc>
<kw name="Convert String To Json" library="JSONLibrary">
<arg>${Response.content}</arg>
<doc>Convert String to JSON object</doc>
<status status="PASS" starttime="20250928 18:56:50.630" endtime="20250928 18:56:50.630"/>
</kw>
<msg timestamp="20250928 18:56:50.630" level="INFO">${JSON_Response} = ('PASS', {'type': 'https://tools.ietf.org/html/rfc7231#section-6.5.4', 'title': 'Not Found', 'status': 404, 'traceId': '00-2da0185e62c0d04f99ec3d6cdbdc2c70-c0e950627e5a044f-00'})</msg>
<status status="PASS" starttime="20250928 18:56:50.630" endtime="20250928 18:56:50.630"/>
</kw>
<kw name="Set Global Variable" library="BuiltIn">
<arg>${JSON_Response}</arg>
<doc>Makes a variable available globally in all tests and suites.</doc>
<msg timestamp="20250928 18:56:50.630" level="INFO">${JSON_Response} = ('PASS', {'type': 'https://tools.ietf.org/html/rfc7231#section-6.5.4', 'title': 'Not Found', 'status': 404, 'traceId': '00-2da0185e62c0d04f99ec3d6cdbdc2c70-c0e950627e5a044f-00'})</msg>
<status status="PASS" starttime="20250928 18:56:50.630" endtime="20250928 18:56:50.630"/>
</kw>
<kw name="Convert To String" library="BuiltIn">
<var>${Actual_Response_Body}</var>
<arg>${JSON_Response}</arg>
<doc>Converts the given item to a Unicode string.</doc>
<msg timestamp="20250928 18:56:50.630" level="INFO">${Actual_Response_Body} = ('PASS', {'type': 'https://tools.ietf.org/html/rfc7231#section-6.5.4', 'title': 'Not Found', 'status': 404, 'traceId': '00-2da0185e62c0d04f99ec3d6cdbdc2c70-c0e950627e5a044f-00'})</msg>
<status status="PASS" starttime="20250928 18:56:50.630" endtime="20250928 18:56:50.630"/>
</kw>
<kw name="Set Global Variable" library="BuiltIn">
<arg>${Actual_Response_Body}</arg>
<doc>Makes a variable available globally in all tests and suites.</doc>
<msg timestamp="20250928 18:56:50.630" level="INFO">${Actual_Response_Body} = ('PASS', {'type': 'https://tools.ietf.org/html/rfc7231#section-6.5.4', 'title': 'Not Found', 'status': 404, 'traceId': '00-2da0185e62c0d04f99ec3d6cdbdc2c70-c0e950627e5a044f-00'})</msg>
<status status="PASS" starttime="20250928 18:56:50.630" endtime="20250928 18:56:50.630"/>
</kw>
<status status="PASS" starttime="20250928 18:56:50.476" endtime="20250928 18:56:50.630"/>
</kw>
<status status="PASS" starttime="20250928 18:56:50.007" endtime="20250928 18:56:50.630"/>
</test>
<test id="s1-s1-t6" name="TC06 Get Author By Invalid Id" line="76">
<kw name="GET On [/${API}/${VERSION}/Authors/99999] Endpoint And Validate That Status Code Is [404]" library="GET" sourcename="GET on [${ENDPOINT}] endpoint and validate that status code is [${EXPECTED_STATUS_CODE}]">
<doc>Send get request and validate status code</doc>
<kw name="GET On Session" library="RequestsLibrary">
<var>${Response}</var>
<arg>fakerestapi</arg>
<arg>url=${ENDPOINT}</arg>
<arg>expected_status=${EXPECTED_STATUS_CODE}</arg>
<doc>Sends a GET request on a previously created HTTP Session.</doc>
<msg timestamp="20250928 18:56:50.677" level="INFO">GET Request : url=https://fakerestapi.azurewebsites.net/api/v1/Authors/99999 
 path_url=/api/v1/Authors/99999 
 headers={'User-Agent': 'python-requests/2.31.0', 'Accept-Encoding': 'gzip, deflate', 'Accept': '*/*', 'Connection': 'keep-alive'} 
 body=None 
 </msg>
<msg timestamp="20250928 18:56:50.677" level="INFO">GET Response : url=https://fakerestapi.azurewebsites.net/api/v1/Authors/99999 
 status=404, reason=Not Found 
 headers={'Content-Type': 'application/problem+json; charset=utf-8; v=1.0', 'Date': 'Sun, 28 Sep 2025 16:56:48 GMT', 'Server': 'Kestrel', 'Transfer-Encoding': 'chunked', 'api-supported-versions': '1.0'} 
 body={"type":"https://tools.ietf.org/html/rfc7231#section-6.5.4","title":"Not Found","status":404,"traceId":"00-fa97cbfdbf589f4baccef7746bf9c4c4-4b9d6f156b43c340-00"} 
 </msg>
<msg timestamp="20250928 18:56:50.677" level="INFO">${Response} = &lt;Response [404]&gt;</msg>
<status status="PASS" starttime="20250928 18:56:50.630" endtime="20250928 18:56:50.677"/>
</kw>
<kw name="Run Keyword And Ignore Error" library="BuiltIn">
<var>${JSON_Response}</var>
<arg>Convert String To Json</arg>
<arg>${Response.content}</arg>
<doc>Runs the given keyword with the given arguments and ignores possible error.</doc>
<kw name="Convert String To Json" library="JSONLibrary">
<arg>${Response.content}</arg>
<doc>Convert String to JSON object</doc>
<status status="PASS" starttime="20250928 18:56:50.677" endtime="20250928 18:56:50.679"/>
</kw>
<msg timestamp="20250928 18:56:50.679" level="INFO">${JSON_Response} = ('PASS', {'type': 'https://tools.ietf.org/html/rfc7231#section-6.5.4', 'title': 'Not Found', 'status': 404, 'traceId': '00-fa97cbfdbf589f4baccef7746bf9c4c4-4b9d6f156b43c340-00'})</msg>
<status status="PASS" starttime="20250928 18:56:50.677" endtime="20250928 18:56:50.679"/>
</kw>
<kw name="Set Global Variable" library="BuiltIn">
<arg>${JSON_Response}</arg>
<doc>Makes a variable available globally in all tests and suites.</doc>
<msg timestamp="20250928 18:56:50.679" level="INFO">${JSON_Response} = ('PASS', {'type': 'https://tools.ietf.org/html/rfc7231#section-6.5.4', 'title': 'Not Found', 'status': 404, 'traceId': '00-fa97cbfdbf589f4baccef7746bf9c4c4-4b9d6f156b43c340-00'})</msg>
<status status="PASS" starttime="20250928 18:56:50.679" endtime="20250928 18:56:50.679"/>
</kw>
<kw name="Convert To String" library="BuiltIn">
<var>${Actual_Response_Body}</var>
<arg>${JSON_Response}</arg>
<doc>Converts the given item to a Unicode string.</doc>
<msg timestamp="20250928 18:56:50.679" level="INFO">${Actual_Response_Body} = ('PASS', {'type': 'https://tools.ietf.org/html/rfc7231#section-6.5.4', 'title': 'Not Found', 'status': 404, 'traceId': '00-fa97cbfdbf589f4baccef7746bf9c4c4-4b9d6f156b43c340-00'})</msg>
<status status="PASS" starttime="20250928 18:56:50.679" endtime="20250928 18:56:50.679"/>
</kw>
<kw name="Set Global Variable" library="BuiltIn">
<arg>${Actual_Response_Body}</arg>
<doc>Makes a variable available globally in all tests and suites.</doc>
<msg timestamp="20250928 18:56:50.679" level="INFO">${Actual_Response_Body} = ('PASS', {'type': 'https://tools.ietf.org/html/rfc7231#section-6.5.4', 'title': 'Not Found', 'status': 404, 'traceId': '00-fa97cbfdbf589f4baccef7746bf9c4c4-4b9d6f156b43c340-00'})</msg>
<status status="PASS" starttime="20250928 18:56:50.679" endtime="20250928 18:56:50.679"/>
</kw>
<status status="PASS" starttime="20250928 18:56:50.630" endtime="20250928 18:56:50.679"/>
</kw>
<status status="PASS" starttime="20250928 18:56:50.630" endtime="20250928 18:56:50.679"/>
</test>
<test id="s1-s1-t7" name="TC07 Get Author With Non-Numeric Id" line="79">
<kw name="GET On [/${API}/${VERSION}/Authors/abc] Endpoint And Validate That Status Code Is [400]" library="GET" sourcename="GET on [${ENDPOINT}] endpoint and validate that status code is [${EXPECTED_STATUS_CODE}]">
<doc>Send get request and validate status code</doc>
<kw name="GET On Session" library="RequestsLibrary">
<var>${Response}</var>
<arg>fakerestapi</arg>
<arg>url=${ENDPOINT}</arg>
<arg>expected_status=${EXPECTED_STATUS_CODE}</arg>
<doc>Sends a GET request on a previously created HTTP Session.</doc>
<msg timestamp="20250928 18:56:50.712" level="INFO">GET Request : url=https://fakerestapi.azurewebsites.net/api/v1/Authors/abc 
 path_url=/api/v1/Authors/abc 
 headers={'User-Agent': 'python-requests/2.31.0', 'Accept-Encoding': 'gzip, deflate', 'Accept': '*/*', 'Connection': 'keep-alive'} 
 body=None 
 </msg>
<msg timestamp="20250928 18:56:50.712" level="INFO">GET Response : url=https://fakerestapi.azurewebsites.net/api/v1/Authors/abc 
 status=400, reason=Bad Request 
 headers={'Content-Type': 'application/problem+json; charset=utf-8', 'Date': 'Sun, 28 Sep 2025 16:56:48 GMT', 'Server': 'Kestrel', 'Transfer-Encoding': 'chunked'} 
 body={"type":"https://tools.ietf.org/html/rfc7231#section-6.5.1","title":"One or more validation errors occurred.","status":400,"traceId":"00-dfe98f1184db38458e3df1d63b3b4e52-2a365b67ef293340-00","errors":{"id":["The value 'abc' is not valid."]}} 
 </msg>
<msg timestamp="20250928 18:56:50.712" level="INFO">${Response} = &lt;Response [400]&gt;</msg>
<status status="PASS" starttime="20250928 18:56:50.679" endtime="20250928 18:56:50.712"/>
</kw>
<kw name="Run Keyword And Ignore Error" library="BuiltIn">
<var>${JSON_Response}</var>
<arg>Convert String To Json</arg>
<arg>${Response.content}</arg>
<doc>Runs the given keyword with the given arguments and ignores possible error.</doc>
<kw name="Convert String To Json" library="JSONLibrary">
<arg>${Response.content}</arg>
<doc>Convert String to JSON object</doc>
<status status="PASS" starttime="20250928 18:56:50.712" endtime="20250928 18:56:50.712"/>
</kw>
<msg timestamp="20250928 18:56:50.712" level="INFO">${JSON_Response} = ('PASS', {'type': 'https://tools.ietf.org/html/rfc7231#section-6.5.1', 'title': 'One or more validation errors occurred.', 'status': 400, 'traceId': '00-dfe98f1184db38458e3df1d63b3b4e52-2a365b67ef2933...</msg>
<status status="PASS" starttime="20250928 18:56:50.712" endtime="20250928 18:56:50.712"/>
</kw>
<kw name="Set Global Variable" library="BuiltIn">
<arg>${JSON_Response}</arg>
<doc>Makes a variable available globally in all tests and suites.</doc>
<msg timestamp="20250928 18:56:50.712" level="INFO">${JSON_Response} = ('PASS', {'type': 'https://tools.ietf.org/html/rfc7231#section-6.5.1', 'title': 'One or more validation errors occurred.', 'status': 400, 'traceId': '00-dfe98f1184db38458e3df1d63b3b4e52-2a365b67ef2933...</msg>
<status status="PASS" starttime="20250928 18:56:50.712" endtime="20250928 18:56:50.712"/>
</kw>
<kw name="Convert To String" library="BuiltIn">
<var>${Actual_Response_Body}</var>
<arg>${JSON_Response}</arg>
<doc>Converts the given item to a Unicode string.</doc>
<msg timestamp="20250928 18:56:50.712" level="INFO">${Actual_Response_Body} = ('PASS', {'type': 'https://tools.ietf.org/html/rfc7231#section-6.5.1', 'title': 'One or more validation errors occurred.', 'status': 400, 'traceId': '00-dfe98f1184db38458e3df1d63b3b4e52-2a365b67ef2933...</msg>
<status status="PASS" starttime="20250928 18:56:50.712" endtime="20250928 18:56:50.712"/>
</kw>
<kw name="Set Global Variable" library="BuiltIn">
<arg>${Actual_Response_Body}</arg>
<doc>Makes a variable available globally in all tests and suites.</doc>
<msg timestamp="20250928 18:56:50.712" level="INFO">${Actual_Response_Body} = ('PASS', {'type': 'https://tools.ietf.org/html/rfc7231#section-6.5.1', 'title': 'One or more validation errors occurred.', 'status': 400, 'traceId': '00-dfe98f1184db38458e3df1d63b3b4e52-2a365b67ef2933...</msg>
<status status="PASS" starttime="20250928 18:56:50.712" endtime="20250928 18:56:50.712"/>
</kw>
<status status="PASS" starttime="20250928 18:56:50.679" endtime="20250928 18:56:50.712"/>
</kw>
<status status="PASS" starttime="20250928 18:56:50.679" endtime="20250928 18:56:50.712"/>
</test>
<test id="s1-s1-t8" name="TC08 Create Author With Missing Required Field" line="82">
<kw name="Generate Random String" library="String">
<var>${first_digit}</var>
<arg>1</arg>
<arg>123456789</arg>
<doc>Generates a string with a desired ``length`` from the given ``chars``.</doc>
<msg timestamp="20250928 18:56:50.712" level="INFO">${first_digit} = 5</msg>
<status status="PASS" starttime="20250928 18:56:50.712" endtime="20250928 18:56:50.712"/>
</kw>
<kw name="Generate Random String" library="String">
<var>${rest}</var>
<arg>4</arg>
<arg>0123456789</arg>
<doc>Generates a string with a desired ``length`` from the given ``chars``.</doc>
<msg timestamp="20250928 18:56:50.712" level="INFO">${rest} = 4679</msg>
<status status="PASS" starttime="20250928 18:56:50.712" endtime="20250928 18:56:50.712"/>
</kw>
<kw name="Set Variable" library="BuiltIn">
<var>${rnd_id}</var>
<arg>${first_digit}${rest}</arg>
<doc>Returns the given values which can then be assigned to a variables.</doc>
<msg timestamp="20250928 18:56:50.728" level="INFO">${rnd_id} = 54679</msg>
<status status="PASS" starttime="20250928 18:56:50.712" endtime="20250928 18:56:50.728"/>
</kw>
<kw name="Create Dictionary" library="BuiltIn">
<var>${PAYLOAD}</var>
<arg>id=${EMPTY}</arg>
<arg>idBook=${EMPTY}</arg>
<arg>firstName=John</arg>
<doc>Creates and returns a dictionary based on the given ``items``.</doc>
<msg timestamp="20250928 18:56:50.728" level="INFO">${PAYLOAD} = {'id': '', 'idBook': '', 'firstName': 'John'}</msg>
<status status="PASS" starttime="20250928 18:56:50.728" endtime="20250928 18:56:50.728"/>
</kw>
<kw name="POST On [/${API}/${VERSION}/Authors] Endpoint With Payload [${PAYLOAD}] And Validate Status Code Is [400]" library="POST" sourcename="POST On [${THE_ENDPOINT}] Endpoint With Payload [${PAYLOAD}] And Validate Status Code Is [${EXPECTED_STATUS_CODE}]">
<doc>Send post request and validate status code</doc>
<kw name="POST On Session" library="RequestsLibrary">
<var>${Response}</var>
<arg>fakerestapi</arg>
<arg>url=${THE_ENDPOINT}</arg>
<arg>json=${PAYLOAD}</arg>
<arg>expected_status=${EXPECTED_STATUS_CODE}</arg>
<doc>Sends a POST request on a previously created HTTP Session.</doc>
<msg timestamp="20250928 18:56:50.768" level="INFO">POST Request : url=https://fakerestapi.azurewebsites.net/api/v1/Authors 
 path_url=/api/v1/Authors 
 headers={'User-Agent': 'python-requests/2.31.0', 'Accept-Encoding': 'gzip, deflate', 'Accept': '*/*', 'Connection': 'keep-alive', 'Content-Length': '45', 'Content-Type': 'application/json'} 
 body=b'{"id": "", "idBook": "", "firstName": "John"}' 
 </msg>
<msg timestamp="20250928 18:56:50.768" level="INFO">POST Response : url=https://fakerestapi.azurewebsites.net/api/v1/Authors 
 status=400, reason=Bad Request 
 headers={'Content-Type': 'application/problem+json; charset=utf-8', 'Date': 'Sun, 28 Sep 2025 16:56:48 GMT', 'Server': 'Kestrel', 'Transfer-Encoding': 'chunked'} 
 body={"type":"https://tools.ietf.org/html/rfc7231#section-6.5.1","title":"One or more validation errors occurred.","status":400,"traceId":"00-1e8e7eb7ee260345a3ea047a20affed2-87a5a7d5672d4c4f-00","errors":{"$.id":["The JSON value could not be converted to System.Int32. Path: $.id | LineNumber: 0 | BytePositionInLine: 9."]}} 
 </msg>
<msg timestamp="20250928 18:56:50.768" level="INFO">${Response} = &lt;Response [400]&gt;</msg>
<status status="PASS" starttime="20250928 18:56:50.728" endtime="20250928 18:56:50.768"/>
</kw>
<kw name="Run Keyword And Ignore Error" library="BuiltIn">
<var>${JSON_Response}</var>
<arg>Convert String To Json</arg>
<arg>${Response.content}</arg>
<doc>Runs the given keyword with the given arguments and ignores possible error.</doc>
<kw name="Convert String To Json" library="JSONLibrary">
<arg>${Response.content}</arg>
<doc>Convert String to JSON object</doc>
<status status="PASS" starttime="20250928 18:56:50.768" endtime="20250928 18:56:50.772"/>
</kw>
<msg timestamp="20250928 18:56:50.772" level="INFO">${JSON_Response} = ('PASS', {'type': 'https://tools.ietf.org/html/rfc7231#section-6.5.1', 'title': 'One or more validation errors occurred.', 'status': 400, 'traceId': '00-1e8e7eb7ee260345a3ea047a20affed2-87a5a7d5672d4c...</msg>
<status status="PASS" starttime="20250928 18:56:50.768" endtime="20250928 18:56:50.772"/>
</kw>
<kw name="Set Global Variable" library="BuiltIn">
<arg>${JSON_Response}</arg>
<doc>Makes a variable available globally in all tests and suites.</doc>
<msg timestamp="20250928 18:56:50.774" level="INFO">${JSON_Response} = ('PASS', {'type': 'https://tools.ietf.org/html/rfc7231#section-6.5.1', 'title': 'One or more validation errors occurred.', 'status': 400, 'traceId': '00-1e8e7eb7ee260345a3ea047a20affed2-87a5a7d5672d4c...</msg>
<status status="PASS" starttime="20250928 18:56:50.772" endtime="20250928 18:56:50.774"/>
</kw>
<kw name="Convert To String" library="BuiltIn">
<var>${Actual_Response_Body}</var>
<arg>${JSON_Response}</arg>
<doc>Converts the given item to a Unicode string.</doc>
<msg timestamp="20250928 18:56:50.774" level="INFO">${Actual_Response_Body} = ('PASS', {'type': 'https://tools.ietf.org/html/rfc7231#section-6.5.1', 'title': 'One or more validation errors occurred.', 'status': 400, 'traceId': '00-1e8e7eb7ee260345a3ea047a20affed2-87a5a7d5672d4c...</msg>
<status status="PASS" starttime="20250928 18:56:50.774" endtime="20250928 18:56:50.774"/>
</kw>
<kw name="Set Global Variable" library="BuiltIn">
<arg>${Actual_Response_Body}</arg>
<doc>Makes a variable available globally in all tests and suites.</doc>
<msg timestamp="20250928 18:56:50.776" level="INFO">${Actual_Response_Body} = ('PASS', {'type': 'https://tools.ietf.org/html/rfc7231#section-6.5.1', 'title': 'One or more validation errors occurred.', 'status': 400, 'traceId': '00-1e8e7eb7ee260345a3ea047a20affed2-87a5a7d5672d4c...</msg>
<status status="PASS" starttime="20250928 18:56:50.776" endtime="20250928 18:56:50.776"/>
</kw>
<status status="PASS" starttime="20250928 18:56:50.728" endtime="20250928 18:56:50.776"/>
</kw>
<status status="PASS" starttime="20250928 18:56:50.712" endtime="20250928 18:56:50.776"/>
</test>
<test id="s1-s1-t9" name="TC09 Create Author With Invalid Data Type" line="89">
<kw name="Generate Random String" library="String">
<var>${first_digit}</var>
<arg>1</arg>
<arg>123456789</arg>
<doc>Generates a string with a desired ``length`` from the given ``chars``.</doc>
<msg timestamp="20250928 18:56:50.778" level="INFO">${first_digit} = 3</msg>
<status status="PASS" starttime="20250928 18:56:50.778" endtime="20250928 18:56:50.778"/>
</kw>
<kw name="Generate Random String" library="String">
<var>${rest}</var>
<arg>4</arg>
<arg>0123456789</arg>
<doc>Generates a string with a desired ``length`` from the given ``chars``.</doc>
<msg timestamp="20250928 18:56:50.780" level="INFO">${rest} = 8476</msg>
<status status="PASS" starttime="20250928 18:56:50.778" endtime="20250928 18:56:50.780"/>
</kw>
<kw name="Set Variable" library="BuiltIn">
<var>${rnd_id}</var>
<arg>${first_digit}${rest}</arg>
<doc>Returns the given values which can then be assigned to a variables.</doc>
<msg timestamp="20250928 18:56:50.780" level="INFO">${rnd_id} = 38476</msg>
<status status="PASS" starttime="20250928 18:56:50.780" endtime="20250928 18:56:50.780"/>
</kw>
<kw name="Create Dictionary" library="BuiltIn">
<var>${PAYLOAD}</var>
<arg>id=${rnd_id}</arg>
<arg>idBook=abc</arg>
<arg>firstName=John</arg>
<arg>lastName=123</arg>
<doc>Creates and returns a dictionary based on the given ``items``.</doc>
<msg timestamp="20250928 18:56:50.782" level="INFO">${PAYLOAD} = {'id': '38476', 'idBook': 'abc', 'firstName': 'John', 'lastName': '123'}</msg>
<status status="PASS" starttime="20250928 18:56:50.780" endtime="20250928 18:56:50.782"/>
</kw>
<kw name="POST On [/${API}/${VERSION}/Authors] Endpoint With Payload [${PAYLOAD}] And Validate Status Code Is [400]" library="POST" sourcename="POST On [${THE_ENDPOINT}] Endpoint With Payload [${PAYLOAD}] And Validate Status Code Is [${EXPECTED_STATUS_CODE}]">
<doc>Send post request and validate status code</doc>
<kw name="POST On Session" library="RequestsLibrary">
<var>${Response}</var>
<arg>fakerestapi</arg>
<arg>url=${THE_ENDPOINT}</arg>
<arg>json=${PAYLOAD}</arg>
<arg>expected_status=${EXPECTED_STATUS_CODE}</arg>
<doc>Sends a POST request on a previously created HTTP Session.</doc>
<msg timestamp="20250928 18:56:50.825" level="INFO">POST Request : url=https://fakerestapi.azurewebsites.net/api/v1/Authors 
 path_url=/api/v1/Authors 
 headers={'User-Agent': 'python-requests/2.31.0', 'Accept-Encoding': 'gzip, deflate', 'Accept': '*/*', 'Connection': 'keep-alive', 'Content-Length': '72', 'Content-Type': 'application/json'} 
 body=b'{"id": "38476", "idBook": "abc", "firstName": "John", "lastName": "123"}' 
 </msg>
<msg timestamp="20250928 18:56:50.825" level="INFO">POST Response : url=https://fakerestapi.azurewebsites.net/api/v1/Authors 
 status=400, reason=Bad Request 
 headers={'Content-Type': 'application/problem+json; charset=utf-8', 'Date': 'Sun, 28 Sep 2025 16:56:48 GMT', 'Server': 'Kestrel', 'Transfer-Encoding': 'chunked'} 
 body={"type":"https://tools.ietf.org/html/rfc7231#section-6.5.1","title":"One or more validation errors occurred.","status":400,"traceId":"00-4bfa3199a3188c498ee37b78429f38a9-8d1eb45582754344-00","errors":{"$.idBook":["The JSON value could not be converted to System.Int32. Path: $.idBook | LineNumber: 0 | BytePositionInLine: 31."]}} 
 </msg>
<msg timestamp="20250928 18:56:50.825" level="INFO">${Response} = &lt;Response [400]&gt;</msg>
<status status="PASS" starttime="20250928 18:56:50.782" endtime="20250928 18:56:50.825"/>
</kw>
<kw name="Run Keyword And Ignore Error" library="BuiltIn">
<var>${JSON_Response}</var>
<arg>Convert String To Json</arg>
<arg>${Response.content}</arg>
<doc>Runs the given keyword with the given arguments and ignores possible error.</doc>
<kw name="Convert String To Json" library="JSONLibrary">
<arg>${Response.content}</arg>
<doc>Convert String to JSON object</doc>
<status status="PASS" starttime="20250928 18:56:50.825" endtime="20250928 18:56:50.825"/>
</kw>
<msg timestamp="20250928 18:56:50.825" level="INFO">${JSON_Response} = ('PASS', {'type': 'https://tools.ietf.org/html/rfc7231#section-6.5.1', 'title': 'One or more validation errors occurred.', 'status': 400, 'traceId': '00-4bfa3199a3188c498ee37b78429f38a9-8d1eb455827543...</msg>
<status status="PASS" starttime="20250928 18:56:50.825" endtime="20250928 18:56:50.825"/>
</kw>
<kw name="Set Global Variable" library="BuiltIn">
<arg>${JSON_Response}</arg>
<doc>Makes a variable available globally in all tests and suites.</doc>
<msg timestamp="20250928 18:56:50.825" level="INFO">${JSON_Response} = ('PASS', {'type': 'https://tools.ietf.org/html/rfc7231#section-6.5.1', 'title': 'One or more validation errors occurred.', 'status': 400, 'traceId': '00-4bfa3199a3188c498ee37b78429f38a9-8d1eb455827543...</msg>
<status status="PASS" starttime="20250928 18:56:50.825" endtime="20250928 18:56:50.825"/>
</kw>
<kw name="Convert To String" library="BuiltIn">
<var>${Actual_Response_Body}</var>
<arg>${JSON_Response}</arg>
<doc>Converts the given item to a Unicode string.</doc>
<msg timestamp="20250928 18:56:50.825" level="INFO">${Actual_Response_Body} = ('PASS', {'type': 'https://tools.ietf.org/html/rfc7231#section-6.5.1', 'title': 'One or more validation errors occurred.', 'status': 400, 'traceId': '00-4bfa3199a3188c498ee37b78429f38a9-8d1eb455827543...</msg>
<status status="PASS" starttime="20250928 18:56:50.825" endtime="20250928 18:56:50.825"/>
</kw>
<kw name="Set Global Variable" library="BuiltIn">
<arg>${Actual_Response_Body}</arg>
<doc>Makes a variable available globally in all tests and suites.</doc>
<msg timestamp="20250928 18:56:50.825" level="INFO">${Actual_Response_Body} = ('PASS', {'type': 'https://tools.ietf.org/html/rfc7231#section-6.5.1', 'title': 'One or more validation errors occurred.', 'status': 400, 'traceId': '00-4bfa3199a3188c498ee37b78429f38a9-8d1eb455827543...</msg>
<status status="PASS" starttime="20250928 18:56:50.825" endtime="20250928 18:56:50.825"/>
</kw>
<status status="PASS" starttime="20250928 18:56:50.782" endtime="20250928 18:56:50.825"/>
</kw>
<status status="PASS" starttime="20250928 18:56:50.776" endtime="20250928 18:56:50.825"/>
</test>
<test id="s1-s1-t10" name="TC10 Update Author With Non-Existing Id" line="96">
<kw name="Create Dictionary" library="BuiltIn">
<var>${PAYLOAD}</var>
<arg>id=0a1</arg>
<arg>idBook=1</arg>
<arg>firstName=GhostFirst</arg>
<arg>lastName=GhostLast</arg>
<doc>Creates and returns a dictionary based on the given ``items``.</doc>
<msg timestamp="20250928 18:56:50.830" level="INFO">${PAYLOAD} = {'id': '0a1', 'idBook': '1', 'firstName': 'GhostFirst', 'lastName': 'GhostLast'}</msg>
<status status="PASS" starttime="20250928 18:56:50.830" endtime="20250928 18:56:50.830"/>
</kw>
<kw name="PUT On [/${API}/${VERSION}/Authors/0a1] Endpoint With Payload [${PAYLOAD}] And Validate Status Code Is [400]" library="PUT" sourcename="PUT On [${THE_ENDPOINT}] Endpoint With Payload [${PAYLOAD}] And Validate Status Code Is [${EXPECTED_STATUS_CODE}]">
<doc>Send put request and validate status code</doc>
<kw name="PUT On Session" library="RequestsLibrary">
<var>${Response}</var>
<arg>fakerestapi</arg>
<arg>url=${THE_ENDPOINT}</arg>
<arg>json=${PAYLOAD}</arg>
<arg>expected_status=${EXPECTED_STATUS_CODE}</arg>
<doc>Sends a PUT request on a previously created HTTP Session.</doc>
<msg timestamp="20250928 18:56:50.872" level="INFO">PUT Request : url=https://fakerestapi.azurewebsites.net/api/v1/Authors/0a1 
 path_url=/api/v1/Authors/0a1 
 headers={'User-Agent': 'python-requests/2.31.0', 'Accept-Encoding': 'gzip, deflate', 'Accept': '*/*', 'Connection': 'keep-alive', 'Content-Length': '80', 'Content-Type': 'application/json'} 
 body=b'{"id": "0a1", "idBook": "1", "firstName": "GhostFirst", "lastName": "GhostLast"}' 
 </msg>
<msg timestamp="20250928 18:56:50.872" level="INFO">PUT Response : url=https://fakerestapi.azurewebsites.net/api/v1/Authors/0a1 
 status=400, reason=Bad Request 
 headers={'Content-Type': 'application/problem+json; charset=utf-8', 'Date': 'Sun, 28 Sep 2025 16:56:49 GMT', 'Server': 'Kestrel', 'Transfer-Encoding': 'chunked'} 
 body={"type":"https://tools.ietf.org/html/rfc7231#section-6.5.1","title":"One or more validation errors occurred.","status":400,"traceId":"00-e8adaa357394834694d39c1e935dce27-be074a3e35a97347-00","errors":{"id":["The value '0a1' is not valid."],"$.id":["The JSON value could not be converted to System.Int32. Path: $.id | LineNumber: 0 | BytePositionInLine: 12."]}} 
 </msg>
<msg timestamp="20250928 18:56:50.872" level="INFO">${Response} = &lt;Response [400]&gt;</msg>
<status status="PASS" starttime="20250928 18:56:50.832" endtime="20250928 18:56:50.872"/>
</kw>
<kw name="Run Keyword And Ignore Error" library="BuiltIn">
<var>${JSON_Response}</var>
<arg>Convert String To Json</arg>
<arg>${Response.content}</arg>
<doc>Runs the given keyword with the given arguments and ignores possible error.</doc>
<kw name="Convert String To Json" library="JSONLibrary">
<arg>${Response.content}</arg>
<doc>Convert String to JSON object</doc>
<status status="PASS" starttime="20250928 18:56:50.872" endtime="20250928 18:56:50.872"/>
</kw>
<msg timestamp="20250928 18:56:50.872" level="INFO">${JSON_Response} = ('PASS', {'type': 'https://tools.ietf.org/html/rfc7231#section-6.5.1', 'title': 'One or more validation errors occurred.', 'status': 400, 'traceId': '00-e8adaa357394834694d39c1e935dce27-be074a3e35a973...</msg>
<status status="PASS" starttime="20250928 18:56:50.872" endtime="20250928 18:56:50.872"/>
</kw>
<kw name="Set Global Variable" library="BuiltIn">
<arg>${JSON_Response}</arg>
<doc>Makes a variable available globally in all tests and suites.</doc>
<msg timestamp="20250928 18:56:50.872" level="INFO">${JSON_Response} = ('PASS', {'type': 'https://tools.ietf.org/html/rfc7231#section-6.5.1', 'title': 'One or more validation errors occurred.', 'status': 400, 'traceId': '00-e8adaa357394834694d39c1e935dce27-be074a3e35a973...</msg>
<status status="PASS" starttime="20250928 18:56:50.872" endtime="20250928 18:56:50.872"/>
</kw>
<kw name="Convert To String" library="BuiltIn">
<var>${Actual_Response_Body}</var>
<arg>${JSON_Response}</arg>
<doc>Converts the given item to a Unicode string.</doc>
<msg timestamp="20250928 18:56:50.872" level="INFO">${Actual_Response_Body} = ('PASS', {'type': 'https://tools.ietf.org/html/rfc7231#section-6.5.1', 'title': 'One or more validation errors occurred.', 'status': 400, 'traceId': '00-e8adaa357394834694d39c1e935dce27-be074a3e35a973...</msg>
<status status="PASS" starttime="20250928 18:56:50.872" endtime="20250928 18:56:50.872"/>
</kw>
<kw name="Set Global Variable" library="BuiltIn">
<arg>${Actual_Response_Body}</arg>
<doc>Makes a variable available globally in all tests and suites.</doc>
<msg timestamp="20250928 18:56:50.872" level="INFO">${Actual_Response_Body} = ('PASS', {'type': 'https://tools.ietf.org/html/rfc7231#section-6.5.1', 'title': 'One or more validation errors occurred.', 'status': 400, 'traceId': '00-e8adaa357394834694d39c1e935dce27-be074a3e35a973...</msg>
<status status="PASS" starttime="20250928 18:56:50.872" endtime="20250928 18:56:50.872"/>
</kw>
<status status="PASS" starttime="20250928 18:56:50.830" endtime="20250928 18:56:50.872"/>
</kw>
<status status="PASS" starttime="20250928 18:56:50.830" endtime="20250928 18:56:50.878"/>
</test>
<test id="s1-s1-t11" name="TC11 Delete Author With Non-Existing Id" line="100">
<kw name="DELETE On [/${API}/${VERSION}/Authors/ABC] Endpoint And Validate Status Code Is [400]" library="DELETE" sourcename="DELETE On [${THE_ENDPOINT}] Endpoint and Validate Status Code Is [${EXPECTED_STATUS_CODE}]">
<doc>Send delete request and validate status code</doc>
<kw name="DELETE On Session" library="RequestsLibrary">
<var>${Response}</var>
<arg>fakerestapi</arg>
<arg>url=${THE_ENDPOINT}</arg>
<arg>expected_status=${EXPECTED_STATUS_CODE}</arg>
<doc>Sends a DELETE request on a previously created HTTP Session.</doc>
<msg timestamp="20250928 18:56:50.921" level="INFO">DELETE Request : url=https://fakerestapi.azurewebsites.net/api/v1/Authors/ABC 
 path_url=/api/v1/Authors/ABC 
 headers={'User-Agent': 'python-requests/2.31.0', 'Accept-Encoding': 'gzip, deflate', 'Accept': '*/*', 'Connection': 'keep-alive', 'Content-Length': '0'} 
 body=None 
 </msg>
<msg timestamp="20250928 18:56:50.921" level="INFO">DELETE Response : url=https://fakerestapi.azurewebsites.net/api/v1/Authors/ABC 
 status=400, reason=Bad Request 
 headers={'Content-Type': 'application/problem+json; charset=utf-8', 'Date': 'Sun, 28 Sep 2025 16:56:49 GMT', 'Server': 'Kestrel', 'Transfer-Encoding': 'chunked'} 
 body={"type":"https://tools.ietf.org/html/rfc7231#section-6.5.1","title":"One or more validation errors occurred.","status":400,"traceId":"00-580e0a78dea8ca42ae43055735c8844f-5dbf9d29a555d64e-00","errors":{"id":["The value 'ABC' is not valid."]}} 
 </msg>
<msg timestamp="20250928 18:56:50.921" level="INFO">${Response} = &lt;Response [400]&gt;</msg>
<status status="PASS" starttime="20250928 18:56:50.878" endtime="20250928 18:56:50.921"/>
</kw>
<kw name="Run Keyword And Ignore Error" library="BuiltIn">
<var>${JSON_Response}</var>
<arg>Convert String To Json</arg>
<arg>${Response.content}</arg>
<doc>Runs the given keyword with the given arguments and ignores possible error.</doc>
<kw name="Convert String To Json" library="JSONLibrary">
<arg>${Response.content}</arg>
<doc>Convert String to JSON object</doc>
<status status="PASS" starttime="20250928 18:56:50.921" endtime="20250928 18:56:50.921"/>
</kw>
<msg timestamp="20250928 18:56:50.921" level="INFO">${JSON_Response} = ('PASS', {'type': 'https://tools.ietf.org/html/rfc7231#section-6.5.1', 'title': 'One or more validation errors occurred.', 'status': 400, 'traceId': '00-580e0a78dea8ca42ae43055735c8844f-5dbf9d29a555d6...</msg>
<status status="PASS" starttime="20250928 18:56:50.921" endtime="20250928 18:56:50.921"/>
</kw>
<kw name="Set Global Variable" library="BuiltIn">
<arg>${JSON_Response}</arg>
<doc>Makes a variable available globally in all tests and suites.</doc>
<msg timestamp="20250928 18:56:50.921" level="INFO">${JSON_Response} = ('PASS', {'type': 'https://tools.ietf.org/html/rfc7231#section-6.5.1', 'title': 'One or more validation errors occurred.', 'status': 400, 'traceId': '00-580e0a78dea8ca42ae43055735c8844f-5dbf9d29a555d6...</msg>
<status status="PASS" starttime="20250928 18:56:50.921" endtime="20250928 18:56:50.921"/>
</kw>
<kw name="Convert To String" library="BuiltIn">
<var>${Actual_Response_Body}</var>
<arg>${JSON_Response}</arg>
<doc>Converts the given item to a Unicode string.</doc>
<msg timestamp="20250928 18:56:50.921" level="INFO">${Actual_Response_Body} = ('PASS', {'type': 'https://tools.ietf.org/html/rfc7231#section-6.5.1', 'title': 'One or more validation errors occurred.', 'status': 400, 'traceId': '00-580e0a78dea8ca42ae43055735c8844f-5dbf9d29a555d6...</msg>
<status status="PASS" starttime="20250928 18:56:50.921" endtime="20250928 18:56:50.921"/>
</kw>
<kw name="Set Global Variable" library="BuiltIn">
<arg>${Actual_Response_Body}</arg>
<doc>Makes a variable available globally in all tests and suites.</doc>
<msg timestamp="20250928 18:56:50.921" level="INFO">${Actual_Response_Body} = ('PASS', {'type': 'https://tools.ietf.org/html/rfc7231#section-6.5.1', 'title': 'One or more validation errors occurred.', 'status': 400, 'traceId': '00-580e0a78dea8ca42ae43055735c8844f-5dbf9d29a555d6...</msg>
<status status="PASS" starttime="20250928 18:56:50.921" endtime="20250928 18:56:50.921"/>
</kw>
<status status="PASS" starttime="20250928 18:56:50.878" endtime="20250928 18:56:50.921"/>
</kw>
<status status="PASS" starttime="20250928 18:56:50.878" endtime="20250928 18:56:50.921"/>
</test>
<status status="PASS" starttime="20250928 18:56:49.218" endtime="20250928 18:56:50.921"/>
</suite>
<status status="PASS" starttime="20250928 18:56:49.193" endtime="20250928 18:56:50.921"/>
</suite>
<statistics>
<total>
<stat pass="11" fail="0" skip="0">All Tests</stat>
</total>
<tag>
</tag>
<suite>
<stat pass="11" fail="0" skip="0" id="s1" name="Tests">Tests</stat>
<stat pass="11" fail="0" skip="0" id="s1-s1" name="Authors">Tests.Authors</stat>
</suite>
</statistics>
<errors>
</errors>
</robot>
